------------------------------------------------------------------------------------------------------------------------

[2018-11-17 02:30:00 #1 store] 
Database 'C:\Users\Phijak\Desktop\KMITL-Cinema\db\CinemaODB.odb' is opened by 12180@GIGABYTE-PC

[2018-11-17 02:30:00 #2 store] 
Configuration path: ?

[2018-11-17 02:30:00 #3 type] 
Type cinema.Movie is not enhanced.

[2018-11-17 02:30:00 #4 type] 
Type cinema.User is not enhanced.

[2018-11-17 02:30:00 #5 type] 
Type cinema.Promotion is not enhanced.

[2018-11-17 02:30:00 #6 type] 
Type cinema.Theatre is not enhanced.

[2018-11-17 02:30:00 #7 type] 
Type cinema.Showtime is not enhanced.

[2018-11-17 02:30:00 #8 type] 
Type cinema.Seat is not enhanced.

[2018-11-17 02:30:00 #9 type] 
Type cinema.PairedSeat is not enhanced.

[2018-11-17 02:30:00 #10 type] 
Type cinema.HoneymoonSeat is not enhanced.

[2018-11-17 02:30:00 #11 type] 
Type cinema.NormalSeat is not enhanced.

[2018-11-17 02:30:00 #12 type] 
Type cinema.Booking is not enhanced.

[2018-11-17 02:30:00 #13 store] 
Database 'C:\Users\Phijak\Desktop\KMITL-Cinema\db\CinemaODB.odb' is closed by 12180@GIGABYTE-PC

[2018-11-17 02:30:00 #14 store] 
Database 'C:\Users\Phijak\Desktop\KMITL-Cinema\db\CinemaODB.odb' is opened by 12180@GIGABYTE-PC

[2018-11-17 02:30:00 #15 store] 
Configuration path: ?

[2018-11-17 02:30:00 #16 store] 
Database 'C:\Users\Phijak\Desktop\KMITL-Cinema\db\CinemaODB.odb' is closed by 12180@GIGABYTE-PC

[2018-11-17 02:30:00 #17 store] 
Database 'C:\Users\Phijak\Desktop\KMITL-Cinema\db\CinemaODB.odb' is opened by 12180@GIGABYTE-PC

[2018-11-17 02:30:00 #18 store] 
Configuration path: ?

[2018-11-17 02:30:00 #19 store] 
Database 'C:\Users\Phijak\Desktop\KMITL-Cinema\db\CinemaODB.odb' is closed by 12180@GIGABYTE-PC

[2018-11-17 02:30:00 #20 store] 
Database 'C:\Users\Phijak\Desktop\KMITL-Cinema\db\CinemaODB.odb' is opened by 12180@GIGABYTE-PC

[2018-11-17 02:30:00 #21 store] 
Configuration path: ?

[2018-11-17 02:30:00 #22 store] 
Database 'C:\Users\Phijak\Desktop\KMITL-Cinema\db\CinemaODB.odb' is closed by 12180@GIGABYTE-PC

[2018-11-17 02:30:00 #23 store] 
Database 'C:\Users\Phijak\Desktop\KMITL-Cinema\db\CinemaODB.odb' is opened by 12180@GIGABYTE-PC

[2018-11-17 02:30:00 #24 store] 
Configuration path: ?

[2018-11-17 02:30:00 #25 store] 
Database 'C:\Users\Phijak\Desktop\KMITL-Cinema\db\CinemaODB.odb' is closed by 12180@GIGABYTE-PC

[2018-11-17 02:30:00 #26 store] 
Database 'C:\Users\Phijak\Desktop\KMITL-Cinema\db\CinemaODB.odb' is opened by 12180@GIGABYTE-PC

[2018-11-17 02:30:00 #27 store] 
Configuration path: ?

[2018-11-17 02:30:00 #28 store] 
Database 'C:\Users\Phijak\Desktop\KMITL-Cinema\db\CinemaODB.odb' is closed by 12180@GIGABYTE-PC

