------------------------------------------------------------------------------------------------------------------------

[2018-11-14 00:02:31 #1 store] 
Database 'C:\Users\Phijak\Desktop\Cinema Database\db\CinemaDB.odb' is opened by 6372@GIGABYTE-PC

[2018-11-14 00:02:31 #2 store] 
Configuration path: C:\Users\Phijak\Desktop\Cinema Database\objectdb\objectdb.conf

[2018-11-14 00:02:31 #3 type] 
Type cinema.database.User is not enhanced.

[2018-11-14 00:02:31 #4 type] 
Type cinema.database.Promotion is not enhanced.

[2018-11-14 00:02:31 #5 store] 
Database 'C:\Users\Phijak\Desktop\Cinema Database\db\CinemaDB.odb' is closed by 6372@GIGABYTE-PC

------------------------------------------------------------------------------------------------------------------------

[2018-11-14 00:03:44 #1 store] 
Database 'C:\Users\Phijak\Desktop\Cinema Database\db\CinemaDB.odb' is opened by 9880@GIGABYTE-PC

[2018-11-14 00:03:44 #2 store] 
Configuration path: C:\Users\Phijak\Desktop\Cinema Database\objectdb\objectdb.conf

[2018-11-14 00:03:44 #3 type] 
Type cinema.database.User is not enhanced.

[2018-11-14 00:03:44 #4 type] 
Type cinema.database.Promotion is not enhanced.

[2018-11-14 00:03:44 #5 store] 
Database 'C:\Users\Phijak\Desktop\Cinema Database\db\CinemaDB.odb' is closed by 9880@GIGABYTE-PC

------------------------------------------------------------------------------------------------------------------------

[2018-11-14 00:11:12 #1 store] 
Database 'C:\Users\Phijak\Desktop\Cinema Database\db\CinemaDB.odb' is opened by 1796@GIGABYTE-PC

[2018-11-14 00:11:12 #2 store] 
Configuration path: C:\Users\Phijak\Desktop\Cinema Database\objectdb\objectdb.conf

[2018-11-14 00:11:12 #3 type] 
Type cinema.database.User is not enhanced.

[2018-11-14 00:11:12 #4 type] 
Type cinema.database.Promotion is not enhanced.

[2018-11-14 00:11:12 #5 store] 
Database 'C:\Users\Phijak\Desktop\Cinema Database\db\CinemaDB.odb' is closed by 1796@GIGABYTE-PC

------------------------------------------------------------------------------------------------------------------------

[2018-11-14 00:15:18 #1 store] 
Database 'C:\Users\Phijak\Desktop\Cinema Database\db\CinemaDB.odb' is opened by 11208@GIGABYTE-PC

[2018-11-14 00:15:18 #2 store] 
Configuration path: C:\Users\Phijak\Desktop\Cinema Database\objectdb\objectdb.conf

[2018-11-14 00:15:18 #3 type.registry] 
New type cinema.database.User

[2018-11-14 00:15:18 #4 type] 
Type cinema.database.User is not enhanced.

[2018-11-14 00:15:18 #5 type.registry] 
New type cinema.database.Promotion

[2018-11-14 00:15:18 #6 type] 
Type cinema.database.Promotion is not enhanced.

[2018-11-14 00:15:18 #7 type.registry] 
New type java.util.ArrayList<java.lang.Object>

[2018-11-14 00:15:18 #8 type.registry] 
New type java.util.ArrayList<cinema.database.Promotion>

[2018-11-14 00:15:18 #9 store] 
Database 'C:\Users\Phijak\Desktop\Cinema Database\db\CinemaDB.odb' is closed by 11208@GIGABYTE-PC

[2018-11-14 00:15:18 #10 store] 
Database 'C:\Users\Phijak\Desktop\Cinema Database\db\CinemaDB.odb' is opened by 11208@GIGABYTE-PC

[2018-11-14 00:15:18 #11 store] 
Configuration path: C:\Users\Phijak\Desktop\Cinema Database\objectdb\objectdb.conf

[2018-11-14 00:15:18 #12 store] 
Database 'C:\Users\Phijak\Desktop\Cinema Database\db\CinemaDB.odb' is closed by 11208@GIGABYTE-PC

------------------------------------------------------------------------------------------------------------------------

[2018-11-14 00:15:33 #1 store] 
Database 'C:\Users\Phijak\Desktop\Cinema Database\db\CinemaDB.odb' is opened by 5272@GIGABYTE-PC

[2018-11-14 00:15:33 #2 store] 
Configuration path: C:\Users\Phijak\Desktop\Cinema Database\objectdb\objectdb.conf

[2018-11-14 00:15:33 #3 type] 
Type cinema.database.User is not enhanced.

[2018-11-14 00:15:33 #4 type] 
Type cinema.database.Promotion is not enhanced.

[2018-11-14 00:15:33 #5 store] 
Database 'C:\Users\Phijak\Desktop\Cinema Database\db\CinemaDB.odb' is closed by 5272@GIGABYTE-PC

[2018-11-14 00:15:33 #6 store] 
Database 'C:\Users\Phijak\Desktop\Cinema Database\db\CinemaDB.odb' is opened by 5272@GIGABYTE-PC

[2018-11-14 00:15:33 #7 store] 
Configuration path: C:\Users\Phijak\Desktop\Cinema Database\objectdb\objectdb.conf

[2018-11-14 00:15:33 #8 store] 
Database 'C:\Users\Phijak\Desktop\Cinema Database\db\CinemaDB.odb' is closed by 5272@GIGABYTE-PC

[2018-11-14 00:15:33 #9 store] 
Database 'C:\Users\Phijak\Desktop\Cinema Database\db\CinemaDB.odb' is opened by 5272@GIGABYTE-PC

[2018-11-14 00:15:33 #10 store] 
Configuration path: C:\Users\Phijak\Desktop\Cinema Database\objectdb\objectdb.conf

[2018-11-14 00:15:33 #11 store] 
Database 'C:\Users\Phijak\Desktop\Cinema Database\db\CinemaDB.odb' is closed by 5272@GIGABYTE-PC

------------------------------------------------------------------------------------------------------------------------

[2018-11-14 00:15:38 #1 store] 
Database 'C:\Users\Phijak\Desktop\Cinema Database\db\CinemaDB.odb' is opened by 8112@GIGABYTE-PC

[2018-11-14 00:15:38 #2 store] 
Configuration path: C:\Users\Phijak\Desktop\Cinema Database\objectdb\objectdb.conf

[2018-11-14 00:15:38 #3 type] 
Type cinema.database.User is not enhanced.

[2018-11-14 00:15:38 #4 type] 
Type cinema.database.Promotion is not enhanced.

[2018-11-14 00:15:38 #5 store] 
Database 'C:\Users\Phijak\Desktop\Cinema Database\db\CinemaDB.odb' is closed by 8112@GIGABYTE-PC

[2018-11-14 00:15:38 #6 store] 
Database 'C:\Users\Phijak\Desktop\Cinema Database\db\CinemaDB.odb' is opened by 8112@GIGABYTE-PC

[2018-11-14 00:15:38 #7 store] 
Configuration path: C:\Users\Phijak\Desktop\Cinema Database\objectdb\objectdb.conf

[2018-11-14 00:15:38 #8 store] 
Database 'C:\Users\Phijak\Desktop\Cinema Database\db\CinemaDB.odb' is closed by 8112@GIGABYTE-PC

[2018-11-14 00:15:38 #9 store] 
Database 'C:\Users\Phijak\Desktop\Cinema Database\db\CinemaDB.odb' is opened by 8112@GIGABYTE-PC

[2018-11-14 00:15:38 #10 store] 
Configuration path: C:\Users\Phijak\Desktop\Cinema Database\objectdb\objectdb.conf

[2018-11-14 00:15:38 #11 store] 
Database 'C:\Users\Phijak\Desktop\Cinema Database\db\CinemaDB.odb' is closed by 8112@GIGABYTE-PC

------------------------------------------------------------------------------------------------------------------------

[2018-11-14 00:17:03 #1 store] 
Database 'C:\Users\Phijak\Desktop\Cinema Database\db\CinemaDB.odb' is opened by 13928@GIGABYTE-PC

[2018-11-14 00:17:03 #2 store] 
Configuration path: C:\Users\Phijak\Desktop\Cinema Database\objectdb\objectdb.conf

[2018-11-14 00:17:03 #3 type] 
Type cinema.database.User is not enhanced.

[2018-11-14 00:17:03 #4 type] 
Type cinema.database.Promotion is not enhanced.

[2018-11-14 00:17:03 #5 store] 
Database 'C:\Users\Phijak\Desktop\Cinema Database\db\CinemaDB.odb' is closed by 13928@GIGABYTE-PC

------------------------------------------------------------------------------------------------------------------------

[2018-11-14 00:17:32 #1 store] 
Database 'C:\Users\Phijak\Desktop\Cinema Database\db\CinemaDB.odb' is opened by 12132@GIGABYTE-PC

[2018-11-14 00:17:32 #2 store] 
Configuration path: C:\Users\Phijak\Desktop\Cinema Database\objectdb\objectdb.conf

[2018-11-14 00:17:32 #3 type] 
Type cinema.database.User is not enhanced.

[2018-11-14 00:17:32 #4 type] 
Type cinema.database.Promotion is not enhanced.

[2018-11-14 00:17:32 #5 store] 
Database 'C:\Users\Phijak\Desktop\Cinema Database\db\CinemaDB.odb' is closed by 12132@GIGABYTE-PC

[2018-11-14 00:17:32 #6 store] 
Database 'C:\Users\Phijak\Desktop\Cinema Database\db\CinemaDB.odb' is opened by 12132@GIGABYTE-PC

[2018-11-14 00:17:32 #7 store] 
Configuration path: C:\Users\Phijak\Desktop\Cinema Database\objectdb\objectdb.conf

[2018-11-14 00:17:32 #8 store] 
Database 'C:\Users\Phijak\Desktop\Cinema Database\db\CinemaDB.odb' is closed by 12132@GIGABYTE-PC

[2018-11-14 00:17:32 #9 store] 
Database 'C:\Users\Phijak\Desktop\Cinema Database\db\CinemaDB.odb' is opened by 12132@GIGABYTE-PC

[2018-11-14 00:17:32 #10 store] 
Configuration path: C:\Users\Phijak\Desktop\Cinema Database\objectdb\objectdb.conf

[2018-11-14 00:17:32 #11 store] 
Database 'C:\Users\Phijak\Desktop\Cinema Database\db\CinemaDB.odb' is closed by 12132@GIGABYTE-PC

[2018-11-14 00:17:32 #12 store] 
Database 'C:\Users\Phijak\Desktop\Cinema Database\db\CinemaDB.odb' is opened by 12132@GIGABYTE-PC

[2018-11-14 00:17:32 #13 store] 
Configuration path: C:\Users\Phijak\Desktop\Cinema Database\objectdb\objectdb.conf

[2018-11-14 00:17:32 #14 store] 
Database 'C:\Users\Phijak\Desktop\Cinema Database\db\CinemaDB.odb' is closed by 12132@GIGABYTE-PC

------------------------------------------------------------------------------------------------------------------------

[2018-11-14 00:19:13 #1 store] 
Database 'C:\Users\Phijak\Desktop\Cinema Database\db\CinemaDB.odb' is opened by 8124@GIGABYTE-PC

[2018-11-14 00:19:13 #2 store] 
Configuration path: C:\Users\Phijak\Desktop\Cinema Database\objectdb\objectdb.conf

[2018-11-14 00:19:13 #3 type] 
Type cinema.database.User is not enhanced.

[2018-11-14 00:19:13 #4 type] 
Type cinema.database.Promotion is not enhanced.

[2018-11-14 00:19:13 #5 store] 
Database 'C:\Users\Phijak\Desktop\Cinema Database\db\CinemaDB.odb' is closed by 8124@GIGABYTE-PC

[2018-11-14 00:19:13 #6 store] 
Database 'C:\Users\Phijak\Desktop\Cinema Database\db\CinemaDB.odb' is opened by 8124@GIGABYTE-PC

[2018-11-14 00:19:13 #7 store] 
Configuration path: C:\Users\Phijak\Desktop\Cinema Database\objectdb\objectdb.conf

[2018-11-14 00:19:13 #8 store] 
Database 'C:\Users\Phijak\Desktop\Cinema Database\db\CinemaDB.odb' is closed by 8124@GIGABYTE-PC

[2018-11-14 00:19:13 #9 store] 
Database 'C:\Users\Phijak\Desktop\Cinema Database\db\CinemaDB.odb' is opened by 8124@GIGABYTE-PC

[2018-11-14 00:19:13 #10 store] 
Configuration path: C:\Users\Phijak\Desktop\Cinema Database\objectdb\objectdb.conf

[2018-11-14 00:19:13 #11 store] 
Database 'C:\Users\Phijak\Desktop\Cinema Database\db\CinemaDB.odb' is closed by 8124@GIGABYTE-PC

[2018-11-14 00:19:13 #12 store] 
Database 'C:\Users\Phijak\Desktop\Cinema Database\db\CinemaDB.odb' is opened by 8124@GIGABYTE-PC

[2018-11-14 00:19:13 #13 store] 
Configuration path: C:\Users\Phijak\Desktop\Cinema Database\objectdb\objectdb.conf

[2018-11-14 00:19:13 #14 store] 
Database 'C:\Users\Phijak\Desktop\Cinema Database\db\CinemaDB.odb' is closed by 8124@GIGABYTE-PC

------------------------------------------------------------------------------------------------------------------------

[2018-11-14 00:20:26 #1 store] 
Database 'C:\Users\Phijak\Desktop\Cinema Database\db\CinemaDB.odb' is opened by 13412@GIGABYTE-PC

[2018-11-14 00:20:26 #2 store] 
Configuration path: C:\Users\Phijak\Desktop\Cinema Database\objectdb\objectdb.conf

[2018-11-14 00:20:26 #3 type] 
Type cinema.database.User is not enhanced.

[2018-11-14 00:20:26 #4 type] 
Type cinema.database.Promotion is not enhanced.

[2018-11-14 00:20:26 #5 store] 
Database 'C:\Users\Phijak\Desktop\Cinema Database\db\CinemaDB.odb' is closed by 13412@GIGABYTE-PC

[2018-11-14 00:20:26 #6 store] 
Database 'C:\Users\Phijak\Desktop\Cinema Database\db\CinemaDB.odb' is opened by 13412@GIGABYTE-PC

[2018-11-14 00:20:26 #7 store] 
Configuration path: C:\Users\Phijak\Desktop\Cinema Database\objectdb\objectdb.conf

[2018-11-14 00:20:26 #8 store] 
Database 'C:\Users\Phijak\Desktop\Cinema Database\db\CinemaDB.odb' is closed by 13412@GIGABYTE-PC

------------------------------------------------------------------------------------------------------------------------

[2018-11-14 00:28:33 #1 store] 
Database 'C:\Users\Phijak\Desktop\Cinema Database\db\CinemaDB.odb' is opened by 12468@GIGABYTE-PC

[2018-11-14 00:28:33 #2 store] 
Configuration path: C:\Users\Phijak\Desktop\Cinema Database\objectdb\objectdb.conf

[2018-11-14 00:28:33 #3 type] 
Type cinema.database.User is not enhanced.

[2018-11-14 00:28:33 #4 type] 
Type cinema.database.Promotion is not enhanced.

[2018-11-14 00:28:33 #5 store] 
Database 'C:\Users\Phijak\Desktop\Cinema Database\db\CinemaDB.odb' is closed by 12468@GIGABYTE-PC

[2018-11-14 00:28:33 #6 store] 
Database 'C:\Users\Phijak\Desktop\Cinema Database\db\CinemaDB.odb' is opened by 12468@GIGABYTE-PC

[2018-11-14 00:28:33 #7 store] 
Configuration path: C:\Users\Phijak\Desktop\Cinema Database\objectdb\objectdb.conf

[2018-11-14 00:28:33 #8 store] 
Database 'C:\Users\Phijak\Desktop\Cinema Database\db\CinemaDB.odb' is closed by 12468@GIGABYTE-PC

------------------------------------------------------------------------------------------------------------------------

[2018-11-14 00:29:11 #1 store] 
Database 'C:\Users\Phijak\Desktop\Cinema Database\db\CinemaDB.odb' is opened by 9664@GIGABYTE-PC

[2018-11-14 00:29:11 #2 store] 
Configuration path: C:\Users\Phijak\Desktop\Cinema Database\objectdb\objectdb.conf

[2018-11-14 00:29:11 #3 type] 
Type cinema.database.User is not enhanced.

[2018-11-14 00:29:11 #4 type] 
Type cinema.database.Promotion is not enhanced.

[2018-11-14 00:29:11 #5 store] 
Database 'C:\Users\Phijak\Desktop\Cinema Database\db\CinemaDB.odb' is closed by 9664@GIGABYTE-PC

[2018-11-14 00:29:11 #6 store] 
Database 'C:\Users\Phijak\Desktop\Cinema Database\db\CinemaDB.odb' is opened by 9664@GIGABYTE-PC

[2018-11-14 00:29:11 #7 store] 
Configuration path: C:\Users\Phijak\Desktop\Cinema Database\objectdb\objectdb.conf

[2018-11-14 00:29:11 #8 store] 
Database 'C:\Users\Phijak\Desktop\Cinema Database\db\CinemaDB.odb' is closed by 9664@GIGABYTE-PC

------------------------------------------------------------------------------------------------------------------------

[2018-11-14 00:30:45 #1 store] 
Database 'C:\Users\Phijak\Desktop\Cinema Database\db\CinemaDB.odb' is opened by 15884@GIGABYTE-PC

[2018-11-14 00:30:45 #2 store] 
Configuration path: C:\Users\Phijak\Desktop\Cinema Database\objectdb\objectdb.conf

[2018-11-14 00:30:45 #3 type.registry] 
New type cinema.database.User

[2018-11-14 00:30:45 #4 type] 
Type cinema.database.User is not enhanced.

[2018-11-14 00:30:45 #5 type.registry] 
New type cinema.database.Promotion

[2018-11-14 00:30:45 #6 type] 
Type cinema.database.Promotion is not enhanced.

[2018-11-14 00:30:45 #7 type.registry] 
New type java.util.ArrayList<java.lang.Object>

[2018-11-14 00:30:45 #8 type.registry] 
New type java.util.ArrayList<cinema.database.Promotion>

[2018-11-14 00:30:45 #9 store] 
Database 'C:\Users\Phijak\Desktop\Cinema Database\db\CinemaDB.odb' is closed by 15884@GIGABYTE-PC

------------------------------------------------------------------------------------------------------------------------

[2018-11-14 00:31:10 #1 store] 
Database 'C:\Users\Phijak\Desktop\Cinema Database\db\CinemaDB.odb' is opened by 3992@GIGABYTE-PC

[2018-11-14 00:31:10 #2 store] 
Configuration path: C:\Users\Phijak\Desktop\Cinema Database\objectdb\objectdb.conf

[2018-11-14 00:31:10 #3 type] 
Type cinema.database.User is not enhanced.

[2018-11-14 00:31:10 #4 type] 
Type cinema.database.Promotion is not enhanced.

[2018-11-14 00:31:10 #5 store] 
Database 'C:\Users\Phijak\Desktop\Cinema Database\db\CinemaDB.odb' is closed by 3992@GIGABYTE-PC

[2018-11-14 00:31:10 #6 store] 
Database 'C:\Users\Phijak\Desktop\Cinema Database\db\CinemaDB.odb' is opened by 3992@GIGABYTE-PC

[2018-11-14 00:31:10 #7 store] 
Configuration path: C:\Users\Phijak\Desktop\Cinema Database\objectdb\objectdb.conf

[2018-11-14 00:31:10 #8 store] 
Database 'C:\Users\Phijak\Desktop\Cinema Database\db\CinemaDB.odb' is closed by 3992@GIGABYTE-PC

------------------------------------------------------------------------------------------------------------------------

[2018-11-14 00:31:54 #1 store] 
Database 'C:\Users\Phijak\Desktop\Cinema Database\db\CinemaDB.odb' is opened by 16912@GIGABYTE-PC

[2018-11-14 00:31:54 #2 store] 
Configuration path: C:\Users\Phijak\Desktop\Cinema Database\objectdb\objectdb.conf

[2018-11-14 00:31:54 #3 type] 
Type cinema.database.User is not enhanced.

[2018-11-14 00:31:54 #4 type] 
Type cinema.database.Promotion is not enhanced.

[2018-11-14 00:31:54 #5 store] 
Database 'C:\Users\Phijak\Desktop\Cinema Database\db\CinemaDB.odb' is closed by 16912@GIGABYTE-PC

[2018-11-14 00:31:54 #6 store] 
Database 'C:\Users\Phijak\Desktop\Cinema Database\db\CinemaDB.odb' is opened by 16912@GIGABYTE-PC

[2018-11-14 00:31:54 #7 store] 
Configuration path: C:\Users\Phijak\Desktop\Cinema Database\objectdb\objectdb.conf

[2018-11-14 00:31:54 #8 store] 
Database 'C:\Users\Phijak\Desktop\Cinema Database\db\CinemaDB.odb' is closed by 16912@GIGABYTE-PC

[2018-11-14 00:31:54 #9 store] 
Database 'C:\Users\Phijak\Desktop\Cinema Database\db\CinemaDB.odb' is opened by 16912@GIGABYTE-PC

[2018-11-14 00:31:54 #10 store] 
Configuration path: C:\Users\Phijak\Desktop\Cinema Database\objectdb\objectdb.conf

[2018-11-14 00:31:54 #11 store] 
Database 'C:\Users\Phijak\Desktop\Cinema Database\db\CinemaDB.odb' is closed by 16912@GIGABYTE-PC

[2018-11-14 00:31:54 #12 store] 
Database 'C:\Users\Phijak\Desktop\Cinema Database\db\CinemaDB.odb' is opened by 16912@GIGABYTE-PC

[2018-11-14 00:31:54 #13 store] 
Configuration path: C:\Users\Phijak\Desktop\Cinema Database\objectdb\objectdb.conf

[2018-11-14 00:31:54 #14 store] 
Database 'C:\Users\Phijak\Desktop\Cinema Database\db\CinemaDB.odb' is closed by 16912@GIGABYTE-PC

[2018-11-14 00:31:54 #15 store] 
Database 'C:\Users\Phijak\Desktop\Cinema Database\db\CinemaDB.odb' is opened by 16912@GIGABYTE-PC

[2018-11-14 00:31:54 #16 store] 
Configuration path: C:\Users\Phijak\Desktop\Cinema Database\objectdb\objectdb.conf

[2018-11-14 00:31:54 #17 store] 
Database 'C:\Users\Phijak\Desktop\Cinema Database\db\CinemaDB.odb' is closed by 16912@GIGABYTE-PC

[2018-11-14 00:31:54 #18 store] 
Database 'C:\Users\Phijak\Desktop\Cinema Database\db\CinemaDB.odb' is opened by 16912@GIGABYTE-PC

[2018-11-14 00:31:54 #19 store] 
Configuration path: C:\Users\Phijak\Desktop\Cinema Database\objectdb\objectdb.conf

[2018-11-14 00:31:54 #20 store] 
Database 'C:\Users\Phijak\Desktop\Cinema Database\db\CinemaDB.odb' is closed by 16912@GIGABYTE-PC

------------------------------------------------------------------------------------------------------------------------

[2018-11-14 00:32:51 #1 store] 
Database 'C:\Users\Phijak\Desktop\Cinema Database\db\CinemaDB.odb' is opened by 6844@GIGABYTE-PC

[2018-11-14 00:32:51 #2 store] 
Configuration path: C:\Users\Phijak\Desktop\Cinema Database\objectdb\objectdb.conf

[2018-11-14 00:32:51 #3 type] 
Type cinema.database.User is not enhanced.

[2018-11-14 00:32:51 #4 type] 
Type cinema.database.Promotion is not enhanced.

[2018-11-14 00:32:51 #5 store] 
Database 'C:\Users\Phijak\Desktop\Cinema Database\db\CinemaDB.odb' is closed by 6844@GIGABYTE-PC

------------------------------------------------------------------------------------------------------------------------

[2018-11-14 00:33:22 #1 store] 
Database 'C:\Users\Phijak\Desktop\Cinema Database\db\CinemaDB.odb' is opened by 4480@GIGABYTE-PC

[2018-11-14 00:33:22 #2 store] 
Configuration path: C:\Users\Phijak\Desktop\Cinema Database\objectdb\objectdb.conf

[2018-11-14 00:33:22 #3 type] 
Type cinema.database.User is not enhanced.

[2018-11-14 00:33:22 #4 type] 
Type cinema.database.Promotion is not enhanced.

[2018-11-14 00:33:22 #5 store] 
Database 'C:\Users\Phijak\Desktop\Cinema Database\db\CinemaDB.odb' is closed by 4480@GIGABYTE-PC

------------------------------------------------------------------------------------------------------------------------

[2018-11-14 00:33:52 #1 store] 
Database 'C:\Users\Phijak\Desktop\Cinema Database\db\CinemaDB.odb' is opened by 3904@GIGABYTE-PC

[2018-11-14 00:33:52 #2 store] 
Configuration path: C:\Users\Phijak\Desktop\Cinema Database\objectdb\objectdb.conf

[2018-11-14 00:33:52 #3 type] 
Type cinema.database.User is not enhanced.

[2018-11-14 00:33:52 #4 type] 
Type cinema.database.Promotion is not enhanced.

[2018-11-14 00:33:52 #5 store] 
Database 'C:\Users\Phijak\Desktop\Cinema Database\db\CinemaDB.odb' is closed by 3904@GIGABYTE-PC

------------------------------------------------------------------------------------------------------------------------

[2018-11-14 00:47:53 #1 store] 
Database 'C:\Users\Phijak\Desktop\Cinema Database\objectdb\db\CinemaODB.odb' is opened by 16688@GIGABYTE-PC

[2018-11-14 00:47:53 #2 store] 
Configuration path: C:\Users\Phijak\Desktop\Cinema Database\objectdb\objectdb.conf

[2018-11-14 00:47:53 #3 type.registry] 
New type cinema.database.User

[2018-11-14 00:47:53 #4 type] 
Type cinema.database.User is not enhanced.

[2018-11-14 00:47:53 #5 type.registry] 
New type cinema.database.Promotion

[2018-11-14 00:47:53 #6 type] 
Type cinema.database.Promotion is not enhanced.

[2018-11-14 00:47:53 #7 type.registry] 
New type java.util.ArrayList<java.lang.Object>

[2018-11-14 00:47:53 #8 type.registry] 
New type java.util.ArrayList<cinema.database.Promotion>

[2018-11-14 00:47:53 #9 store] 
Database 'C:\Users\Phijak\Desktop\Cinema Database\objectdb\db\CinemaODB.odb' is closed by 16688@GIGABYTE-PC

------------------------------------------------------------------------------------------------------------------------

[2018-11-14 00:47:59 #1 store] 
Database 'C:\Users\Phijak\Desktop\Cinema Database\objectdb\db\CinemaODB.odb' is opened by 16376@GIGABYTE-PC

[2018-11-14 00:47:59 #2 store] 
Configuration path: C:\Users\Phijak\Desktop\Cinema Database\objectdb\objectdb.conf

[2018-11-14 00:48:03 #3 type.registry] 
New type java.lang.Object[]

[2018-11-14 00:48:23 #4 store] 
Database 'C:\Users\Phijak\Desktop\Cinema Database\objectdb\db\CinemaODB.odb' is closed by 16376@GIGABYTE-PC

------------------------------------------------------------------------------------------------------------------------

[2018-11-14 00:48:46 #1 store] 
Database 'C:\Users\Phijak\Desktop\Cinema Database\objectdb\db\CinemaODB.odb' is opened by 11480@GIGABYTE-PC

[2018-11-14 00:48:46 #2 store] 
Configuration path: C:\Users\Phijak\Desktop\Cinema Database\objectdb\objectdb.conf

[2018-11-14 00:48:46 #3 type] 
Type cinema.database.User is not enhanced.

[2018-11-14 00:48:46 #4 type] 
Type cinema.database.Promotion is not enhanced.

[2018-11-14 00:48:46 #5 store] 
Database 'C:\Users\Phijak\Desktop\Cinema Database\objectdb\db\CinemaODB.odb' is closed by 11480@GIGABYTE-PC

[2018-11-14 00:48:46 #6 store] 
Database 'C:\Users\Phijak\Desktop\Cinema Database\objectdb\db\CinemaODB.odb' is opened by 11480@GIGABYTE-PC

[2018-11-14 00:48:46 #7 store] 
Configuration path: C:\Users\Phijak\Desktop\Cinema Database\objectdb\objectdb.conf

[2018-11-14 00:48:46 #8 store] 
Database 'C:\Users\Phijak\Desktop\Cinema Database\objectdb\db\CinemaODB.odb' is closed by 11480@GIGABYTE-PC

------------------------------------------------------------------------------------------------------------------------

[2018-11-14 00:48:48 #1 store] 
Database 'C:\Users\Phijak\Desktop\Cinema Database\objectdb\db\CinemaODB.odb' is opened by 12208@GIGABYTE-PC

[2018-11-14 00:48:48 #2 store] 
Configuration path: C:\Users\Phijak\Desktop\Cinema Database\objectdb\objectdb.conf

[2018-11-14 00:49:21 #3 store] 
Database 'C:\Users\Phijak\Desktop\Cinema Database\objectdb\db\CinemaODB.odb' is closed by 12208@GIGABYTE-PC

------------------------------------------------------------------------------------------------------------------------

[2018-11-14 00:49:39 #1 store] 
Database 'C:\Users\Phijak\Desktop\Cinema Database\objectdb\db\CinemaODB.odb' is opened by 6640@GIGABYTE-PC

[2018-11-14 00:49:39 #2 store] 
Configuration path: C:\Users\Phijak\Desktop\Cinema Database\objectdb\objectdb.conf

[2018-11-14 00:49:39 #3 type] 
Type cinema.database.User is not enhanced.

[2018-11-14 00:49:39 #4 type] 
Type cinema.database.Promotion is not enhanced.

[2018-11-14 00:49:39 #5 store] 
Database 'C:\Users\Phijak\Desktop\Cinema Database\objectdb\db\CinemaODB.odb' is closed by 6640@GIGABYTE-PC

[2018-11-14 00:49:39 #6 store] 
Database 'C:\Users\Phijak\Desktop\Cinema Database\objectdb\db\CinemaODB.odb' is opened by 6640@GIGABYTE-PC

[2018-11-14 00:49:39 #7 store] 
Configuration path: C:\Users\Phijak\Desktop\Cinema Database\objectdb\objectdb.conf

[2018-11-14 00:49:39 #8 store] 
Database 'C:\Users\Phijak\Desktop\Cinema Database\objectdb\db\CinemaODB.odb' is closed by 6640@GIGABYTE-PC

------------------------------------------------------------------------------------------------------------------------

[2018-11-14 00:49:42 #1 store] 
Database 'C:\Users\Phijak\Desktop\Cinema Database\objectdb\db\CinemaODB.odb' is opened by 13772@GIGABYTE-PC

[2018-11-14 00:49:42 #2 store] 
Configuration path: C:\Users\Phijak\Desktop\Cinema Database\objectdb\objectdb.conf

[2018-11-14 00:50:07 #3 store] 
Database 'C:\Users\Phijak\Desktop\Cinema Database\objectdb\db\CinemaODB.odb' is closed by 13772@GIGABYTE-PC

------------------------------------------------------------------------------------------------------------------------

[2018-11-14 00:50:26 #1 store] 
Database 'C:\Users\Phijak\Desktop\Cinema Database\objectdb\db\CinemaODB.odb' is opened by 5668@GIGABYTE-PC

[2018-11-14 00:50:26 #2 store] 
Configuration path: C:\Users\Phijak\Desktop\Cinema Database\objectdb\objectdb.conf

[2018-11-14 00:50:26 #3 type] 
Type cinema.database.User is not enhanced.

[2018-11-14 00:50:26 #4 type] 
Type cinema.database.Promotion is not enhanced.

[2018-11-14 00:50:26 #5 store] 
Database 'C:\Users\Phijak\Desktop\Cinema Database\objectdb\db\CinemaODB.odb' is closed by 5668@GIGABYTE-PC

------------------------------------------------------------------------------------------------------------------------

[2018-11-14 00:50:48 #1 store] 
Database 'C:\Users\Phijak\Desktop\Cinema Database\objectdb\db\CinemaODB.odb' is opened by 6384@GIGABYTE-PC

[2018-11-14 00:50:48 #2 store] 
Configuration path: C:\Users\Phijak\Desktop\Cinema Database\objectdb\objectdb.conf

[2018-11-14 00:50:48 #3 type] 
Type cinema.database.User is not enhanced.

[2018-11-14 00:50:48 #4 type] 
Type cinema.database.Promotion is not enhanced.

[2018-11-14 00:50:48 #5 store] 
Database 'C:\Users\Phijak\Desktop\Cinema Database\objectdb\db\CinemaODB.odb' is closed by 6384@GIGABYTE-PC

------------------------------------------------------------------------------------------------------------------------

[2018-11-14 00:51:37 #1 store] 
Database 'C:\Users\Phijak\Desktop\Cinema Database\objectdb\db\CinemaODB.odb' is opened by 3092@GIGABYTE-PC

[2018-11-14 00:51:37 #2 store] 
Configuration path: C:\Users\Phijak\Desktop\Cinema Database\objectdb\objectdb.conf

[2018-11-14 00:51:37 #3 type] 
Type cinema.database.User is not enhanced.

[2018-11-14 00:51:37 #4 type] 
Type cinema.database.Promotion is not enhanced.

[2018-11-14 00:51:38 #5 store] 
Database 'C:\Users\Phijak\Desktop\Cinema Database\objectdb\db\CinemaODB.odb' is closed by 3092@GIGABYTE-PC

------------------------------------------------------------------------------------------------------------------------

[2018-11-14 00:51:43 #1 store] 
Database 'C:\Users\Phijak\Desktop\Cinema Database\objectdb\db\CinemaODB.odb' is opened by 8524@GIGABYTE-PC

[2018-11-14 00:51:43 #2 store] 
Configuration path: C:\Users\Phijak\Desktop\Cinema Database\objectdb\objectdb.conf

[2018-11-14 00:51:43 #3 type] 
Type cinema.database.User is not enhanced.

[2018-11-14 00:51:43 #4 type] 
Type cinema.database.Promotion is not enhanced.

[2018-11-14 00:51:44 #5 store] 
Database 'C:\Users\Phijak\Desktop\Cinema Database\objectdb\db\CinemaODB.odb' is closed by 8524@GIGABYTE-PC

------------------------------------------------------------------------------------------------------------------------

[2018-11-14 00:52:25 #1 store] 
Database 'C:\Users\Phijak\Desktop\Cinema Database\objectdb\db\CinemaODB.odb' is opened by 8532@GIGABYTE-PC

[2018-11-14 00:52:25 #2 store] 
Configuration path: C:\Users\Phijak\Desktop\Cinema Database\objectdb\objectdb.conf

[2018-11-14 00:52:25 #3 type] 
Type cinema.database.User is not enhanced.

[2018-11-14 00:52:25 #4 type] 
Type cinema.database.Promotion is not enhanced.

[2018-11-14 00:52:25 #5 store] 
Database 'C:\Users\Phijak\Desktop\Cinema Database\objectdb\db\CinemaODB.odb' is closed by 8532@GIGABYTE-PC

------------------------------------------------------------------------------------------------------------------------

[2018-11-14 00:52:51 #1 store] 
Database 'C:\Users\Phijak\Desktop\Cinema Database\objectdb\db\CinemaODB.odb' is opened by 7796@GIGABYTE-PC

[2018-11-14 00:52:51 #2 store] 
Configuration path: C:\Users\Phijak\Desktop\Cinema Database\objectdb\objectdb.conf

[2018-11-14 00:52:51 #3 type] 
Type cinema.database.User is not enhanced.

[2018-11-14 00:52:51 #4 type] 
Type cinema.database.Promotion is not enhanced.

[2018-11-14 00:52:51 #5 store] 
Database 'C:\Users\Phijak\Desktop\Cinema Database\objectdb\db\CinemaODB.odb' is closed by 7796@GIGABYTE-PC

------------------------------------------------------------------------------------------------------------------------

[2018-11-14 00:54:02 #1 store] 
Database 'C:\Users\Phijak\Desktop\Cinema Database\objectdb\db\CinemaODB.odb' is opened by 3304@GIGABYTE-PC

[2018-11-14 00:54:02 #2 store] 
Configuration path: C:\Users\Phijak\Desktop\Cinema Database\objectdb\objectdb.conf

[2018-11-14 00:54:02 #3 type] 
Type cinema.database.User is not enhanced.

[2018-11-14 00:54:02 #4 type] 
Type cinema.database.Promotion is not enhanced.

[2018-11-14 00:54:02 #5 store] 
Database 'C:\Users\Phijak\Desktop\Cinema Database\objectdb\db\CinemaODB.odb' is closed by 3304@GIGABYTE-PC

[2018-11-14 00:54:02 #6 store] 
Database 'C:\Users\Phijak\Desktop\Cinema Database\objectdb\db\CinemaODB.odb' is opened by 3304@GIGABYTE-PC

[2018-11-14 00:54:02 #7 store] 
Configuration path: C:\Users\Phijak\Desktop\Cinema Database\objectdb\objectdb.conf

[2018-11-14 00:54:02 #8 store] 
Database 'C:\Users\Phijak\Desktop\Cinema Database\objectdb\db\CinemaODB.odb' is closed by 3304@GIGABYTE-PC

------------------------------------------------------------------------------------------------------------------------

[2018-11-14 00:54:04 #1 store] 
Database 'C:\Users\Phijak\Desktop\Cinema Database\objectdb\db\CinemaODB.odb' is opened by 13752@GIGABYTE-PC

[2018-11-14 00:54:04 #2 store] 
Configuration path: C:\Users\Phijak\Desktop\Cinema Database\objectdb\objectdb.conf

[2018-11-14 00:54:10 #3 store] 
Database 'C:\Users\Phijak\Desktop\Cinema Database\objectdb\db\CinemaODB.odb' is closed by 13752@GIGABYTE-PC

------------------------------------------------------------------------------------------------------------------------

[2018-11-14 00:54:19 #1 store] 
Database 'C:\Users\Phijak\Desktop\Cinema Database\objectdb\db\CinemaODB.odb' is opened by 11256@GIGABYTE-PC

[2018-11-14 00:54:19 #2 store] 
Configuration path: C:\Users\Phijak\Desktop\Cinema Database\objectdb\objectdb.conf

[2018-11-14 00:54:19 #3 type] 
Type cinema.database.User is not enhanced.

[2018-11-14 00:54:19 #4 type] 
Type cinema.database.Promotion is not enhanced.

[2018-11-14 00:54:19 #5 store] 
Database 'C:\Users\Phijak\Desktop\Cinema Database\objectdb\db\CinemaODB.odb' is closed by 11256@GIGABYTE-PC

------------------------------------------------------------------------------------------------------------------------

[2018-11-14 00:54:20 #1 store] 
Database 'C:\Users\Phijak\Desktop\Cinema Database\objectdb\db\CinemaODB.odb' is opened by 6952@GIGABYTE-PC

[2018-11-14 00:54:20 #2 store] 
Configuration path: C:\Users\Phijak\Desktop\Cinema Database\objectdb\objectdb.conf

[2018-11-14 00:54:20 #3 type] 
Type cinema.database.User is not enhanced.

[2018-11-14 00:54:20 #4 type] 
Type cinema.database.Promotion is not enhanced.

[2018-11-14 00:54:20 #5 store] 
Database 'C:\Users\Phijak\Desktop\Cinema Database\objectdb\db\CinemaODB.odb' is closed by 6952@GIGABYTE-PC

------------------------------------------------------------------------------------------------------------------------

[2018-11-14 00:54:23 #1 store] 
Database 'C:\Users\Phijak\Desktop\Cinema Database\objectdb\db\CinemaODB.odb' is opened by 5924@GIGABYTE-PC

[2018-11-14 00:54:23 #2 store] 
Configuration path: C:\Users\Phijak\Desktop\Cinema Database\objectdb\objectdb.conf

[2018-11-14 00:54:30 #3 store] 
Database 'C:\Users\Phijak\Desktop\Cinema Database\objectdb\db\CinemaODB.odb' is closed by 5924@GIGABYTE-PC

------------------------------------------------------------------------------------------------------------------------

[2018-11-14 00:55:01 #1 store] 
Database 'C:\Users\Phijak\Desktop\Cinema Database\objectdb\db\CinemaODB.odb' is opened by 2628@GIGABYTE-PC

[2018-11-14 00:55:01 #2 store] 
Configuration path: C:\Users\Phijak\Desktop\Cinema Database\objectdb\objectdb.conf

[2018-11-14 00:55:01 #3 type] 
Type cinema.database.User is not enhanced.

[2018-11-14 00:55:01 #4 type] 
Type cinema.database.Promotion is not enhanced.

[2018-11-14 00:55:01 #5 store] 
Database 'C:\Users\Phijak\Desktop\Cinema Database\objectdb\db\CinemaODB.odb' is closed by 2628@GIGABYTE-PC

------------------------------------------------------------------------------------------------------------------------

[2018-11-14 00:55:49 #1 store] 
Database 'C:\Users\Phijak\Desktop\Cinema Database\objectdb\db\CinemaODB.odb' is opened by 17328@GIGABYTE-PC

[2018-11-14 00:55:49 #2 store] 
Configuration path: C:\Users\Phijak\Desktop\Cinema Database\objectdb\objectdb.conf

[2018-11-14 00:55:49 #3 type] 
Type cinema.database.User is not enhanced.

[2018-11-14 00:55:49 #4 type] 
Type cinema.database.Promotion is not enhanced.

[2018-11-14 00:55:49 #5 store] 
Database 'C:\Users\Phijak\Desktop\Cinema Database\objectdb\db\CinemaODB.odb' is closed by 17328@GIGABYTE-PC

------------------------------------------------------------------------------------------------------------------------

[2018-11-14 00:56:26 #1 store] 
Database 'C:\Users\Phijak\Desktop\Cinema Database\objectdb\db\CinemaODB.odb' is opened by 2808@GIGABYTE-PC

[2018-11-14 00:56:26 #2 store] 
Configuration path: C:\Users\Phijak\Desktop\Cinema Database\objectdb\objectdb.conf

[2018-11-14 00:56:26 #3 type] 
Type cinema.database.User is not enhanced.

[2018-11-14 00:56:26 #4 type] 
Type cinema.database.Promotion is not enhanced.

[2018-11-14 00:56:26 #5 store] 
Database 'C:\Users\Phijak\Desktop\Cinema Database\objectdb\db\CinemaODB.odb' is closed by 2808@GIGABYTE-PC

------------------------------------------------------------------------------------------------------------------------

[2018-11-14 00:57:52 #1 store] 
Database 'C:\Users\Phijak\Desktop\Cinema Database\objectdb\db\CinemaODB.odb' is opened by 1780@GIGABYTE-PC

[2018-11-14 00:57:52 #2 store] 
Configuration path: C:\Users\Phijak\Desktop\Cinema Database\objectdb\objectdb.conf

[2018-11-14 00:57:52 #3 type] 
Type cinema.database.User is not enhanced.

[2018-11-14 00:57:52 #4 type] 
Type cinema.database.Promotion is not enhanced.

[2018-11-14 00:57:52 #5 store] 
Database 'C:\Users\Phijak\Desktop\Cinema Database\objectdb\db\CinemaODB.odb' is closed by 1780@GIGABYTE-PC

[2018-11-14 00:57:52 #6 store] 
Database 'C:\Users\Phijak\Desktop\Cinema Database\objectdb\db\CinemaODB.odb' is opened by 1780@GIGABYTE-PC

[2018-11-14 00:57:52 #7 store] 
Configuration path: C:\Users\Phijak\Desktop\Cinema Database\objectdb\objectdb.conf

[2018-11-14 00:57:52 #8 store] 
Database 'C:\Users\Phijak\Desktop\Cinema Database\objectdb\db\CinemaODB.odb' is closed by 1780@GIGABYTE-PC

------------------------------------------------------------------------------------------------------------------------

[2018-11-14 00:58:19 #1 store] 
Database 'C:\Users\Phijak\Desktop\Cinema Database\objectdb\db\CinemaODB.odb' is opened by 13388@GIGABYTE-PC

[2018-11-14 00:58:19 #2 store] 
Configuration path: C:\Users\Phijak\Desktop\Cinema Database\objectdb\objectdb.conf

[2018-11-14 00:58:19 #3 type] 
Type cinema.database.User is not enhanced.

[2018-11-14 00:58:19 #4 type] 
Type cinema.database.Promotion is not enhanced.

[2018-11-14 00:58:19 #5 store] 
Database 'C:\Users\Phijak\Desktop\Cinema Database\objectdb\db\CinemaODB.odb' is closed by 13388@GIGABYTE-PC

------------------------------------------------------------------------------------------------------------------------

[2018-11-14 00:58:25 #1 store] 
Database 'C:\Users\Phijak\Desktop\Cinema Database\objectdb\db\CinemaODB.odb' is opened by 12932@GIGABYTE-PC

[2018-11-14 00:58:25 #2 store] 
Configuration path: C:\Users\Phijak\Desktop\Cinema Database\objectdb\objectdb.conf

[2018-11-14 00:58:25 #3 type] 
Type cinema.database.User is not enhanced.

[2018-11-14 00:58:25 #4 type] 
Type cinema.database.Promotion is not enhanced.

[2018-11-14 00:58:26 #5 store] 
Database 'C:\Users\Phijak\Desktop\Cinema Database\objectdb\db\CinemaODB.odb' is closed by 12932@GIGABYTE-PC

------------------------------------------------------------------------------------------------------------------------

[2018-11-14 00:58:50 #1 store] 
Database 'C:\Users\Phijak\Desktop\Cinema Database\objectdb\db\CinemaODB.odb' is opened by 10784@GIGABYTE-PC

[2018-11-14 00:58:50 #2 store] 
Configuration path: C:\Users\Phijak\Desktop\Cinema Database\objectdb\objectdb.conf

[2018-11-14 00:58:50 #3 type] 
Type cinema.database.User is not enhanced.

[2018-11-14 00:58:50 #4 type] 
Type cinema.database.Promotion is not enhanced.

[2018-11-14 00:58:50 #5 store] 
Database 'C:\Users\Phijak\Desktop\Cinema Database\objectdb\db\CinemaODB.odb' is closed by 10784@GIGABYTE-PC

------------------------------------------------------------------------------------------------------------------------

[2018-11-14 00:59:17 #1 store] 
Database 'C:\Users\Phijak\Desktop\Cinema Database\objectdb\db\CinemaODB.odb' is opened by 3672@GIGABYTE-PC

[2018-11-14 00:59:17 #2 store] 
Configuration path: C:\Users\Phijak\Desktop\Cinema Database\objectdb\objectdb.conf

[2018-11-14 00:59:17 #3 type] 
Type cinema.database.User is not enhanced.

[2018-11-14 00:59:17 #4 type] 
Type cinema.database.Promotion is not enhanced.

[2018-11-14 00:59:17 #5 store] 
Database 'C:\Users\Phijak\Desktop\Cinema Database\objectdb\db\CinemaODB.odb' is closed by 3672@GIGABYTE-PC

[2018-11-14 00:59:17 #6 store] 
Database 'C:\Users\Phijak\Desktop\Cinema Database\objectdb\db\CinemaODB.odb' is opened by 3672@GIGABYTE-PC

[2018-11-14 00:59:17 #7 store] 
Configuration path: C:\Users\Phijak\Desktop\Cinema Database\objectdb\objectdb.conf

[2018-11-14 00:59:17 #8 store] 
Database 'C:\Users\Phijak\Desktop\Cinema Database\objectdb\db\CinemaODB.odb' is closed by 3672@GIGABYTE-PC

------------------------------------------------------------------------------------------------------------------------

[2018-11-14 00:59:34 #1 store] 
Database 'C:\Users\Phijak\Desktop\Cinema Database\objectdb\db\CinemaODB.odb' is opened by 7332@GIGABYTE-PC

[2018-11-14 00:59:34 #2 store] 
Configuration path: C:\Users\Phijak\Desktop\Cinema Database\objectdb\objectdb.conf

[2018-11-14 00:59:34 #3 type] 
Type cinema.database.User is not enhanced.

[2018-11-14 00:59:34 #4 type] 
Type cinema.database.Promotion is not enhanced.

[2018-11-14 00:59:34 #5 store] 
Database 'C:\Users\Phijak\Desktop\Cinema Database\objectdb\db\CinemaODB.odb' is closed by 7332@GIGABYTE-PC

[2018-11-14 00:59:34 #6 store] 
Database 'C:\Users\Phijak\Desktop\Cinema Database\objectdb\db\CinemaODB.odb' is opened by 7332@GIGABYTE-PC

[2018-11-14 00:59:34 #7 store] 
Configuration path: C:\Users\Phijak\Desktop\Cinema Database\objectdb\objectdb.conf

[2018-11-14 00:59:34 #8 store] 
Database 'C:\Users\Phijak\Desktop\Cinema Database\objectdb\db\CinemaODB.odb' is closed by 7332@GIGABYTE-PC

------------------------------------------------------------------------------------------------------------------------

[2018-11-14 01:00:39 #1 store] 
Database 'C:\Users\Phijak\Desktop\Cinema Database\objectdb\db\CinemaODB.odb' is opened by 4148@GIGABYTE-PC

[2018-11-14 01:00:39 #2 store] 
Configuration path: C:\Users\Phijak\Desktop\Cinema Database\objectdb\objectdb.conf

[2018-11-14 01:00:39 #3 type] 
Type cinema.database.User is not enhanced.

[2018-11-14 01:00:39 #4 type] 
Type cinema.database.Promotion is not enhanced.

[2018-11-14 01:00:40 #5 store] 
Database 'C:\Users\Phijak\Desktop\Cinema Database\objectdb\db\CinemaODB.odb' is closed by 4148@GIGABYTE-PC

[2018-11-14 01:00:40 #6 store] 
Database 'C:\Users\Phijak\Desktop\Cinema Database\objectdb\db\CinemaODB.odb' is opened by 4148@GIGABYTE-PC

[2018-11-14 01:00:40 #7 store] 
Configuration path: C:\Users\Phijak\Desktop\Cinema Database\objectdb\objectdb.conf

[2018-11-14 01:00:40 #8 store] 
Database 'C:\Users\Phijak\Desktop\Cinema Database\objectdb\db\CinemaODB.odb' is closed by 4148@GIGABYTE-PC

------------------------------------------------------------------------------------------------------------------------

[2018-11-14 01:00:47 #1 store] 
Database 'C:\Users\Phijak\Desktop\Cinema Database\objectdb\db\CinemaODB.odb' is opened by 15492@GIGABYTE-PC

[2018-11-14 01:00:47 #2 store] 
Configuration path: C:\Users\Phijak\Desktop\Cinema Database\objectdb\objectdb.conf

[2018-11-14 01:00:47 #3 type] 
Type cinema.database.User is not enhanced.

[2018-11-14 01:00:47 #4 type] 
Type cinema.database.Promotion is not enhanced.

[2018-11-14 01:00:47 #5 store] 
Database 'C:\Users\Phijak\Desktop\Cinema Database\objectdb\db\CinemaODB.odb' is closed by 15492@GIGABYTE-PC

[2018-11-14 01:00:47 #6 store] 
Database 'C:\Users\Phijak\Desktop\Cinema Database\objectdb\db\CinemaODB.odb' is opened by 15492@GIGABYTE-PC

[2018-11-14 01:00:47 #7 store] 
Configuration path: C:\Users\Phijak\Desktop\Cinema Database\objectdb\objectdb.conf

[2018-11-14 01:00:47 #8 store] 
Database 'C:\Users\Phijak\Desktop\Cinema Database\objectdb\db\CinemaODB.odb' is closed by 15492@GIGABYTE-PC

------------------------------------------------------------------------------------------------------------------------

[2018-11-14 01:02:19 #1 store] 
Database 'C:\Users\Phijak\Desktop\Cinema Database\objectdb\db\CinemaODB.odb' is opened by 9264@GIGABYTE-PC

[2018-11-14 01:02:19 #2 store] 
Configuration path: C:\Users\Phijak\Desktop\Cinema Database\objectdb\objectdb.conf

[2018-11-14 01:02:19 #3 type] 
Type cinema.database.User is not enhanced.

[2018-11-14 01:02:19 #4 type] 
Type cinema.database.Promotion is not enhanced.

------------------------------------------------------------------------------------------------------------------------

[2018-11-14 01:02:27 #1 store] 
Database 'C:\Users\Phijak\Desktop\Cinema Database\objectdb\db\CinemaODB.odb' is opened by 13828@GIGABYTE-PC

[2018-11-14 01:02:27 #2 store] 
Configuration path: C:\Users\Phijak\Desktop\Cinema Database\objectdb\objectdb.conf

[2018-11-14 01:02:27 #3 type] 
Type cinema.database.User is not enhanced.

[2018-11-14 01:02:27 #4 type] 
Type cinema.database.Promotion is not enhanced.

------------------------------------------------------------------------------------------------------------------------

[2018-11-14 01:02:35 #1 store] 
Database 'C:\Users\Phijak\Desktop\Cinema Database\objectdb\db\CinemaODB.odb' is opened by 236@GIGABYTE-PC

[2018-11-14 01:02:35 #2 store] 
Configuration path: C:\Users\Phijak\Desktop\Cinema Database\objectdb\objectdb.conf

[2018-11-14 01:02:35 #3 type] 
Type cinema.database.User is not enhanced.

[2018-11-14 01:02:35 #4 type] 
Type cinema.database.Promotion is not enhanced.

------------------------------------------------------------------------------------------------------------------------

[2018-11-14 01:02:40 #1 store] 
Database 'C:\Users\Phijak\Desktop\Cinema Database\objectdb\db\CinemaODB.odb' is opened by 17048@GIGABYTE-PC

[2018-11-14 01:02:40 #2 store] 
Configuration path: C:\Users\Phijak\Desktop\Cinema Database\objectdb\objectdb.conf

[2018-11-14 01:02:40 #3 type] 
Type cinema.database.User is not enhanced.

[2018-11-14 01:02:40 #4 type] 
Type cinema.database.Promotion is not enhanced.

------------------------------------------------------------------------------------------------------------------------

[2018-11-14 01:03:18 #1 store] 
Database 'C:\Users\Phijak\Desktop\Cinema Database\objectdb\db\CinemaODB.odb' is opened by 12724@GIGABYTE-PC

[2018-11-14 01:03:18 #2 store] 
Configuration path: C:\Users\Phijak\Desktop\Cinema Database\objectdb\objectdb.conf

[2018-11-14 01:03:18 #3 type] 
Type cinema.database.User is not enhanced.

[2018-11-14 01:03:18 #4 type] 
Type cinema.database.Promotion is not enhanced.

------------------------------------------------------------------------------------------------------------------------

[2018-11-14 01:03:28 #1 store] 
Database 'C:\Users\Phijak\Desktop\Cinema Database\objectdb\db\CinemaODB.odb' is opened by 7516@GIGABYTE-PC

[2018-11-14 01:03:28 #2 store] 
Configuration path: C:\Users\Phijak\Desktop\Cinema Database\objectdb\objectdb.conf

[2018-11-14 01:03:35 #3 store] 
Database 'C:\Users\Phijak\Desktop\Cinema Database\objectdb\db\CinemaODB.odb' is closed by 7516@GIGABYTE-PC

------------------------------------------------------------------------------------------------------------------------

[2018-11-14 01:03:40 #1 store] 
Database 'C:\Users\Phijak\Desktop\Cinema Database\objectdb\db\CinemaODB.odb' is opened by 11312@GIGABYTE-PC

[2018-11-14 01:03:41 #2 store] 
Configuration path: C:\Users\Phijak\Desktop\Cinema Database\objectdb\objectdb.conf

[2018-11-14 01:03:41 #3 type] 
Type cinema.database.User is not enhanced.

[2018-11-14 01:03:41 #4 type] 
Type cinema.database.Promotion is not enhanced.

------------------------------------------------------------------------------------------------------------------------

[2018-11-14 01:03:52 #1 store] 
Database 'C:\Users\Phijak\Desktop\Cinema Database\objectdb\db\CinemaODB.odb' is opened by 9236@GIGABYTE-PC

[2018-11-14 01:03:52 #2 store] 
Configuration path: C:\Users\Phijak\Desktop\Cinema Database\objectdb\objectdb.conf

[2018-11-14 01:03:52 #3 type] 
Type cinema.database.User is not enhanced.

[2018-11-14 01:03:52 #4 type] 
Type cinema.database.Promotion is not enhanced.

------------------------------------------------------------------------------------------------------------------------

[2018-11-14 01:03:56 #1 store] 
Database 'C:\Users\Phijak\Desktop\Cinema Database\objectdb\db\CinemaODB.odb' is opened by 15460@GIGABYTE-PC

[2018-11-14 01:03:56 #2 store] 
Configuration path: C:\Users\Phijak\Desktop\Cinema Database\objectdb\objectdb.conf

[2018-11-14 01:04:02 #3 store] 
Database 'C:\Users\Phijak\Desktop\Cinema Database\objectdb\db\CinemaODB.odb' is closed by 15460@GIGABYTE-PC

------------------------------------------------------------------------------------------------------------------------

[2018-11-14 01:08:46 #1 store] 
Database 'C:\Users\Phijak\Desktop\Cinema Database\objectdb\db\CinemaODB.odb' is opened by 13748@GIGABYTE-PC

[2018-11-14 01:08:46 #2 store] 
Configuration path: C:\Users\Phijak\Desktop\Cinema Database\objectdb\objectdb.conf

[2018-11-14 01:08:46 #3 type] 
Type cinema.database.User is not enhanced.

[2018-11-14 01:08:46 #4 type] 
Type cinema.database.Promotion is not enhanced.

------------------------------------------------------------------------------------------------------------------------

[2018-11-14 01:08:59 #1 store] 
Database 'C:\Users\Phijak\Desktop\Cinema Database\objectdb\db\CinemaODB.odb' has been recovered (tr. 16-16)

[2018-11-14 01:08:59 #2 store] 
Database 'C:\Users\Phijak\Desktop\Cinema Database\objectdb\db\CinemaODB.odb' is opened by 8732@GIGABYTE-PC

[2018-11-14 01:08:59 #3 store] 
Configuration path: C:\Users\Phijak\Desktop\Cinema Database\objectdb\objectdb.conf

[2018-11-14 01:08:59 #4 type] 
Type cinema.database.User is not enhanced.

[2018-11-14 01:08:59 #5 type] 
Type cinema.database.Promotion is not enhanced.

[2018-11-14 01:08:59 #6 store] 
Database 'C:\Users\Phijak\Desktop\Cinema Database\objectdb\db\CinemaODB.odb' is closed by 8732@GIGABYTE-PC

------------------------------------------------------------------------------------------------------------------------

[2018-11-14 01:09:42 #1 store] 
Database 'C:\Users\Phijak\Desktop\Cinema Database\objectdb\db\CinemaODB.odb' is opened by 17216@GIGABYTE-PC

[2018-11-14 01:09:42 #2 store] 
Configuration path: C:\Users\Phijak\Desktop\Cinema Database\objectdb\objectdb.conf

[2018-11-14 01:09:42 #3 type] 
Type cinema.database.User is not enhanced.

[2018-11-14 01:09:42 #4 type] 
Type cinema.database.Promotion is not enhanced.

[2018-11-14 01:09:42 #5 store] 
Database 'C:\Users\Phijak\Desktop\Cinema Database\objectdb\db\CinemaODB.odb' is closed by 17216@GIGABYTE-PC

------------------------------------------------------------------------------------------------------------------------

[2018-11-14 01:09:45 #1 store] 
Database 'C:\Users\Phijak\Desktop\Cinema Database\objectdb\db\CinemaODB.odb' is opened by 11752@GIGABYTE-PC

[2018-11-14 01:09:45 #2 store] 
Configuration path: C:\Users\Phijak\Desktop\Cinema Database\objectdb\objectdb.conf

[2018-11-14 01:10:44 #3 store] 
Database 'C:\Users\Phijak\Desktop\Cinema Database\objectdb\db\CinemaODB.odb' is closed by 11752@GIGABYTE-PC

------------------------------------------------------------------------------------------------------------------------

[2018-11-14 01:10:48 #1 store] 
Database 'C:\Users\Phijak\Desktop\Cinema Database\objectdb\db\CinemaODB.odb' is opened by 3680@GIGABYTE-PC

[2018-11-14 01:10:48 #2 store] 
Configuration path: C:\Users\Phijak\Desktop\Cinema Database\objectdb\objectdb.conf

[2018-11-14 01:10:48 #3 type] 
Type cinema.database.User is not enhanced.

[2018-11-14 01:10:48 #4 type] 
Type cinema.database.Promotion is not enhanced.

[2018-11-14 01:10:48 #5 store] 
Database 'C:\Users\Phijak\Desktop\Cinema Database\objectdb\db\CinemaODB.odb' is closed by 3680@GIGABYTE-PC

------------------------------------------------------------------------------------------------------------------------

[2018-11-14 01:16:50 #1 store] 
Database 'C:\Users\Phijak\Desktop\Cinema Database\objectdb\db\CinemaODB.odb' is opened by 7844@GIGABYTE-PC

[2018-11-14 01:16:50 #2 store] 
Configuration path: C:\Users\Phijak\Desktop\Cinema Database\objectdb\objectdb.conf

[2018-11-14 01:16:50 #3 type] 
Type cinema.database.User is not enhanced.

[2018-11-14 01:16:50 #4 type] 
Type cinema.database.Promotion is not enhanced.

[2018-11-14 01:16:50 #5 type.registry] 
New type java.util.ArrayList<java.lang.Integer>

[2018-11-14 01:16:50 #6 store] 
Database 'C:\Users\Phijak\Desktop\Cinema Database\objectdb\db\CinemaODB.odb' is closed by 7844@GIGABYTE-PC

------------------------------------------------------------------------------------------------------------------------

[2018-11-14 01:17:17 #1 store] 
Database 'C:\Users\Phijak\Desktop\Cinema Database\objectdb\db\CinemaODB.odb' is opened by 16548@GIGABYTE-PC

[2018-11-14 01:17:17 #2 store] 
Configuration path: C:\Users\Phijak\Desktop\Cinema Database\objectdb\objectdb.conf

[2018-11-14 01:17:17 #3 type.registry] 
New type cinema.database.User

[2018-11-14 01:17:17 #4 type] 
Type cinema.database.User is not enhanced.

[2018-11-14 01:17:17 #5 type.registry] 
New type cinema.database.Promotion

[2018-11-14 01:17:17 #6 type] 
Type cinema.database.Promotion is not enhanced.

[2018-11-14 01:17:17 #7 type.registry] 
New type java.util.ArrayList<java.lang.Object>

[2018-11-14 01:17:17 #8 type.registry] 
New type java.util.ArrayList<cinema.database.Promotion>

[2018-11-14 01:17:17 #9 type.registry] 
New type java.util.ArrayList<java.lang.Integer>

[2018-11-14 01:17:17 #10 store] 
Database 'C:\Users\Phijak\Desktop\Cinema Database\objectdb\db\CinemaODB.odb' is closed by 16548@GIGABYTE-PC

------------------------------------------------------------------------------------------------------------------------

[2018-11-14 01:17:28 #1 store] 
Database 'C:\Users\Phijak\Desktop\Cinema Database\objectdb\db\CinemaODB.odb' is opened by 14016@GIGABYTE-PC

[2018-11-14 01:17:28 #2 store] 
Configuration path: C:\Users\Phijak\Desktop\Cinema Database\objectdb\objectdb.conf

[2018-11-14 01:17:28 #3 type] 
Type cinema.database.User is not enhanced.

[2018-11-14 01:17:28 #4 type] 
Type cinema.database.Promotion is not enhanced.

[2018-11-14 01:17:29 #5 store] 
Database 'C:\Users\Phijak\Desktop\Cinema Database\objectdb\db\CinemaODB.odb' is closed by 14016@GIGABYTE-PC

[2018-11-14 01:17:29 #6 store] 
Database 'C:\Users\Phijak\Desktop\Cinema Database\objectdb\db\CinemaODB.odb' is opened by 14016@GIGABYTE-PC

[2018-11-14 01:17:29 #7 store] 
Configuration path: C:\Users\Phijak\Desktop\Cinema Database\objectdb\objectdb.conf

[2018-11-14 01:17:29 #8 store] 
Database 'C:\Users\Phijak\Desktop\Cinema Database\objectdb\db\CinemaODB.odb' is closed by 14016@GIGABYTE-PC

------------------------------------------------------------------------------------------------------------------------

[2018-11-14 01:17:38 #1 store] 
Database 'C:\Users\Phijak\Desktop\Cinema Database\objectdb\db\CinemaODB.odb' is opened by 8020@GIGABYTE-PC

[2018-11-14 01:17:38 #2 store] 
Configuration path: C:\Users\Phijak\Desktop\Cinema Database\objectdb\objectdb.conf

[2018-11-14 01:17:46 #3 store] 
Database 'C:\Users\Phijak\Desktop\Cinema Database\objectdb\db\CinemaODB.odb' is closed by 8020@GIGABYTE-PC

------------------------------------------------------------------------------------------------------------------------

[2018-11-14 01:18:08 #1 store] 
Database 'C:\Users\Phijak\Desktop\Cinema Database\objectdb\db\CinemaODB.odb' is opened by 12556@GIGABYTE-PC

[2018-11-14 01:18:08 #2 store] 
Configuration path: C:\Users\Phijak\Desktop\Cinema Database\objectdb\objectdb.conf

[2018-11-14 01:18:20 #3 store] 
Database 'C:\Users\Phijak\Desktop\Cinema Database\objectdb\db\CinemaODB.odb' is closed by 12556@GIGABYTE-PC

------------------------------------------------------------------------------------------------------------------------

[2018-11-14 01:18:35 #1 store] 
Database 'C:\Users\Phijak\Desktop\Cinema Database\objectdb\db\CinemaODB.odb' is opened by 2244@GIGABYTE-PC

[2018-11-14 01:18:35 #2 store] 
Configuration path: C:\Users\Phijak\Desktop\Cinema Database\objectdb\objectdb.conf

[2018-11-14 01:18:35 #3 type] 
Type cinema.database.User is not enhanced.

[2018-11-14 01:18:35 #4 type] 
Type cinema.database.Promotion is not enhanced.

[2018-11-14 01:18:35 #5 store] 
Database 'C:\Users\Phijak\Desktop\Cinema Database\objectdb\db\CinemaODB.odb' is closed by 2244@GIGABYTE-PC

[2018-11-14 01:18:35 #6 store] 
Database 'C:\Users\Phijak\Desktop\Cinema Database\objectdb\db\CinemaODB.odb' is opened by 2244@GIGABYTE-PC

[2018-11-14 01:18:35 #7 store] 
Configuration path: C:\Users\Phijak\Desktop\Cinema Database\objectdb\objectdb.conf

[2018-11-14 01:18:35 #8 store] 
Database 'C:\Users\Phijak\Desktop\Cinema Database\objectdb\db\CinemaODB.odb' is closed by 2244@GIGABYTE-PC

[2018-11-14 01:18:35 #9 store] 
Database 'C:\Users\Phijak\Desktop\Cinema Database\objectdb\db\CinemaODB.odb' is opened by 2244@GIGABYTE-PC

[2018-11-14 01:18:35 #10 store] 
Configuration path: C:\Users\Phijak\Desktop\Cinema Database\objectdb\objectdb.conf

[2018-11-14 01:18:35 #11 store] 
Database 'C:\Users\Phijak\Desktop\Cinema Database\objectdb\db\CinemaODB.odb' is closed by 2244@GIGABYTE-PC

------------------------------------------------------------------------------------------------------------------------

[2018-11-14 01:18:49 #1 store] 
Database 'C:\Users\Phijak\Desktop\Cinema Database\objectdb\db\CinemaODB.odb' is opened by 9228@GIGABYTE-PC

[2018-11-14 01:18:49 #2 store] 
Configuration path: C:\Users\Phijak\Desktop\Cinema Database\objectdb\objectdb.conf

[2018-11-14 01:18:49 #3 type] 
Type cinema.database.User is not enhanced.

[2018-11-14 01:18:49 #4 type] 
Type cinema.database.Promotion is not enhanced.

[2018-11-14 01:18:49 #5 store] 
Database 'C:\Users\Phijak\Desktop\Cinema Database\objectdb\db\CinemaODB.odb' is closed by 9228@GIGABYTE-PC

[2018-11-14 01:18:49 #6 store] 
Database 'C:\Users\Phijak\Desktop\Cinema Database\objectdb\db\CinemaODB.odb' is opened by 9228@GIGABYTE-PC

[2018-11-14 01:18:49 #7 store] 
Configuration path: C:\Users\Phijak\Desktop\Cinema Database\objectdb\objectdb.conf

[2018-11-14 01:18:49 #8 store] 
Database 'C:\Users\Phijak\Desktop\Cinema Database\objectdb\db\CinemaODB.odb' is closed by 9228@GIGABYTE-PC

------------------------------------------------------------------------------------------------------------------------

[2018-11-14 01:18:55 #1 store] 
Database 'C:\Users\Phijak\Desktop\Cinema Database\objectdb\db\CinemaODB.odb' is opened by 15100@GIGABYTE-PC

[2018-11-14 01:18:55 #2 store] 
Configuration path: C:\Users\Phijak\Desktop\Cinema Database\objectdb\objectdb.conf

[2018-11-14 01:19:07 #3 store] 
Database 'C:\Users\Phijak\Desktop\Cinema Database\objectdb\db\CinemaODB.odb' is closed by 15100@GIGABYTE-PC

------------------------------------------------------------------------------------------------------------------------

[2018-11-14 01:19:30 #1 store] 
Database 'C:\Users\Phijak\Desktop\Cinema Database\objectdb\db\CinemaODB.odb' is opened by 1092@GIGABYTE-PC

[2018-11-14 01:19:30 #2 store] 
Configuration path: C:\Users\Phijak\Desktop\Cinema Database\objectdb\objectdb.conf

[2018-11-14 01:19:30 #3 type] 
Type cinema.database.User is not enhanced.

[2018-11-14 01:19:30 #4 type] 
Type cinema.database.Promotion is not enhanced.

[2018-11-14 01:19:30 #5 store] 
Database 'C:\Users\Phijak\Desktop\Cinema Database\objectdb\db\CinemaODB.odb' is closed by 1092@GIGABYTE-PC

------------------------------------------------------------------------------------------------------------------------

[2018-11-14 01:20:05 #1 store] 
Database 'C:\Users\Phijak\Desktop\Cinema Database\objectdb\db\CinemaODB.odb' is opened by 16780@GIGABYTE-PC

[2018-11-14 01:20:05 #2 store] 
Configuration path: C:\Users\Phijak\Desktop\Cinema Database\objectdb\objectdb.conf

[2018-11-14 01:20:05 #3 type] 
Type cinema.database.User is not enhanced.

[2018-11-14 01:20:05 #4 type] 
Type cinema.database.Promotion is not enhanced.

[2018-11-14 01:20:06 #5 store] 
Database 'C:\Users\Phijak\Desktop\Cinema Database\objectdb\db\CinemaODB.odb' is closed by 16780@GIGABYTE-PC

------------------------------------------------------------------------------------------------------------------------

[2018-11-14 01:20:48 #1 store] 
Database 'C:\Users\Phijak\Desktop\Cinema Database\objectdb\db\CinemaODB.odb' is opened by 17364@GIGABYTE-PC

[2018-11-14 01:20:48 #2 store] 
Configuration path: C:\Users\Phijak\Desktop\Cinema Database\objectdb\objectdb.conf

[2018-11-14 01:20:48 #3 type] 
Type cinema.database.User is not enhanced.

[2018-11-14 01:20:48 #4 type] 
Type cinema.database.Promotion is not enhanced.

[2018-11-14 01:20:48 #5 store] 
Database 'C:\Users\Phijak\Desktop\Cinema Database\objectdb\db\CinemaODB.odb' is closed by 17364@GIGABYTE-PC

------------------------------------------------------------------------------------------------------------------------

[2018-11-14 01:21:58 #1 store] 
Database 'C:\Users\Phijak\Desktop\Cinema Database\objectdb\db\CinemaODB.odb' is opened by 16172@GIGABYTE-PC

[2018-11-14 01:21:58 #2 store] 
Configuration path: C:\Users\Phijak\Desktop\Cinema Database\objectdb\objectdb.conf

[2018-11-14 01:21:58 #3 type] 
Type cinema.database.User is not enhanced.

[2018-11-14 01:21:58 #4 type] 
Type cinema.database.Promotion is not enhanced.

[2018-11-14 01:21:58 #5 store] 
Database 'C:\Users\Phijak\Desktop\Cinema Database\objectdb\db\CinemaODB.odb' is closed by 16172@GIGABYTE-PC

------------------------------------------------------------------------------------------------------------------------

[2018-11-14 01:26:21 #1 store] 
Database 'C:\Users\Phijak\Desktop\Cinema Database\objectdb\db\CinemaODB.odb' is opened by 8384@GIGABYTE-PC

[2018-11-14 01:26:21 #2 store] 
Configuration path: C:\Users\Phijak\Desktop\Cinema Database\objectdb\objectdb.conf

[2018-11-14 01:26:21 #3 type] 
Type cinema.database.User is not enhanced.

[2018-11-14 01:26:21 #4 type] 
Type cinema.database.Promotion is not enhanced.

[2018-11-14 01:26:21 #5 store] 
Database 'C:\Users\Phijak\Desktop\Cinema Database\objectdb\db\CinemaODB.odb' is closed by 8384@GIGABYTE-PC

[2018-11-14 01:26:21 #6 store] 
Database 'C:\Users\Phijak\Desktop\Cinema Database\objectdb\db\CinemaODB.odb' is opened by 8384@GIGABYTE-PC

[2018-11-14 01:26:21 #7 store] 
Configuration path: C:\Users\Phijak\Desktop\Cinema Database\objectdb\objectdb.conf

[2018-11-14 01:26:21 #8 store] 
Database 'C:\Users\Phijak\Desktop\Cinema Database\objectdb\db\CinemaODB.odb' is closed by 8384@GIGABYTE-PC

------------------------------------------------------------------------------------------------------------------------

[2018-11-14 01:26:27 #1 store] 
Database 'C:\Users\Phijak\Desktop\Cinema Database\objectdb\db\CinemaODB.odb' is opened by 616@GIGABYTE-PC

[2018-11-14 01:26:27 #2 store] 
Configuration path: C:\Users\Phijak\Desktop\Cinema Database\objectdb\objectdb.conf

[2018-11-14 01:26:33 #3 type.registry] 
New type java.lang.Object[]

[2018-11-14 01:26:41 #4 store] 
Database 'C:\Users\Phijak\Desktop\Cinema Database\objectdb\db\CinemaODB.odb' is closed by 616@GIGABYTE-PC

------------------------------------------------------------------------------------------------------------------------

[2018-11-14 01:29:41 #1 store] 
Database 'C:\Users\Phijak\Desktop\Cinema Database\objectdb\db\CinemaODB.odb' is opened by 14596@GIGABYTE-PC

[2018-11-14 01:29:41 #2 store] 
Configuration path: C:\Users\Phijak\Desktop\Cinema Database\objectdb\objectdb.conf

[2018-11-14 01:29:46 #3 store] 
Database 'C:\Users\Phijak\Desktop\Cinema Database\objectdb\db\CinemaODB.odb' is closed by 14596@GIGABYTE-PC

------------------------------------------------------------------------------------------------------------------------

[2018-11-14 01:29:56 #1 store] 
Database 'C:\Users\Phijak\Desktop\Cinema Database\objectdb\db\CinemaODB.odb' is opened by 11480@GIGABYTE-PC

[2018-11-14 01:29:56 #2 store] 
Configuration path: C:\Users\Phijak\Desktop\Cinema Database\objectdb\objectdb.conf

[2018-11-14 01:29:56 #3 type.registry] 
New type cinema.database.User

[2018-11-14 01:29:56 #4 type] 
Type cinema.database.User is not enhanced.

[2018-11-14 01:29:56 #5 type.registry] 
New type cinema.database.Promotion

[2018-11-14 01:29:56 #6 type] 
Type cinema.database.Promotion is not enhanced.

[2018-11-14 01:29:56 #7 type.registry] 
New type java.util.ArrayList<java.lang.Object>

[2018-11-14 01:29:56 #8 type.registry] 
New type java.util.ArrayList<cinema.database.Promotion>

[2018-11-14 01:29:56 #9 store] 
Database 'C:\Users\Phijak\Desktop\Cinema Database\objectdb\db\CinemaODB.odb' is closed by 11480@GIGABYTE-PC

------------------------------------------------------------------------------------------------------------------------

[2018-11-14 01:30:06 #1 store] 
Database 'C:\Users\Phijak\Desktop\Cinema Database\objectdb\db\CinemaODB.odb' is opened by 6120@GIGABYTE-PC

[2018-11-14 01:30:06 #2 store] 
Configuration path: C:\Users\Phijak\Desktop\Cinema Database\objectdb\objectdb.conf

[2018-11-14 01:30:10 #3 store] 
Database 'C:\Users\Phijak\Desktop\Cinema Database\objectdb\db\CinemaODB.odb' is closed by 6120@GIGABYTE-PC

------------------------------------------------------------------------------------------------------------------------

[2018-11-14 01:30:39 #1 store] 
Database 'C:\Users\Phijak\Desktop\Cinema Database\objectdb\db\CinemaODB.odb' is opened by 14692@GIGABYTE-PC

[2018-11-14 01:30:39 #2 store] 
Configuration path: C:\Users\Phijak\Desktop\Cinema Database\objectdb\objectdb.conf

[2018-11-14 01:30:39 #3 type] 
Type cinema.database.User is not enhanced.

[2018-11-14 01:30:39 #4 type] 
Type cinema.database.Promotion is not enhanced.

[2018-11-14 01:30:39 #5 store] 
Database 'C:\Users\Phijak\Desktop\Cinema Database\objectdb\db\CinemaODB.odb' is closed by 14692@GIGABYTE-PC

[2018-11-14 01:30:39 #6 store] 
Database 'C:\Users\Phijak\Desktop\Cinema Database\objectdb\db\CinemaODB.odb' is opened by 14692@GIGABYTE-PC

[2018-11-14 01:30:39 #7 store] 
Configuration path: C:\Users\Phijak\Desktop\Cinema Database\objectdb\objectdb.conf

[2018-11-14 01:30:39 #8 store] 
Database 'C:\Users\Phijak\Desktop\Cinema Database\objectdb\db\CinemaODB.odb' is closed by 14692@GIGABYTE-PC

------------------------------------------------------------------------------------------------------------------------

[2018-11-14 01:30:42 #1 store] 
Database 'C:\Users\Phijak\Desktop\Cinema Database\objectdb\db\CinemaODB.odb' is opened by 15508@GIGABYTE-PC

[2018-11-14 01:30:42 #2 store] 
Configuration path: C:\Users\Phijak\Desktop\Cinema Database\objectdb\objectdb.conf

[2018-11-14 01:30:48 #3 store] 
Database 'C:\Users\Phijak\Desktop\Cinema Database\objectdb\db\CinemaODB.odb' is closed by 15508@GIGABYTE-PC

------------------------------------------------------------------------------------------------------------------------

[2018-11-14 01:32:16 #1 store] 
Database 'C:\Users\Phijak\Desktop\Cinema Database\objectdb\db\CinemaODB.odb' is opened by 12748@GIGABYTE-PC

[2018-11-14 01:32:16 #2 store] 
Configuration path: C:\Users\Phijak\Desktop\Cinema Database\objectdb\objectdb.conf

[2018-11-14 01:32:16 #3 type] 
Type cinema.database.User is not enhanced.

[2018-11-14 01:32:16 #4 type] 
Type cinema.database.Promotion is not enhanced.

[2018-11-14 01:32:16 #5 store] 
Database 'C:\Users\Phijak\Desktop\Cinema Database\objectdb\db\CinemaODB.odb' is closed by 12748@GIGABYTE-PC

[2018-11-14 01:32:16 #6 store] 
Database 'C:\Users\Phijak\Desktop\Cinema Database\objectdb\db\CinemaODB.odb' is opened by 12748@GIGABYTE-PC

[2018-11-14 01:32:16 #7 store] 
Configuration path: C:\Users\Phijak\Desktop\Cinema Database\objectdb\objectdb.conf

[2018-11-14 01:32:16 #8 store] 
Database 'C:\Users\Phijak\Desktop\Cinema Database\objectdb\db\CinemaODB.odb' is closed by 12748@GIGABYTE-PC

[2018-11-14 01:32:16 #9 store] 
Database 'C:\Users\Phijak\Desktop\Cinema Database\objectdb\db\CinemaODB.odb' is opened by 12748@GIGABYTE-PC

[2018-11-14 01:32:16 #10 store] 
Configuration path: C:\Users\Phijak\Desktop\Cinema Database\objectdb\objectdb.conf

[2018-11-14 01:32:16 #11 store] 
Database 'C:\Users\Phijak\Desktop\Cinema Database\objectdb\db\CinemaODB.odb' is closed by 12748@GIGABYTE-PC

[2018-11-14 01:32:16 #12 store] 
Database 'C:\Users\Phijak\Desktop\Cinema Database\objectdb\db\CinemaODB.odb' is opened by 12748@GIGABYTE-PC

[2018-11-14 01:32:16 #13 store] 
Configuration path: C:\Users\Phijak\Desktop\Cinema Database\objectdb\objectdb.conf

------------------------------------------------------------------------------------------------------------------------

[2018-11-14 01:32:37 #1 store] 
Database 'C:\Users\Phijak\Desktop\Cinema Database\objectdb\db\CinemaODB.odb' is opened by 2312@GIGABYTE-PC

[2018-11-14 01:32:37 #2 store] 
Configuration path: C:\Users\Phijak\Desktop\Cinema Database\objectdb\objectdb.conf

[2018-11-14 01:32:41 #3 type.registry] 
New type java.lang.Object[]

[2018-11-14 01:32:56 #4 store] 
Database 'C:\Users\Phijak\Desktop\Cinema Database\objectdb\db\CinemaODB.odb' is closed by 2312@GIGABYTE-PC

------------------------------------------------------------------------------------------------------------------------

[2018-11-14 01:33:00 #1 store] 
Database 'C:\Users\Phijak\Desktop\Cinema Database\objectdb\db\CinemaODB.odb' is opened by 1232@GIGABYTE-PC

[2018-11-14 01:33:00 #2 store] 
Configuration path: C:\Users\Phijak\Desktop\Cinema Database\objectdb\objectdb.conf

[2018-11-14 01:33:16 #3 store] 
Database 'C:\Users\Phijak\Desktop\Cinema Database\objectdb\db\CinemaODB.odb' is closed by 1232@GIGABYTE-PC

------------------------------------------------------------------------------------------------------------------------

[2018-11-14 01:33:27 #1 store] 
Database 'C:\Users\Phijak\Desktop\Cinema Database\objectdb\db\CinemaODB.odb' is opened by 12372@GIGABYTE-PC

[2018-11-14 01:33:27 #2 store] 
Configuration path: C:\Users\Phijak\Desktop\Cinema Database\objectdb\objectdb.conf

[2018-11-14 01:33:27 #3 type] 
Type cinema.database.User is not enhanced.

[2018-11-14 01:33:27 #4 type] 
Type cinema.database.Promotion is not enhanced.

[2018-11-14 01:33:27 #5 store] 
Database 'C:\Users\Phijak\Desktop\Cinema Database\objectdb\db\CinemaODB.odb' is closed by 12372@GIGABYTE-PC

[2018-11-14 01:33:27 #6 store] 
Database 'C:\Users\Phijak\Desktop\Cinema Database\objectdb\db\CinemaODB.odb' is opened by 12372@GIGABYTE-PC

[2018-11-14 01:33:27 #7 store] 
Configuration path: C:\Users\Phijak\Desktop\Cinema Database\objectdb\objectdb.conf

[2018-11-14 01:33:27 #8 store] 
Database 'C:\Users\Phijak\Desktop\Cinema Database\objectdb\db\CinemaODB.odb' is closed by 12372@GIGABYTE-PC

[2018-11-14 01:33:27 #9 store] 
Database 'C:\Users\Phijak\Desktop\Cinema Database\objectdb\db\CinemaODB.odb' is opened by 12372@GIGABYTE-PC

[2018-11-14 01:33:27 #10 store] 
Configuration path: C:\Users\Phijak\Desktop\Cinema Database\objectdb\objectdb.conf

------------------------------------------------------------------------------------------------------------------------

[2018-11-14 01:33:51 #1 store] 
Database 'C:\Users\Phijak\Desktop\Cinema Database\objectdb\db\CinemaODB.odb' is opened by 14408@GIGABYTE-PC

[2018-11-14 01:33:51 #2 store] 
Configuration path: C:\Users\Phijak\Desktop\Cinema Database\objectdb\objectdb.conf

[2018-11-14 01:33:51 #3 type] 
Type cinema.database.User is not enhanced.

[2018-11-14 01:33:51 #4 type] 
Type cinema.database.Promotion is not enhanced.

[2018-11-14 01:33:51 #5 store] 
Database 'C:\Users\Phijak\Desktop\Cinema Database\objectdb\db\CinemaODB.odb' is closed by 14408@GIGABYTE-PC

[2018-11-14 01:33:51 #6 store] 
Database 'C:\Users\Phijak\Desktop\Cinema Database\objectdb\db\CinemaODB.odb' is opened by 14408@GIGABYTE-PC

[2018-11-14 01:33:51 #7 store] 
Configuration path: C:\Users\Phijak\Desktop\Cinema Database\objectdb\objectdb.conf

[2018-11-14 01:33:51 #8 store] 
Database 'C:\Users\Phijak\Desktop\Cinema Database\objectdb\db\CinemaODB.odb' is closed by 14408@GIGABYTE-PC

------------------------------------------------------------------------------------------------------------------------

[2018-11-14 01:34:04 #1 store] 
Database 'C:\Users\Phijak\Desktop\Cinema Database\objectdb\db\CinemaODB.odb' is opened by 13564@GIGABYTE-PC

[2018-11-14 01:34:04 #2 store] 
Configuration path: C:\Users\Phijak\Desktop\Cinema Database\objectdb\objectdb.conf

[2018-11-14 01:34:09 #3 store] 
Database 'C:\Users\Phijak\Desktop\Cinema Database\objectdb\db\CinemaODB.odb' is closed by 13564@GIGABYTE-PC

------------------------------------------------------------------------------------------------------------------------

[2018-11-14 01:34:26 #1 store] 
Database 'C:\Users\Phijak\Desktop\Cinema Database\objectdb\db\CinemaODB.odb' is opened by 13260@GIGABYTE-PC

[2018-11-14 01:34:26 #2 store] 
Configuration path: C:\Users\Phijak\Desktop\Cinema Database\objectdb\objectdb.conf

[2018-11-14 01:34:29 #3 store] 
Database 'C:\Users\Phijak\Desktop\Cinema Database\objectdb\db\CinemaODB.odb' is closed by 13260@GIGABYTE-PC

------------------------------------------------------------------------------------------------------------------------

[2018-11-14 01:34:37 #1 store] 
Database 'C:\Users\Phijak\Desktop\Cinema Database\objectdb\db\CinemaODB.odb' is opened by 17028@GIGABYTE-PC

[2018-11-14 01:34:37 #2 store] 
Configuration path: C:\Users\Phijak\Desktop\Cinema Database\objectdb\objectdb.conf

[2018-11-14 01:34:38 #3 type] 
Type cinema.database.User is not enhanced.

[2018-11-14 01:34:38 #4 type] 
Type cinema.database.Promotion is not enhanced.

[2018-11-14 01:34:38 #5 store] 
Database 'C:\Users\Phijak\Desktop\Cinema Database\objectdb\db\CinemaODB.odb' is closed by 17028@GIGABYTE-PC

[2018-11-14 01:34:38 #6 store] 
Database 'C:\Users\Phijak\Desktop\Cinema Database\objectdb\db\CinemaODB.odb' is opened by 17028@GIGABYTE-PC

[2018-11-14 01:34:38 #7 store] 
Configuration path: C:\Users\Phijak\Desktop\Cinema Database\objectdb\objectdb.conf

[2018-11-14 01:34:38 #8 store] 
Database 'C:\Users\Phijak\Desktop\Cinema Database\objectdb\db\CinemaODB.odb' is closed by 17028@GIGABYTE-PC

[2018-11-14 01:34:38 #9 store] 
Database 'C:\Users\Phijak\Desktop\Cinema Database\objectdb\db\CinemaODB.odb' is opened by 17028@GIGABYTE-PC

[2018-11-14 01:34:38 #10 store] 
Configuration path: C:\Users\Phijak\Desktop\Cinema Database\objectdb\objectdb.conf

------------------------------------------------------------------------------------------------------------------------

[2018-11-14 01:35:04 #1 store] 
Database 'C:\Users\Phijak\Desktop\Cinema Database\objectdb\db\CinemaODB.odb' is opened by 15744@GIGABYTE-PC

[2018-11-14 01:35:04 #2 store] 
Configuration path: C:\Users\Phijak\Desktop\Cinema Database\objectdb\objectdb.conf

[2018-11-14 01:35:04 #3 type] 
Type cinema.database.User is not enhanced.

[2018-11-14 01:35:04 #4 type] 
Type cinema.database.Promotion is not enhanced.

[2018-11-14 01:35:04 #5 store] 
Database 'C:\Users\Phijak\Desktop\Cinema Database\objectdb\db\CinemaODB.odb' is closed by 15744@GIGABYTE-PC

[2018-11-14 01:35:04 #6 store] 
Database 'C:\Users\Phijak\Desktop\Cinema Database\objectdb\db\CinemaODB.odb' is opened by 15744@GIGABYTE-PC

[2018-11-14 01:35:04 #7 store] 
Configuration path: C:\Users\Phijak\Desktop\Cinema Database\objectdb\objectdb.conf

[2018-11-14 01:35:04 #8 store] 
Database 'C:\Users\Phijak\Desktop\Cinema Database\objectdb\db\CinemaODB.odb' is closed by 15744@GIGABYTE-PC

[2018-11-14 01:35:04 #9 store] 
Database 'C:\Users\Phijak\Desktop\Cinema Database\objectdb\db\CinemaODB.odb' is opened by 15744@GIGABYTE-PC

[2018-11-14 01:35:04 #10 store] 
Configuration path: C:\Users\Phijak\Desktop\Cinema Database\objectdb\objectdb.conf

[2018-11-14 01:35:04 #11 store] 
Database 'C:\Users\Phijak\Desktop\Cinema Database\objectdb\db\CinemaODB.odb' is closed by 15744@GIGABYTE-PC

------------------------------------------------------------------------------------------------------------------------

[2018-11-14 01:35:08 #1 store] 
Database 'C:\Users\Phijak\Desktop\Cinema Database\objectdb\db\CinemaODB.odb' is opened by 14300@GIGABYTE-PC

[2018-11-14 01:35:08 #2 store] 
Configuration path: C:\Users\Phijak\Desktop\Cinema Database\objectdb\objectdb.conf

[2018-11-14 01:35:20 #3 store] 
Database 'C:\Users\Phijak\Desktop\Cinema Database\objectdb\db\CinemaODB.odb' is closed by 14300@GIGABYTE-PC

------------------------------------------------------------------------------------------------------------------------

[2018-11-14 01:35:34 #1 store] 
Database 'C:\Users\Phijak\Desktop\Cinema Database\objectdb\db\CinemaODB.odb' is opened by 11092@GIGABYTE-PC

[2018-11-14 01:35:34 #2 store] 
Configuration path: C:\Users\Phijak\Desktop\Cinema Database\objectdb\objectdb.conf

[2018-11-14 01:35:34 #3 type] 
Type cinema.database.User is not enhanced.

[2018-11-14 01:35:34 #4 type] 
Type cinema.database.Promotion is not enhanced.

[2018-11-14 01:35:34 #5 store] 
Database 'C:\Users\Phijak\Desktop\Cinema Database\objectdb\db\CinemaODB.odb' is closed by 11092@GIGABYTE-PC

[2018-11-14 01:35:34 #6 store] 
Database 'C:\Users\Phijak\Desktop\Cinema Database\objectdb\db\CinemaODB.odb' is opened by 11092@GIGABYTE-PC

[2018-11-14 01:35:34 #7 store] 
Configuration path: C:\Users\Phijak\Desktop\Cinema Database\objectdb\objectdb.conf

[2018-11-14 01:35:34 #8 store] 
Database 'C:\Users\Phijak\Desktop\Cinema Database\objectdb\db\CinemaODB.odb' is closed by 11092@GIGABYTE-PC

[2018-11-14 01:35:35 #9 store] 
Database 'C:\Users\Phijak\Desktop\Cinema Database\objectdb\db\CinemaODB.odb' is opened by 11092@GIGABYTE-PC

[2018-11-14 01:35:35 #10 store] 
Configuration path: C:\Users\Phijak\Desktop\Cinema Database\objectdb\objectdb.conf

[2018-11-14 01:35:35 #11 store] 
Database 'C:\Users\Phijak\Desktop\Cinema Database\objectdb\db\CinemaODB.odb' is closed by 11092@GIGABYTE-PC

------------------------------------------------------------------------------------------------------------------------

[2018-11-14 01:43:08 #1 store] 
Database 'C:\Users\Phijak\Desktop\Cinema Database\objectdb\db\CinemaODB.odb' is opened by 12096@GIGABYTE-PC

[2018-11-14 01:43:08 #2 store] 
Configuration path: C:\Users\Phijak\Desktop\Cinema Database\objectdb\objectdb.conf

[2018-11-14 01:45:30 #3 store] 
Database 'C:\Users\Phijak\Desktop\Cinema Database\objectdb\db\CinemaODB.odb' is closed by 12096@GIGABYTE-PC

------------------------------------------------------------------------------------------------------------------------

[2018-11-14 01:45:31 #1 store] 
Database 'C:\Users\Phijak\Desktop\Cinema Database\objectdb\db\CinemaODB.odb' is opened by 2080@GIGABYTE-PC

[2018-11-14 01:45:31 #2 store] 
Configuration path: C:\Users\Phijak\Desktop\Cinema Database\objectdb\objectdb.conf

[2018-11-14 01:45:31 #3 type] 
Type cinema.database.User is not enhanced.

[2018-11-14 01:45:31 #4 type] 
Type cinema.database.Promotion is not enhanced.

[2018-11-14 01:45:31 #5 store] 
Database 'C:\Users\Phijak\Desktop\Cinema Database\objectdb\db\CinemaODB.odb' is closed by 2080@GIGABYTE-PC

------------------------------------------------------------------------------------------------------------------------

[2018-11-14 01:45:35 #1 store] 
Database 'C:\Users\Phijak\Desktop\Cinema Database\objectdb\db\CinemaODB.odb' is opened by 8480@GIGABYTE-PC

[2018-11-14 01:45:35 #2 store] 
Configuration path: C:\Users\Phijak\Desktop\Cinema Database\objectdb\objectdb.conf

[2018-11-14 01:45:35 #3 type] 
Type cinema.database.User is not enhanced.

[2018-11-14 01:45:35 #4 type] 
Type cinema.database.Promotion is not enhanced.

[2018-11-14 01:45:35 #5 store] 
Database 'C:\Users\Phijak\Desktop\Cinema Database\objectdb\db\CinemaODB.odb' is closed by 8480@GIGABYTE-PC

[2018-11-14 01:45:35 #6 store] 
Database 'C:\Users\Phijak\Desktop\Cinema Database\objectdb\db\CinemaODB.odb' is opened by 8480@GIGABYTE-PC

[2018-11-14 01:45:35 #7 store] 
Configuration path: C:\Users\Phijak\Desktop\Cinema Database\objectdb\objectdb.conf

[2018-11-14 01:45:35 #8 store] 
Database 'C:\Users\Phijak\Desktop\Cinema Database\objectdb\db\CinemaODB.odb' is closed by 8480@GIGABYTE-PC

[2018-11-14 01:45:36 #9 store] 
Database 'C:\Users\Phijak\Desktop\Cinema Database\objectdb\db\CinemaODB.odb' is opened by 8480@GIGABYTE-PC

[2018-11-14 01:45:36 #10 store] 
Configuration path: C:\Users\Phijak\Desktop\Cinema Database\objectdb\objectdb.conf

[2018-11-14 01:45:36 #11 store] 
Database 'C:\Users\Phijak\Desktop\Cinema Database\objectdb\db\CinemaODB.odb' is closed by 8480@GIGABYTE-PC

------------------------------------------------------------------------------------------------------------------------

[2018-11-14 01:45:42 #1 store] 
Database 'C:\Users\Phijak\Desktop\Cinema Database\objectdb\db\CinemaODB.odb' is opened by 11352@GIGABYTE-PC

[2018-11-14 01:45:42 #2 store] 
Configuration path: C:\Users\Phijak\Desktop\Cinema Database\objectdb\objectdb.conf

[2018-11-14 01:45:42 #3 type] 
Type cinema.database.User is not enhanced.

[2018-11-14 01:45:42 #4 type] 
Type cinema.database.Promotion is not enhanced.

[2018-11-14 01:45:42 #5 store] 
Database 'C:\Users\Phijak\Desktop\Cinema Database\objectdb\db\CinemaODB.odb' is closed by 11352@GIGABYTE-PC

[2018-11-14 01:45:42 #6 store] 
Database 'C:\Users\Phijak\Desktop\Cinema Database\objectdb\db\CinemaODB.odb' is opened by 11352@GIGABYTE-PC

[2018-11-14 01:45:42 #7 store] 
Configuration path: C:\Users\Phijak\Desktop\Cinema Database\objectdb\objectdb.conf

[2018-11-14 01:45:42 #8 store] 
Database 'C:\Users\Phijak\Desktop\Cinema Database\objectdb\db\CinemaODB.odb' is closed by 11352@GIGABYTE-PC

[2018-11-14 01:45:42 #9 store] 
Database 'C:\Users\Phijak\Desktop\Cinema Database\objectdb\db\CinemaODB.odb' is opened by 11352@GIGABYTE-PC

[2018-11-14 01:45:42 #10 store] 
Configuration path: C:\Users\Phijak\Desktop\Cinema Database\objectdb\objectdb.conf

[2018-11-14 01:45:42 #11 store] 
Database 'C:\Users\Phijak\Desktop\Cinema Database\objectdb\db\CinemaODB.odb' is closed by 11352@GIGABYTE-PC

------------------------------------------------------------------------------------------------------------------------

[2018-11-14 01:46:12 #1 store] 
Database 'C:\Users\Phijak\Desktop\Cinema Database\objectdb\db\CinemaODB.odb' is opened by 12620@GIGABYTE-PC

[2018-11-14 01:46:12 #2 store] 
Configuration path: C:\Users\Phijak\Desktop\Cinema Database\objectdb\objectdb.conf

[2018-11-14 01:49:30 #3 store] 
Database 'C:\Users\Phijak\Desktop\Cinema Database\objectdb\db\CinemaODB.odb' is closed by 12620@GIGABYTE-PC

------------------------------------------------------------------------------------------------------------------------

[2018-11-14 01:57:56 #1 store] 
Database 'C:\Users\Phijak\Desktop\Cinema Database\objectdb\db\CinemaODB.odb' is opened by 16732@GIGABYTE-PC

[2018-11-14 01:57:56 #2 store] 
Configuration path: C:\Users\Phijak\Desktop\Cinema Database\objectdb\objectdb.conf

[2018-11-14 01:57:56 #3 type.registry] 
New type cinema.database.User

[2018-11-14 01:57:56 #4 type] 
Type cinema.database.User is not enhanced.

[2018-11-14 01:57:56 #5 type.registry] 
New type cinema.database.Promotion

[2018-11-14 01:57:56 #6 type] 
Type cinema.database.Promotion is not enhanced.

[2018-11-14 01:57:56 #7 type.registry] 
New type java.util.ArrayList<java.lang.Object>

[2018-11-14 01:57:56 #8 type.registry] 
New type java.util.ArrayList<cinema.database.Promotion>

[2018-11-14 01:57:56 #9 store] 
Database 'C:\Users\Phijak\Desktop\Cinema Database\objectdb\db\CinemaODB.odb' is closed by 16732@GIGABYTE-PC

[2018-11-14 01:57:56 #10 store] 
Database 'C:\Users\Phijak\Desktop\Cinema Database\objectdb\db\CinemaODB.odb' is opened by 16732@GIGABYTE-PC

[2018-11-14 01:57:56 #11 store] 
Configuration path: C:\Users\Phijak\Desktop\Cinema Database\objectdb\objectdb.conf

[2018-11-14 01:57:56 #12 store] 
Database 'C:\Users\Phijak\Desktop\Cinema Database\objectdb\db\CinemaODB.odb' is closed by 16732@GIGABYTE-PC

------------------------------------------------------------------------------------------------------------------------

[2018-11-14 01:58:34 #1 store] 
Database 'C:\Users\Phijak\Desktop\Cinema Database\objectdb\db\CinemaODB.odb' is opened by 2968@GIGABYTE-PC

[2018-11-14 01:58:34 #2 store] 
Configuration path: C:\Users\Phijak\Desktop\Cinema Database\objectdb\objectdb.conf

[2018-11-14 01:58:34 #3 type] 
Type cinema.database.User is not enhanced.

[2018-11-14 01:58:35 #4 type] 
Type cinema.database.Promotion is not enhanced.

[2018-11-14 01:58:35 #5 store] 
Database 'C:\Users\Phijak\Desktop\Cinema Database\objectdb\db\CinemaODB.odb' is closed by 2968@GIGABYTE-PC

[2018-11-14 01:58:35 #6 store] 
Database 'C:\Users\Phijak\Desktop\Cinema Database\objectdb\db\CinemaODB.odb' is opened by 2968@GIGABYTE-PC

[2018-11-14 01:58:35 #7 store] 
Configuration path: C:\Users\Phijak\Desktop\Cinema Database\objectdb\objectdb.conf

[2018-11-14 01:58:35 #8 store] 
Database 'C:\Users\Phijak\Desktop\Cinema Database\objectdb\db\CinemaODB.odb' is closed by 2968@GIGABYTE-PC

[2018-11-14 01:58:35 #9 store] 
Database 'C:\Users\Phijak\Desktop\Cinema Database\objectdb\db\CinemaODB.odb' is opened by 2968@GIGABYTE-PC

[2018-11-14 01:58:35 #10 store] 
Configuration path: C:\Users\Phijak\Desktop\Cinema Database\objectdb\objectdb.conf

[2018-11-14 01:58:35 #11 store] 
Database 'C:\Users\Phijak\Desktop\Cinema Database\objectdb\db\CinemaODB.odb' is closed by 2968@GIGABYTE-PC

------------------------------------------------------------------------------------------------------------------------

[2018-11-14 01:59:16 #1 store] 
Database 'C:\Users\Phijak\Desktop\Cinema Database\objectdb\db\CinemaODB.odb' is opened by 6804@GIGABYTE-PC

[2018-11-14 01:59:16 #2 store] 
Configuration path: C:\Users\Phijak\Desktop\Cinema Database\objectdb\objectdb.conf

[2018-11-14 01:59:16 #3 type] 
Type cinema.database.User is not enhanced.

[2018-11-14 01:59:16 #4 type] 
Type cinema.database.Promotion is not enhanced.

[2018-11-14 01:59:16 #5 store] 
Database 'C:\Users\Phijak\Desktop\Cinema Database\objectdb\db\CinemaODB.odb' is closed by 6804@GIGABYTE-PC

[2018-11-14 01:59:16 #6 store] 
Database 'C:\Users\Phijak\Desktop\Cinema Database\objectdb\db\CinemaODB.odb' is opened by 6804@GIGABYTE-PC

[2018-11-14 01:59:16 #7 store] 
Configuration path: C:\Users\Phijak\Desktop\Cinema Database\objectdb\objectdb.conf

[2018-11-14 01:59:16 #8 store] 
Database 'C:\Users\Phijak\Desktop\Cinema Database\objectdb\db\CinemaODB.odb' is closed by 6804@GIGABYTE-PC

[2018-11-14 01:59:16 #9 store] 
Database 'C:\Users\Phijak\Desktop\Cinema Database\objectdb\db\CinemaODB.odb' is opened by 6804@GIGABYTE-PC

[2018-11-14 01:59:16 #10 store] 
Configuration path: C:\Users\Phijak\Desktop\Cinema Database\objectdb\objectdb.conf

[2018-11-14 01:59:16 #11 store] 
Database 'C:\Users\Phijak\Desktop\Cinema Database\objectdb\db\CinemaODB.odb' is closed by 6804@GIGABYTE-PC

[2018-11-14 01:59:16 #12 store] 
Database 'C:\Users\Phijak\Desktop\Cinema Database\objectdb\db\CinemaODB.odb' is opened by 6804@GIGABYTE-PC

[2018-11-14 01:59:16 #13 store] 
Configuration path: C:\Users\Phijak\Desktop\Cinema Database\objectdb\objectdb.conf

[2018-11-14 01:59:16 #14 store] 
Database 'C:\Users\Phijak\Desktop\Cinema Database\objectdb\db\CinemaODB.odb' is closed by 6804@GIGABYTE-PC

------------------------------------------------------------------------------------------------------------------------

[2018-11-14 01:59:51 #1 store] 
Database 'C:\Users\Phijak\Desktop\Cinema Database\objectdb\db\CinemaODB.odb' is opened by 2072@GIGABYTE-PC

[2018-11-14 01:59:51 #2 store] 
Configuration path: C:\Users\Phijak\Desktop\Cinema Database\objectdb\objectdb.conf

[2018-11-14 01:59:51 #3 type] 
Type cinema.database.User is not enhanced.

[2018-11-14 01:59:51 #4 type] 
Type cinema.database.Promotion is not enhanced.

[2018-11-14 01:59:51 #5 store] 
Database 'C:\Users\Phijak\Desktop\Cinema Database\objectdb\db\CinemaODB.odb' is closed by 2072@GIGABYTE-PC

------------------------------------------------------------------------------------------------------------------------

[2018-11-14 02:26:20 #1 store] 
Database 'C:\Users\Phijak\Desktop\KMITL Cinema\dist\run1174435611\db\CinemaODB.odb' is opened by 13340@GIGABYTE-PC

[2018-11-14 02:26:20 #2 store] 
Configuration path: C:\Users\Phijak\Desktop\KMITL Cinema\objectdb\objectdb.conf

[2018-11-14 02:26:23 #3 store] 
Database 'C:\Users\Phijak\Desktop\KMITL Cinema\dist\run1174435611\db\CinemaODB.odb' is closed by 13340@GIGABYTE-PC

------------------------------------------------------------------------------------------------------------------------

[2018-11-14 03:11:00 #1 store] 
Database 'C:\Users\Phijak\Desktop\KMITL Cinema\db\CinemaODB.odb' is opened by 16544@GIGABYTE-PC

[2018-11-14 03:11:00 #2 store] 
Configuration path: C:\Users\Phijak\Desktop\KMITL Cinema\objectdb\objectdb.conf

[2018-11-14 03:12:17 #3 store] 
Database 'C:\Users\Phijak\Desktop\KMITL Cinema\db\CinemaODB.odb' is closed by 16544@GIGABYTE-PC

------------------------------------------------------------------------------------------------------------------------

[2018-11-14 03:41:05 #1 store] 
Database 'C:\Users\Phijak\Desktop\KMITL Cinema\dist\run1153438999\db\CinemaODB.odb' is opened by 13332@GIGABYTE-PC

[2018-11-14 03:41:05 #2 store] 
Configuration path: C:\Users\Phijak\Desktop\KMITL Cinema\objectdb\objectdb.conf

[2018-11-14 03:41:11 #3 store] 
Database 'C:\Users\Phijak\Desktop\KMITL Cinema\dist\run1153438999\db\CinemaODB.odb' is closed by 13332@GIGABYTE-PC

------------------------------------------------------------------------------------------------------------------------

[2018-11-14 03:41:27 #1 store] 
Database 'C:\Users\Phijak\Desktop\KMITL Cinema\dist\run1878540965\db\CinemaODB.odb' is opened by 15412@GIGABYTE-PC

[2018-11-14 03:41:27 #2 store] 
Configuration path: C:\Users\Phijak\Desktop\KMITL Cinema\objectdb\objectdb.conf

[2018-11-14 03:41:32 #3 store] 
Database 'C:\Users\Phijak\Desktop\KMITL Cinema\dist\run1878540965\db\CinemaODB.odb' is closed by 15412@GIGABYTE-PC

------------------------------------------------------------------------------------------------------------------------

[2018-11-14 03:42:16 #1 store] 
Database 'C:\Users\Phijak\Desktop\KMITL Cinema\dist\run609478056\db\CinemaODB.odb' is opened by 13552@GIGABYTE-PC

[2018-11-14 03:42:16 #2 store] 
Configuration path: C:\Users\Phijak\Desktop\KMITL Cinema\objectdb\objectdb.conf

[2018-11-14 03:42:27 #3 store] 
Database 'C:\Users\Phijak\Desktop\KMITL Cinema\dist\run609478056\db\CinemaODB.odb' is closed by 13552@GIGABYTE-PC

------------------------------------------------------------------------------------------------------------------------

[2018-11-14 03:46:46 #1 store] 
Database 'C:\Users\Phijak\Desktop\KMITL Cinema\db\CinemaODB.odb' is opened by 13296@GIGABYTE-PC

[2018-11-14 03:46:46 #2 store] 
Configuration path: C:\Users\Phijak\Desktop\KMITL Cinema\objectdb\objectdb.conf

[2018-11-14 03:46:57 #3 store] 
Database 'C:\Users\Phijak\Desktop\KMITL Cinema\db\CinemaODB.odb' is closed by 13296@GIGABYTE-PC

