------------------------------------------------------------------------------------------------------------------------

[2018-11-16 18:40:56 #1 store] 
Database 'C:\Users\pisit\Documents\Github KMITL Theatre\KMITL-Cinema\db\CinemaODB.odb' is opened by 14616@LAPTOP-5SVLSJC0

[2018-11-16 18:40:56 #2 store] 
Configuration path: C:\Users\pisit\Documents\Github KMITL Theatre\KMITL-Cinema\objectdb\objectdb.conf

[2018-11-16 18:41:27 #3 store] 
Database 'C:\Users\pisit\Documents\Github KMITL Theatre\KMITL-Cinema\db\CinemaODB.odb' is closed by 14616@LAPTOP-5SVLSJC0

------------------------------------------------------------------------------------------------------------------------

[2018-11-16 23:37:19 #1 store] 
Database 'C:\Users\Phijak\Desktop\KMITL-Cinema\db\CinemaODB.odb' is opened by 15908@GIGABYTE-PC

[2018-11-16 23:37:19 #2 store] 
Configuration path: C:\Users\Phijak\Desktop\KMITL-Cinema\objectdb\objectdb.conf

[2018-11-16 23:37:21 #3 store] 
Database 'C:\Users\Phijak\Desktop\KMITL-Cinema\db\CinemaODB.odb' is closed by 15908@GIGABYTE-PC

------------------------------------------------------------------------------------------------------------------------

[2018-11-16 23:37:28 #1 store] 
Database 'C:\Users\Phijak\Desktop\KMITL-Cinema\db\CinemaODB.odb' is opened by 11468@GIGABYTE-PC

[2018-11-16 23:37:28 #2 store] 
Configuration path: C:\Users\Phijak\Desktop\KMITL-Cinema\objectdb\objectdb.conf

[2018-11-16 23:37:32 #3 store] 
Database 'C:\Users\Phijak\Desktop\KMITL-Cinema\db\CinemaODB.odb' is closed by 11468@GIGABYTE-PC

------------------------------------------------------------------------------------------------------------------------

[2018-11-16 23:38:07 #1 store] 
Database 'C:\Users\Phijak\Desktop\KMITL-Cinema\db\CinemaODB.odb' is opened by 4352@GIGABYTE-PC

[2018-11-16 23:38:07 #2 store] 
Configuration path: C:\Users\Phijak\Desktop\KMITL-Cinema\objectdb\objectdb.conf

[2018-11-16 23:38:08 #3 store] 
Database 'C:\Users\Phijak\Desktop\KMITL-Cinema\db\CinemaODB.odb' is closed by 4352@GIGABYTE-PC

------------------------------------------------------------------------------------------------------------------------

[2018-11-16 23:40:01 #1 store] 
Database 'C:\Users\Phijak\Desktop\KMITL-Cinema\db\CinemaODB.odb' is opened by 1980@GIGABYTE-PC

[2018-11-16 23:40:01 #2 store] 
Configuration path: C:\Users\Phijak\Desktop\KMITL-Cinema\objectdb\objectdb.conf

[2018-11-16 23:40:44 #3 store] 
Database 'C:\Users\Phijak\Desktop\KMITL-Cinema\db\CinemaODB.odb' is closed by 1980@GIGABYTE-PC

------------------------------------------------------------------------------------------------------------------------

[2018-11-16 23:41:22 #1 store] 
Database 'C:\Users\Phijak\Desktop\KMITL-Cinema\db\CinemaODB.odb' is opened by 8804@GIGABYTE-PC

[2018-11-16 23:41:22 #2 store] 
Configuration path: C:\Users\Phijak\Desktop\KMITL-Cinema\objectdb\objectdb.conf

[2018-11-16 23:41:38 #3 store] 
Database 'C:\Users\Phijak\Desktop\KMITL-Cinema\db\CinemaODB.odb' is closed by 8804@GIGABYTE-PC

------------------------------------------------------------------------------------------------------------------------

[2018-11-16 23:45:14 #1 store] 
Database 'C:\Users\Phijak\Desktop\KMITL-Cinema\db\CinemaODB.odb' is opened by 8884@GIGABYTE-PC

[2018-11-16 23:45:14 #2 store] 
Configuration path: C:\Users\Phijak\Desktop\KMITL-Cinema\objectdb\objectdb.conf

[2018-11-16 23:45:19 #3 store] 
Database 'C:\Users\Phijak\Desktop\KMITL-Cinema\db\CinemaODB.odb' is closed by 8884@GIGABYTE-PC

------------------------------------------------------------------------------------------------------------------------

[2018-11-16 23:45:29 #1 store] 
Database 'C:\Users\Phijak\Desktop\KMITL-Cinema\db\CinemaODB.odb' is opened by 16872@GIGABYTE-PC

[2018-11-16 23:45:29 #2 store] 
Configuration path: C:\Users\Phijak\Desktop\KMITL-Cinema\objectdb\objectdb.conf

[2018-11-16 23:45:59 #3 store] 
Database 'C:\Users\Phijak\Desktop\KMITL-Cinema\db\CinemaODB.odb' is closed by 16872@GIGABYTE-PC

------------------------------------------------------------------------------------------------------------------------

[2018-11-16 23:47:26 #1 store] 
Database 'C:\Users\Phijak\Desktop\KMITL-Cinema\db\CinemaODB.odb' is opened by 15616@GIGABYTE-PC

[2018-11-16 23:47:26 #2 store] 
Configuration path: C:\Users\Phijak\Desktop\KMITL-Cinema\objectdb\objectdb.conf

[2018-11-16 23:48:14 #3 store] 
Database 'C:\Users\Phijak\Desktop\KMITL-Cinema\db\CinemaODB.odb' is closed by 15616@GIGABYTE-PC

------------------------------------------------------------------------------------------------------------------------

[2018-11-16 23:48:23 #1 store] 
Database 'C:\Users\Phijak\Desktop\KMITL-Cinema\db\CinemaODB.odb' is opened by 4092@GIGABYTE-PC

[2018-11-16 23:48:23 #2 store] 
Configuration path: C:\Users\Phijak\Desktop\KMITL-Cinema\objectdb\objectdb.conf

[2018-11-16 23:48:39 #3 store] 
Database 'C:\Users\Phijak\Desktop\KMITL-Cinema\db\CinemaODB.odb' is closed by 4092@GIGABYTE-PC

