------------------------------------------------------------------------------------------------------------------------

[2018-11-17 02:12:06 #1 store] 
Database 'C:\Users\Phijak\Desktop\KMITL-Cinema\db\CinemaODB.odb' is opened by 13392@GIGABYTE-PC

[2018-11-17 02:12:06 #2 store] 
Configuration path: C:\Users\Phijak\Desktop\KMITL-Cinema\objectdb\objectdb.conf

[2018-11-17 02:12:13 #3 store] 
Database 'C:\Users\Phijak\Desktop\KMITL-Cinema\db\CinemaODB.odb' is closed by 13392@GIGABYTE-PC

------------------------------------------------------------------------------------------------------------------------

[2018-11-17 03:44:17 #1 store] 
Database 'C:\Users\Phijak\Desktop\KMITL-Cinema\db\CinemaODB.odb' is opened by 15740@GIGABYTE-PC

[2018-11-17 03:44:17 #2 store] 
Configuration path: C:\Users\Phijak\Desktop\KMITL-Cinema\objectdb\objectdb.conf

[2018-11-17 03:44:29 #3 store] 
Database 'C:\Users\Phijak\Desktop\KMITL-Cinema\db\CinemaODB.odb' is closed by 15740@GIGABYTE-PC

------------------------------------------------------------------------------------------------------------------------

[2018-11-17 06:56:13 #1 store] 
Database 'C:\Users\Phijak\Desktop\KMITL-Cinema\db\CinemaODB.odb' is opened by 9836@GIGABYTE-PC

[2018-11-17 06:56:13 #2 store] 
Configuration path: C:\Users\Phijak\Desktop\KMITL-Cinema\objectdb\objectdb.conf

[2018-11-17 06:56:16 #3 store] 
Database 'C:\Users\Phijak\Desktop\KMITL-Cinema\db\CinemaODB.odb' is closed by 9836@GIGABYTE-PC

------------------------------------------------------------------------------------------------------------------------

[2018-11-17 12:16:30 #1 store] 
Database 'C:\Users\Phijak\Desktop\KMITL-Cinema\db\CinemaODB.odb' is opened by 7800@GIGABYTE-PC

[2018-11-17 12:16:30 #2 store] 
Configuration path: C:\Users\Phijak\Desktop\KMITL-Cinema\objectdb\objectdb.conf

[2018-11-17 12:16:46 #3 store] 
Database 'C:\Users\Phijak\Desktop\KMITL-Cinema\db\CinemaODB.odb' is closed by 7800@GIGABYTE-PC

------------------------------------------------------------------------------------------------------------------------

[2018-11-17 14:21:55 #1 store] 
Database 'C:\Users\Phijak\Desktop\KMITL-Cinema\db\CinemaODB.odb' is opened by 6600@GIGABYTE-PC

[2018-11-17 14:21:55 #2 store] 
Configuration path: C:\Users\Phijak\Desktop\KMITL-Cinema\objectdb\objectdb.conf

[2018-11-17 14:22:14 #3 store] 
Database 'C:\Users\Phijak\Desktop\KMITL-Cinema\db\CinemaODB.odb' is closed by 6600@GIGABYTE-PC

------------------------------------------------------------------------------------------------------------------------

[2018-11-17 14:51:29 #1 store] 
Database 'C:\Users\Phijak\Desktop\KMITL-Cinema\db\CinemaODB.odb' is opened by 124@GIGABYTE-PC

[2018-11-17 14:51:29 #2 store] 
Configuration path: C:\Users\Phijak\Desktop\KMITL-Cinema\objectdb\objectdb.conf

[2018-11-17 14:51:43 #3 store] 
Database 'C:\Users\Phijak\Desktop\KMITL-Cinema\db\CinemaODB.odb' is closed by 124@GIGABYTE-PC

------------------------------------------------------------------------------------------------------------------------

[2018-11-17 15:30:27 #1 store] 
Database 'C:\Users\Phijak\Desktop\KMITL-Cinema\db\CinemaODB.odb' is opened by 8052@GIGABYTE-PC

[2018-11-17 15:30:27 #2 store] 
Configuration path: C:\Users\Phijak\Desktop\KMITL-Cinema\objectdb\objectdb.conf

[2018-11-17 15:31:52 #3 store] 
Database 'C:\Users\Phijak\Desktop\KMITL-Cinema\db\CinemaODB.odb' is closed by 8052@GIGABYTE-PC

------------------------------------------------------------------------------------------------------------------------

[2018-11-17 15:32:04 #1 store] 
Database 'C:\Users\Phijak\Desktop\KMITL-Cinema\db\CinemaODB.odb' is opened by 11424@GIGABYTE-PC

[2018-11-17 15:32:04 #2 store] 
Configuration path: C:\Users\Phijak\Desktop\KMITL-Cinema\objectdb\objectdb.conf

[2018-11-17 15:33:02 #3 store] 
Database 'C:\Users\Phijak\Desktop\KMITL-Cinema\db\CinemaODB.odb' is closed by 11424@GIGABYTE-PC

------------------------------------------------------------------------------------------------------------------------

[2018-11-17 15:35:24 #1 store] 
Database 'C:\Users\Phijak\Desktop\KMITL-Cinema\db\CinemaODB.odb' is opened by 9896@GIGABYTE-PC

[2018-11-17 15:35:24 #2 store] 
Configuration path: C:\Users\Phijak\Desktop\KMITL-Cinema\objectdb\objectdb.conf

[2018-11-17 15:35:48 #3 store] 
Database 'C:\Users\Phijak\Desktop\KMITL-Cinema\db\CinemaODB.odb' is closed by 9896@GIGABYTE-PC

------------------------------------------------------------------------------------------------------------------------

[2018-11-17 22:48:47 #1 store] 
Database 'C:\Users\Phijak\Desktop\KMITL-Cinema\db\CinemaODB.odb' is opened by 18056@GIGABYTE-PC

[2018-11-17 22:48:47 #2 store] 
Configuration path: C:\Users\Phijak\Desktop\KMITL-Cinema\objectdb\objectdb.conf

[2018-11-17 22:49:15 #3 store] 
Database 'C:\Users\Phijak\Desktop\KMITL-Cinema\db\CinemaODB.odb' is closed by 18056@GIGABYTE-PC

------------------------------------------------------------------------------------------------------------------------

[2018-11-17 22:49:33 #1 store] 
Database 'C:\Users\Phijak\Desktop\KMITL-Cinema\db\CinemaODB.odb' is opened by 18048@GIGABYTE-PC

[2018-11-17 22:49:33 #2 store] 
Configuration path: C:\Users\Phijak\Desktop\KMITL-Cinema\objectdb\objectdb.conf

[2018-11-17 22:49:47 #3 store] 
Database 'C:\Users\Phijak\Desktop\KMITL-Cinema\db\CinemaODB.odb' is closed by 18048@GIGABYTE-PC

------------------------------------------------------------------------------------------------------------------------

[2018-11-17 23:21:37 #1 explorer] 
[ObjectDB 2.7.6] javax.persistence.PersistenceException
Attempt to open a database file 'C:\Users\Phijak\Desktop\KMITL-Cinema\db\CinemaODB.odb' that is currently in use by another process (error 141)
	at com.objectdb.Explorer$1.run(Explorer.java:57)
	at java.awt.event.InvocationEvent.dispatch(Unknown Source)
	at java.awt.EventQueue.dispatchEventImpl(Unknown Source)
	at java.awt.EventQueue.access$500(Unknown Source)
	at java.awt.EventQueue$3.run(Unknown Source)
	at java.awt.EventQueue$3.run(Unknown Source)
	at java.security.AccessController.doPrivileged(Native Method)
	at java.security.ProtectionDomain$JavaSecurityAccessImpl.doIntersectionPrivilege(Unknown Source)
	at java.awt.EventQueue.dispatchEvent(Unknown Source)
	at java.awt.EventDispatchThread.pumpOneEventForFilters(Unknown Source)
	at java.awt.EventDispatchThread.pumpEventsForFilter(Unknown Source)
	at java.awt.EventDispatchThread.pumpEventsForHierarchy(Unknown Source)
	at java.awt.EventDispatchThread.pumpEvents(Unknown Source)
	at java.awt.EventDispatchThread.pumpEvents(Unknown Source)
	at java.awt.EventDispatchThread.run(Unknown Source)
Caused by: com.objectdb.o.UserException: Attempt to open a database file 'C:\Users\Phijak\Desktop\KMITL-Cinema\db\CinemaODB.odb' that is currently in use by another process
	at com.objectdb.o.MSG.a(MSG.java:64)
	at com.objectdb.o.LFL.J(LFL.java:930)
	at com.objectdb.o.LFL.x(LFL.java:887)
	at com.objectdb.o.LFL.x(LFL.java:797)
	at com.objectdb.o.DFL.<init>(DFL.java:241)
	at com.objectdb.o.DMG.<init>(DMG.java:27)
	at com.objectdb.o.MST.<init>(MST.java:127)
	at com.objectdb.o.MST.ao(MST.java:109)
	at com.objectdb.o.MSF.Z0(MSF.java:190)
	at com.objectdb.o.OMF.r(OMF.java:783)
	at com.objectdb.jpa.EMF.r(EMF.java:130)
	at com.objectdb.o.OMF.w(OMF.java:694)
	at com.objectdb.jpa.EMF.createEntityManager(EMF.java:149)
	... 17 more

------------------------------------------------------------------------------------------------------------------------

[2018-11-17 23:22:13 #1 explorer] 
[ObjectDB 2.7.6] javax.persistence.PersistenceException
Attempt to open a database file 'C:\Users\Phijak\Desktop\KMITL-Cinema\db\CinemaODB.odb' that is currently in use by another process (error 141)
	at com.objectdb.Explorer$1.run(Explorer.java:57)
	at java.awt.event.InvocationEvent.dispatch(Unknown Source)
	at java.awt.EventQueue.dispatchEventImpl(Unknown Source)
	at java.awt.EventQueue.access$500(Unknown Source)
	at java.awt.EventQueue$3.run(Unknown Source)
	at java.awt.EventQueue$3.run(Unknown Source)
	at java.security.AccessController.doPrivileged(Native Method)
	at java.security.ProtectionDomain$JavaSecurityAccessImpl.doIntersectionPrivilege(Unknown Source)
	at java.awt.EventQueue.dispatchEvent(Unknown Source)
	at java.awt.EventDispatchThread.pumpOneEventForFilters(Unknown Source)
	at java.awt.EventDispatchThread.pumpEventsForFilter(Unknown Source)
	at java.awt.EventDispatchThread.pumpEventsForHierarchy(Unknown Source)
	at java.awt.EventDispatchThread.pumpEvents(Unknown Source)
	at java.awt.EventDispatchThread.pumpEvents(Unknown Source)
	at java.awt.EventDispatchThread.run(Unknown Source)
Caused by: com.objectdb.o.UserException: Attempt to open a database file 'C:\Users\Phijak\Desktop\KMITL-Cinema\db\CinemaODB.odb' that is currently in use by another process
	at com.objectdb.o.MSG.a(MSG.java:64)
	at com.objectdb.o.LFL.J(LFL.java:930)
	at com.objectdb.o.LFL.x(LFL.java:887)
	at com.objectdb.o.LFL.x(LFL.java:797)
	at com.objectdb.o.DFL.<init>(DFL.java:241)
	at com.objectdb.o.DMG.<init>(DMG.java:27)
	at com.objectdb.o.MST.<init>(MST.java:127)
	at com.objectdb.o.MST.ao(MST.java:109)
	at com.objectdb.o.MSF.Z0(MSF.java:190)
	at com.objectdb.o.OMF.r(OMF.java:783)
	at com.objectdb.jpa.EMF.r(EMF.java:130)
	at com.objectdb.o.OMF.w(OMF.java:694)
	at com.objectdb.jpa.EMF.createEntityManager(EMF.java:149)
	... 17 more

------------------------------------------------------------------------------------------------------------------------

[2018-11-17 23:22:18 #1 store] 
Database 'C:\Users\Phijak\Desktop\KMITL-Cinema\db\CinemaODB.odb' has been recovered (tr. 241-241)

[2018-11-17 23:22:18 #2 store] 
Database 'C:\Users\Phijak\Desktop\KMITL-Cinema\db\CinemaODB.odb' is opened by 2412@GIGABYTE-PC

[2018-11-17 23:22:18 #3 store] 
Configuration path: C:\Users\Phijak\Desktop\KMITL-Cinema\objectdb\objectdb.conf

[2018-11-17 23:23:53 #4 store] 
Database 'C:\Users\Phijak\Desktop\KMITL-Cinema\db\CinemaODB.odb' is closed by 2412@GIGABYTE-PC

------------------------------------------------------------------------------------------------------------------------

[2018-11-17 23:23:55 #1 store] 
Database 'C:\Users\Phijak\Desktop\KMITL-Cinema\db\CinemaODB.odb' is opened by 17796@GIGABYTE-PC

[2018-11-17 23:23:55 #2 store] 
Configuration path: C:\Users\Phijak\Desktop\KMITL-Cinema\objectdb\objectdb.conf

[2018-11-17 23:24:50 #3 store] 
Database 'C:\Users\Phijak\Desktop\KMITL-Cinema\db\CinemaODB.odb' is closed by 17796@GIGABYTE-PC

------------------------------------------------------------------------------------------------------------------------

[2018-11-17 23:28:28 #1 store] 
Database 'C:\Users\Phijak\Desktop\KMITL-Cinema\db\CinemaODB.odb' is opened by 13212@GIGABYTE-PC

[2018-11-17 23:28:28 #2 store] 
Configuration path: C:\Users\Phijak\Desktop\KMITL-Cinema\objectdb\objectdb.conf

[2018-11-17 23:28:43 #3 store] 
Database 'C:\Users\Phijak\Desktop\KMITL-Cinema\db\CinemaODB.odb' is closed by 13212@GIGABYTE-PC

------------------------------------------------------------------------------------------------------------------------

[2018-11-17 23:29:24 #1 store] 
Database 'C:\Users\Phijak\Desktop\KMITL-Cinema\db\CinemaODB.odb' is opened by 18068@GIGABYTE-PC

[2018-11-17 23:29:24 #2 store] 
Configuration path: C:\Users\Phijak\Desktop\KMITL-Cinema\objectdb\objectdb.conf

[2018-11-17 23:29:41 #3 store] 
Database 'C:\Users\Phijak\Desktop\KMITL-Cinema\db\CinemaODB.odb' is closed by 18068@GIGABYTE-PC

------------------------------------------------------------------------------------------------------------------------

[2018-11-17 23:38:01 #1 store] 
Database 'C:\Users\Phijak\Desktop\KMITL-Cinema\db\CinemaODB.odb' is opened by 11340@GIGABYTE-PC

[2018-11-17 23:38:01 #2 store] 
Configuration path: C:\Users\Phijak\Desktop\KMITL-Cinema\objectdb\objectdb.conf

[2018-11-17 23:38:28 #3 store] 
Database 'C:\Users\Phijak\Desktop\KMITL-Cinema\db\CinemaODB.odb' is closed by 11340@GIGABYTE-PC

------------------------------------------------------------------------------------------------------------------------

[2018-11-17 23:46:44 #1 store] 
Database 'C:\Users\Phijak\Desktop\KMITL-Cinema\db\CinemaODB.odb' is opened by 16720@GIGABYTE-PC

[2018-11-17 23:46:44 #2 store] 
Configuration path: C:\Users\Phijak\Desktop\KMITL-Cinema\objectdb\objectdb.conf

[2018-11-17 23:47:50 #3 store] 
Database 'C:\Users\Phijak\Desktop\KMITL-Cinema\db\CinemaODB.odb' is closed by 16720@GIGABYTE-PC

------------------------------------------------------------------------------------------------------------------------

[2018-11-17 23:48:02 #1 store] 
Database 'C:\Users\Phijak\Desktop\KMITL-Cinema\db\CinemaODB.odb' is opened by 14352@GIGABYTE-PC

[2018-11-17 23:48:02 #2 store] 
Configuration path: C:\Users\Phijak\Desktop\KMITL-Cinema\objectdb\objectdb.conf

[2018-11-17 23:48:16 #3 store] 
Database 'C:\Users\Phijak\Desktop\KMITL-Cinema\db\CinemaODB.odb' is closed by 14352@GIGABYTE-PC

------------------------------------------------------------------------------------------------------------------------

[2018-11-17 23:48:44 #1 store] 
Database 'C:\Users\Phijak\Desktop\KMITL-Cinema\db\CinemaODB.odb' is opened by 7024@GIGABYTE-PC

[2018-11-17 23:48:44 #2 store] 
Configuration path: C:\Users\Phijak\Desktop\KMITL-Cinema\objectdb\objectdb.conf

[2018-11-17 23:50:10 #3 store] 
Database 'C:\Users\Phijak\Desktop\KMITL-Cinema\db\CinemaODB.odb' is closed by 7024@GIGABYTE-PC

------------------------------------------------------------------------------------------------------------------------

[2018-11-17 23:50:51 #1 store] 
Database 'C:\Users\Phijak\Desktop\KMITL-Cinema\db\CinemaODB.odb' is opened by 17412@GIGABYTE-PC

[2018-11-17 23:50:51 #2 store] 
Configuration path: C:\Users\Phijak\Desktop\KMITL-Cinema\objectdb\objectdb.conf

[2018-11-17 23:51:06 #3 store] 
Database 'C:\Users\Phijak\Desktop\KMITL-Cinema\db\CinemaODB.odb' is closed by 17412@GIGABYTE-PC

------------------------------------------------------------------------------------------------------------------------

[2018-11-17 23:55:00 #1 store] 
Database 'C:\Users\Phijak\Desktop\KMITL-Cinema\db\CinemaODB.odb' is opened by 1112@GIGABYTE-PC

[2018-11-17 23:55:00 #2 store] 
Configuration path: C:\Users\Phijak\Desktop\KMITL-Cinema\objectdb\objectdb.conf

[2018-11-17 23:57:26 #3 type.registry] 
New type java.lang.Class

[2018-11-18 00:00:18 #4 store] 
Database 'C:\Users\Phijak\Desktop\KMITL-Cinema\db\CinemaODB.odb' is closed by 1112@GIGABYTE-PC

