------------------------------------------------------------------------------------------------------------------------

[2018-11-13 18:42:17 #1 store] 
Database 'C:\Users\Phijak\Desktop\Cinema Database\objectdb-2.7.6\db\CinemaDB.odb' is opened by 8420@DESKTOP-Q653M8N

[2018-11-13 18:42:17 #2 store] 
Configuration path: C:\Users\Phijak\Desktop\Cinema Database\objectdb-2.7.6\objectdb.conf

[2018-11-13 18:42:17 #3 type.registry] 
New type cinema.database.User

[2018-11-13 18:42:17 #4 type] 
Type cinema.database.User is not enhanced.

[2018-11-13 18:42:17 #5 type.registry] 
New type cinema.database.Booking

[2018-11-13 18:42:17 #6 type.registry] 
New type java.util.ArrayList<java.lang.Object>

[2018-11-13 18:42:17 #7 type.registry] 
New type java.util.ArrayList<cinema.database.Booking>

[2018-11-13 18:42:17 #8 store] 
Database 'C:\Users\Phijak\Desktop\Cinema Database\objectdb-2.7.6\db\CinemaDB.odb' is closed by 8420@DESKTOP-Q653M8N

------------------------------------------------------------------------------------------------------------------------

[2018-11-13 18:42:27 #1 store] 
Database 'C:\Users\Phijak\Desktop\Cinema Database\objectdb-2.7.6\db\CinemaDB.odb' is opened by 4520@DESKTOP-Q653M8N

[2018-11-13 18:42:27 #2 store] 
Configuration path: C:\Users\Phijak\Desktop\Cinema Database\objectdb-2.7.6\objectdb.conf

[2018-11-13 18:42:27 #3 type] 
Type cinema.database.User is not enhanced.

[2018-11-13 18:42:27 #4 store] 
Database 'C:\Users\Phijak\Desktop\Cinema Database\objectdb-2.7.6\db\CinemaDB.odb' is closed by 4520@DESKTOP-Q653M8N

------------------------------------------------------------------------------------------------------------------------

[2018-11-13 19:01:40 #1 store] 
Database 'C:\Users\Phijak\Desktop\Cinema Database\objectdb\db\CinemaDB.odb' is opened by 13064@DESKTOP-Q653M8N

[2018-11-13 19:01:40 #2 store] 
Configuration path: C:\Users\Phijak\Desktop\Cinema Database\objectdb\objectdb.conf

[2018-11-13 19:01:40 #3 type.registry] 
New type cinema.database.User

[2018-11-13 19:01:40 #4 type] 
Type cinema.database.User is not enhanced.

[2018-11-13 19:01:40 #5 type.registry] 
New type cinema.database.Booking

[2018-11-13 19:01:40 #6 type.registry] 
New type java.util.ArrayList<java.lang.Object>

[2018-11-13 19:01:40 #7 type.registry] 
New type java.util.ArrayList<cinema.database.Booking>

[2018-11-13 19:01:40 #8 store] 
Database 'C:\Users\Phijak\Desktop\Cinema Database\objectdb\db\CinemaDB.odb' is closed by 13064@DESKTOP-Q653M8N

------------------------------------------------------------------------------------------------------------------------

[2018-11-13 19:01:55 #1 store] 
Database 'C:\Users\Phijak\Desktop\Cinema Database\objectdb\db\CinemaDB.odb' is opened by 3612@DESKTOP-Q653M8N

[2018-11-13 19:01:55 #2 store] 
Configuration path: C:\Users\Phijak\Desktop\Cinema Database\objectdb\objectdb.conf

[2018-11-13 19:04:49 #3 store] 
Database 'C:\Users\Phijak\Desktop\Cinema Database\objectdb\db\CinemaDB.odb' is closed by 3612@DESKTOP-Q653M8N

------------------------------------------------------------------------------------------------------------------------

[2018-11-13 19:04:50 #1 store] 
Database 'C:\Users\Phijak\Desktop\Cinema Database\objectdb\db\CinemaDB.odb' is opened by 14056@DESKTOP-Q653M8N

[2018-11-13 19:04:50 #2 store] 
Configuration path: C:\Users\Phijak\Desktop\Cinema Database\objectdb\objectdb.conf

[2018-11-13 19:04:51 #3 type] 
Type cinema.database.User is not enhanced.

[2018-11-13 19:04:51 #4 store] 
Database 'C:\Users\Phijak\Desktop\Cinema Database\objectdb\db\CinemaDB.odb' is closed by 14056@DESKTOP-Q653M8N

------------------------------------------------------------------------------------------------------------------------

[2018-11-13 19:04:54 #1 store] 
Database 'C:\Users\Phijak\Desktop\Cinema Database\objectdb\db\CinemaDB.odb' is opened by 11460@DESKTOP-Q653M8N

[2018-11-13 19:04:54 #2 store] 
Configuration path: C:\Users\Phijak\Desktop\Cinema Database\objectdb\objectdb.conf

[2018-11-13 19:10:18 #3 store] 
Database 'C:\Users\Phijak\Desktop\Cinema Database\objectdb\db\CinemaDB.odb' is closed by 11460@DESKTOP-Q653M8N

------------------------------------------------------------------------------------------------------------------------

[2018-11-13 19:10:20 #1 store] 
Database 'C:\Users\Phijak\Desktop\Cinema Database\objectdb\db\CinemaDB.odb' is opened by 6448@DESKTOP-Q653M8N

[2018-11-13 19:10:20 #2 store] 
Configuration path: C:\Users\Phijak\Desktop\Cinema Database\objectdb\objectdb.conf

[2018-11-13 19:10:20 #3 type] 
Type cinema.database.User is not enhanced.

[2018-11-13 19:10:21 #4 store] 
Database 'C:\Users\Phijak\Desktop\Cinema Database\objectdb\db\CinemaDB.odb' is closed by 6448@DESKTOP-Q653M8N

------------------------------------------------------------------------------------------------------------------------

[2018-11-13 19:10:22 #1 store] 
Database 'C:\Users\Phijak\Desktop\Cinema Database\objectdb\db\CinemaDB.odb' is opened by 8276@DESKTOP-Q653M8N

[2018-11-13 19:10:22 #2 store] 
Configuration path: C:\Users\Phijak\Desktop\Cinema Database\objectdb\objectdb.conf

[2018-11-13 19:10:22 #3 type] 
Type cinema.database.User is not enhanced.

[2018-11-13 19:10:22 #4 store] 
Database 'C:\Users\Phijak\Desktop\Cinema Database\objectdb\db\CinemaDB.odb' is closed by 8276@DESKTOP-Q653M8N

------------------------------------------------------------------------------------------------------------------------

[2018-11-13 19:10:23 #1 store] 
Database 'C:\Users\Phijak\Desktop\Cinema Database\objectdb\db\CinemaDB.odb' is opened by 17168@DESKTOP-Q653M8N

[2018-11-13 19:10:23 #2 store] 
Configuration path: C:\Users\Phijak\Desktop\Cinema Database\objectdb\objectdb.conf

[2018-11-13 19:10:23 #3 type] 
Type cinema.database.User is not enhanced.

[2018-11-13 19:10:23 #4 store] 
Database 'C:\Users\Phijak\Desktop\Cinema Database\objectdb\db\CinemaDB.odb' is closed by 17168@DESKTOP-Q653M8N

------------------------------------------------------------------------------------------------------------------------

[2018-11-13 19:10:24 #1 store] 
Database 'C:\Users\Phijak\Desktop\Cinema Database\objectdb\db\CinemaDB.odb' is opened by 1676@DESKTOP-Q653M8N

[2018-11-13 19:10:24 #2 store] 
Configuration path: C:\Users\Phijak\Desktop\Cinema Database\objectdb\objectdb.conf

[2018-11-13 19:10:24 #3 type] 
Type cinema.database.User is not enhanced.

[2018-11-13 19:10:24 #4 store] 
Database 'C:\Users\Phijak\Desktop\Cinema Database\objectdb\db\CinemaDB.odb' is closed by 1676@DESKTOP-Q653M8N

------------------------------------------------------------------------------------------------------------------------

[2018-11-13 19:10:29 #1 store] 
Database 'C:\Users\Phijak\Desktop\Cinema Database\objectdb\db\CinemaDB.odb' is opened by 9440@DESKTOP-Q653M8N

[2018-11-13 19:10:29 #2 store] 
Configuration path: C:\Users\Phijak\Desktop\Cinema Database\objectdb\objectdb.conf

[2018-11-13 19:10:37 #3 store] 
Database 'C:\Users\Phijak\Desktop\Cinema Database\objectdb\db\CinemaDB.odb' is closed by 9440@DESKTOP-Q653M8N

------------------------------------------------------------------------------------------------------------------------

[2018-11-13 19:11:08 #1 store] 
Database 'C:\Users\Phijak\Desktop\Cinema Database\objectdb\db\CinemaDB.odb' is opened by 13716@DESKTOP-Q653M8N

[2018-11-13 19:11:08 #2 store] 
Configuration path: C:\Users\Phijak\Desktop\Cinema Database\objectdb\objectdb.conf

[2018-11-13 19:11:09 #3 type] 
Type cinema.database.User is not enhanced.

[2018-11-13 19:11:09 #4 store] 
Database 'C:\Users\Phijak\Desktop\Cinema Database\objectdb\db\CinemaDB.odb' is closed by 13716@DESKTOP-Q653M8N

[2018-11-13 19:11:09 #5 store] 
Database 'C:\Users\Phijak\Desktop\Cinema Database\objectdb\db\CinemaDB.odb' is opened by 13716@DESKTOP-Q653M8N

[2018-11-13 19:11:09 #6 store] 
Configuration path: C:\Users\Phijak\Desktop\Cinema Database\objectdb\objectdb.conf

[2018-11-13 19:11:09 #7 store] 
Database 'C:\Users\Phijak\Desktop\Cinema Database\objectdb\db\CinemaDB.odb' is closed by 13716@DESKTOP-Q653M8N

------------------------------------------------------------------------------------------------------------------------

[2018-11-13 19:11:42 #1 store] 
Database 'C:\Users\Phijak\Desktop\Cinema Database\objectdb\db\CinemaDB.odb' is opened by 2184@DESKTOP-Q653M8N

[2018-11-13 19:11:42 #2 store] 
Configuration path: C:\Users\Phijak\Desktop\Cinema Database\objectdb\objectdb.conf

[2018-11-13 19:11:42 #3 type] 
Type cinema.database.User is not enhanced.

[2018-11-13 19:11:42 #4 store] 
Database 'C:\Users\Phijak\Desktop\Cinema Database\objectdb\db\CinemaDB.odb' is closed by 2184@DESKTOP-Q653M8N

[2018-11-13 19:11:42 #5 store] 
Database 'C:\Users\Phijak\Desktop\Cinema Database\objectdb\db\CinemaDB.odb' is opened by 2184@DESKTOP-Q653M8N

[2018-11-13 19:11:42 #6 store] 
Configuration path: C:\Users\Phijak\Desktop\Cinema Database\objectdb\objectdb.conf

[2018-11-13 19:11:43 #7 store] 
Database 'C:\Users\Phijak\Desktop\Cinema Database\objectdb\db\CinemaDB.odb' is closed by 2184@DESKTOP-Q653M8N

------------------------------------------------------------------------------------------------------------------------

[2018-11-13 19:11:46 #1 store] 
Database 'C:\Users\Phijak\Desktop\Cinema Database\objectdb\db\CinemaDB.odb' is opened by 9312@DESKTOP-Q653M8N

[2018-11-13 19:11:46 #2 store] 
Configuration path: C:\Users\Phijak\Desktop\Cinema Database\objectdb\objectdb.conf

[2018-11-13 19:11:51 #3 store] 
Database 'C:\Users\Phijak\Desktop\Cinema Database\objectdb\db\CinemaDB.odb' is closed by 9312@DESKTOP-Q653M8N

------------------------------------------------------------------------------------------------------------------------

[2018-11-13 19:12:20 #1 store] 
Database 'C:\Users\Phijak\Desktop\Cinema Database\objectdb\db\CinemaDB.odb' is opened by 7976@DESKTOP-Q653M8N

[2018-11-13 19:12:20 #2 store] 
Configuration path: C:\Users\Phijak\Desktop\Cinema Database\objectdb\objectdb.conf

[2018-11-13 19:12:20 #3 type] 
Type cinema.database.User is not enhanced.

[2018-11-13 19:12:20 #4 store] 
Database 'C:\Users\Phijak\Desktop\Cinema Database\objectdb\db\CinemaDB.odb' is closed by 7976@DESKTOP-Q653M8N

[2018-11-13 19:12:20 #5 store] 
Database 'C:\Users\Phijak\Desktop\Cinema Database\objectdb\db\CinemaDB.odb' is opened by 7976@DESKTOP-Q653M8N

[2018-11-13 19:12:20 #6 store] 
Configuration path: C:\Users\Phijak\Desktop\Cinema Database\objectdb\objectdb.conf

[2018-11-13 19:12:20 #7 store] 
Database 'C:\Users\Phijak\Desktop\Cinema Database\objectdb\db\CinemaDB.odb' is closed by 7976@DESKTOP-Q653M8N

------------------------------------------------------------------------------------------------------------------------

[2018-11-13 19:12:27 #1 store] 
Database 'C:\Users\Phijak\Desktop\Cinema Database\objectdb\db\CinemaDB.odb' is opened by 12116@DESKTOP-Q653M8N

[2018-11-13 19:12:27 #2 store] 
Configuration path: C:\Users\Phijak\Desktop\Cinema Database\objectdb\objectdb.conf

[2018-11-13 19:12:38 #3 store] 
Database 'C:\Users\Phijak\Desktop\Cinema Database\objectdb\db\CinemaDB.odb' is closed by 12116@DESKTOP-Q653M8N

------------------------------------------------------------------------------------------------------------------------

[2018-11-13 19:24:04 #1 store] 
Database 'C:\Users\Phijak\Desktop\Cinema Database\objectdb\db\CinemaDB.odb' is opened by 10752@DESKTOP-Q653M8N

[2018-11-13 19:24:04 #2 store] 
Configuration path: C:\Users\Phijak\Desktop\Cinema Database\objectdb\objectdb.conf

[2018-11-13 19:24:14 #3 store] 
Database 'C:\Users\Phijak\Desktop\Cinema Database\objectdb\db\CinemaDB.odb' is closed by 10752@DESKTOP-Q653M8N

------------------------------------------------------------------------------------------------------------------------

[2018-11-13 19:24:15 #1 store] 
Database 'C:\Users\Phijak\Desktop\Cinema Database\objectdb\db\CinemaDB.odb' is opened by 3092@DESKTOP-Q653M8N

[2018-11-13 19:24:15 #2 store] 
Configuration path: C:\Users\Phijak\Desktop\Cinema Database\objectdb\objectdb.conf

[2018-11-13 19:24:15 #3 type] 
Type cinema.database.User is not enhanced.

[2018-11-13 19:24:16 #4 store] 
Database 'C:\Users\Phijak\Desktop\Cinema Database\objectdb\db\CinemaDB.odb' is closed by 3092@DESKTOP-Q653M8N

------------------------------------------------------------------------------------------------------------------------

[2018-11-13 19:24:42 #1 store] 
Database 'C:\Users\Phijak\Desktop\Cinema Database\objectdb\db\CinemaDB.odb' is opened by 8680@DESKTOP-Q653M8N

[2018-11-13 19:24:42 #2 store] 
Configuration path: C:\Users\Phijak\Desktop\Cinema Database\objectdb\objectdb.conf

[2018-11-13 19:24:42 #3 type] 
Type cinema.database.User is not enhanced.

[2018-11-13 19:24:43 #4 store] 
Database 'C:\Users\Phijak\Desktop\Cinema Database\objectdb\db\CinemaDB.odb' is closed by 8680@DESKTOP-Q653M8N

------------------------------------------------------------------------------------------------------------------------

[2018-11-13 19:24:44 #1 store] 
Database 'C:\Users\Phijak\Desktop\Cinema Database\objectdb\db\CinemaDB.odb' is opened by 1256@DESKTOP-Q653M8N

[2018-11-13 19:24:44 #2 store] 
Configuration path: C:\Users\Phijak\Desktop\Cinema Database\objectdb\objectdb.conf

[2018-11-13 19:24:44 #3 type] 
Type cinema.database.User is not enhanced.

[2018-11-13 19:24:44 #4 store] 
Database 'C:\Users\Phijak\Desktop\Cinema Database\objectdb\db\CinemaDB.odb' is closed by 1256@DESKTOP-Q653M8N

------------------------------------------------------------------------------------------------------------------------

[2018-11-13 19:27:05 #1 store] 
Database 'C:\Users\Phijak\Desktop\Cinema Database\objectdb\db\CinemaDB.odb' is opened by 13220@DESKTOP-Q653M8N

[2018-11-13 19:27:05 #2 store] 
Configuration path: C:\Users\Phijak\Desktop\Cinema Database\objectdb\objectdb.conf

[2018-11-13 19:27:05 #3 type] 
Type cinema.database.User is not enhanced.

[2018-11-13 19:27:05 #4 store] 
Database 'C:\Users\Phijak\Desktop\Cinema Database\objectdb\db\CinemaDB.odb' is closed by 13220@DESKTOP-Q653M8N

------------------------------------------------------------------------------------------------------------------------

[2018-11-13 19:27:20 #1 store] 
Database 'C:\Users\Phijak\Desktop\Cinema Database\objectdb\db\CinemaDB.odb' is opened by 7584@DESKTOP-Q653M8N

[2018-11-13 19:27:20 #2 store] 
Configuration path: C:\Users\Phijak\Desktop\Cinema Database\objectdb\objectdb.conf

[2018-11-13 19:27:20 #3 type] 
Type cinema.database.User is not enhanced.

[2018-11-13 19:27:20 #4 store] 
Database 'C:\Users\Phijak\Desktop\Cinema Database\objectdb\db\CinemaDB.odb' is closed by 7584@DESKTOP-Q653M8N

------------------------------------------------------------------------------------------------------------------------

[2018-11-13 19:27:52 #1 store] 
Database 'C:\Users\Phijak\Desktop\Cinema Database\objectdb\db\CinemaDB.odb' is opened by 17220@DESKTOP-Q653M8N

[2018-11-13 19:27:52 #2 store] 
Configuration path: C:\Users\Phijak\Desktop\Cinema Database\objectdb\objectdb.conf

[2018-11-13 19:27:52 #3 type] 
Type cinema.database.User is not enhanced.

[2018-11-13 19:27:52 #4 store] 
Database 'C:\Users\Phijak\Desktop\Cinema Database\objectdb\db\CinemaDB.odb' is closed by 17220@DESKTOP-Q653M8N

------------------------------------------------------------------------------------------------------------------------

[2018-11-13 19:30:18 #1 store] 
Database 'C:\Users\Phijak\Desktop\Cinema Database\objectdb\db\CinemaDB.odb' is opened by 2776@DESKTOP-Q653M8N

[2018-11-13 19:30:18 #2 store] 
Configuration path: C:\Users\Phijak\Desktop\Cinema Database\objectdb\objectdb.conf

[2018-11-13 19:30:18 #3 type] 
Type cinema.database.User is not enhanced.

[2018-11-13 19:30:18 #4 store] 
Database 'C:\Users\Phijak\Desktop\Cinema Database\objectdb\db\CinemaDB.odb' is closed by 2776@DESKTOP-Q653M8N

[2018-11-13 19:30:18 #5 store] 
Database 'C:\Users\Phijak\Desktop\Cinema Database\objectdb\db\CinemaDB.odb' is opened by 2776@DESKTOP-Q653M8N

[2018-11-13 19:30:18 #6 store] 
Configuration path: C:\Users\Phijak\Desktop\Cinema Database\objectdb\objectdb.conf

[2018-11-13 19:30:18 #7 store] 
Database 'C:\Users\Phijak\Desktop\Cinema Database\objectdb\db\CinemaDB.odb' is closed by 2776@DESKTOP-Q653M8N

[2018-11-13 19:30:18 #8 store] 
Database 'C:\Users\Phijak\Desktop\Cinema Database\objectdb\db\CinemaDB.odb' is opened by 2776@DESKTOP-Q653M8N

[2018-11-13 19:30:18 #9 store] 
Configuration path: C:\Users\Phijak\Desktop\Cinema Database\objectdb\objectdb.conf

[2018-11-13 19:30:18 #10 store] 
Database 'C:\Users\Phijak\Desktop\Cinema Database\objectdb\db\CinemaDB.odb' is closed by 2776@DESKTOP-Q653M8N

------------------------------------------------------------------------------------------------------------------------

[2018-11-13 19:31:27 #1 store] 
Database 'C:\Users\Phijak\Desktop\Cinema Database\objectdb\db\CinemaDB.odb' is opened by 16396@DESKTOP-Q653M8N

[2018-11-13 19:31:27 #2 store] 
Configuration path: C:\Users\Phijak\Desktop\Cinema Database\objectdb\objectdb.conf

[2018-11-13 19:31:27 #3 type] 
Type cinema.database.User is not enhanced.

[2018-11-13 19:31:28 #4 store] 
Database 'C:\Users\Phijak\Desktop\Cinema Database\objectdb\db\CinemaDB.odb' is closed by 16396@DESKTOP-Q653M8N

[2018-11-13 19:31:28 #5 store] 
Database 'C:\Users\Phijak\Desktop\Cinema Database\objectdb\db\CinemaDB.odb' is opened by 16396@DESKTOP-Q653M8N

[2018-11-13 19:31:28 #6 store] 
Configuration path: C:\Users\Phijak\Desktop\Cinema Database\objectdb\objectdb.conf

[2018-11-13 19:31:28 #7 store] 
Database 'C:\Users\Phijak\Desktop\Cinema Database\objectdb\db\CinemaDB.odb' is closed by 16396@DESKTOP-Q653M8N

[2018-11-13 19:31:28 #8 store] 
Database 'C:\Users\Phijak\Desktop\Cinema Database\objectdb\db\CinemaDB.odb' is opened by 16396@DESKTOP-Q653M8N

[2018-11-13 19:31:28 #9 store] 
Configuration path: C:\Users\Phijak\Desktop\Cinema Database\objectdb\objectdb.conf

[2018-11-13 19:31:28 #10 store] 
Database 'C:\Users\Phijak\Desktop\Cinema Database\objectdb\db\CinemaDB.odb' is closed by 16396@DESKTOP-Q653M8N

------------------------------------------------------------------------------------------------------------------------

[2018-11-13 19:31:40 #1 store] 
Database 'C:\Users\Phijak\Desktop\Cinema Database\objectdb\db\CinemaDB.odb' is opened by 9620@DESKTOP-Q653M8N

[2018-11-13 19:31:40 #2 store] 
Configuration path: C:\Users\Phijak\Desktop\Cinema Database\objectdb\objectdb.conf

[2018-11-13 19:31:42 #3 store] 
Database 'C:\Users\Phijak\Desktop\Cinema Database\objectdb\db\CinemaDB.odb' is closed by 9620@DESKTOP-Q653M8N

------------------------------------------------------------------------------------------------------------------------

[2018-11-13 19:31:54 #1 store] 
Database 'C:\Users\Phijak\Desktop\Cinema Database\objectdb\db\CinemaDB.odb' is opened by 1516@DESKTOP-Q653M8N

[2018-11-13 19:31:54 #2 store] 
Configuration path: C:\Users\Phijak\Desktop\Cinema Database\objectdb\objectdb.conf

------------------------------------------------------------------------------------------------------------------------

[2018-11-13 19:33:42 #1 explorer] 
[ObjectDB 2.7.6] javax.persistence.PersistenceException
Attempt to open a database file 'C:\Users\Phijak\Desktop\Cinema Database\objectdb\db\CinemaDB.odb' that is currently in use by another process (error 141)
	at com.objectdb.Explorer$1.run(Explorer.java:57)
	at java.awt.event.InvocationEvent.dispatch(Unknown Source)
	at java.awt.EventQueue.dispatchEventImpl(Unknown Source)
	at java.awt.EventQueue.access$500(Unknown Source)
	at java.awt.EventQueue$3.run(Unknown Source)
	at java.awt.EventQueue$3.run(Unknown Source)
	at java.security.AccessController.doPrivileged(Native Method)
	at java.security.ProtectionDomain$JavaSecurityAccessImpl.doIntersectionPrivilege(Unknown Source)
	at java.awt.EventQueue.dispatchEvent(Unknown Source)
	at java.awt.EventDispatchThread.pumpOneEventForFilters(Unknown Source)
	at java.awt.EventDispatchThread.pumpEventsForFilter(Unknown Source)
	at java.awt.EventDispatchThread.pumpEventsForHierarchy(Unknown Source)
	at java.awt.EventDispatchThread.pumpEvents(Unknown Source)
	at java.awt.EventDispatchThread.pumpEvents(Unknown Source)
	at java.awt.EventDispatchThread.run(Unknown Source)
Caused by: com.objectdb.o.UserException: Attempt to open a database file 'C:\Users\Phijak\Desktop\Cinema Database\objectdb\db\CinemaDB.odb' that is currently in use by another process
	at com.objectdb.o.MSG.a(MSG.java:64)
	at com.objectdb.o.LFL.J(LFL.java:930)
	at com.objectdb.o.LFL.x(LFL.java:887)
	at com.objectdb.o.LFL.x(LFL.java:797)
	at com.objectdb.o.DFL.<init>(DFL.java:241)
	at com.objectdb.o.DMG.<init>(DMG.java:27)
	at com.objectdb.o.MST.<init>(MST.java:127)
	at com.objectdb.o.MST.ao(MST.java:109)
	at com.objectdb.o.MSF.Z0(MSF.java:190)
	at com.objectdb.o.OMF.r(OMF.java:783)
	at com.objectdb.jpa.EMF.r(EMF.java:130)
	at com.objectdb.o.OMF.w(OMF.java:694)
	at com.objectdb.jpa.EMF.createEntityManager(EMF.java:149)
	... 17 more

[2018-11-13 19:33:45 #3 store] 
Database 'C:\Users\Phijak\Desktop\Cinema Database\objectdb\db\CinemaDB.odb' is closed by 1516@DESKTOP-Q653M8N

------------------------------------------------------------------------------------------------------------------------

[2018-11-13 19:44:39 #1 store] 
Database 'C:\Users\Phijak\Desktop\Cinema Database\objectdb\db\CinemaDB.odb' is opened by 7312@DESKTOP-Q653M8N

[2018-11-13 19:44:39 #2 store] 
Configuration path: C:\Users\Phijak\Desktop\Cinema Database\objectdb\objectdb.conf

[2018-11-13 19:44:39 #3 type] 
Type cinema.database.User is not enhanced.

[2018-11-13 19:44:39 #4 store] 
Database 'C:\Users\Phijak\Desktop\Cinema Database\objectdb\db\CinemaDB.odb' is closed by 7312@DESKTOP-Q653M8N

------------------------------------------------------------------------------------------------------------------------

[2018-11-13 19:44:48 #1 store] 
Database 'C:\Users\Phijak\Desktop\Cinema Database\objectdb\db\CinemaDB.odb' is opened by 7952@DESKTOP-Q653M8N

[2018-11-13 19:44:48 #2 store] 
Configuration path: C:\Users\Phijak\Desktop\Cinema Database\objectdb\objectdb.conf

[2018-11-13 19:44:48 #3 type] 
Type cinema.database.User is not enhanced.

[2018-11-13 19:44:48 #4 store] 
Database 'C:\Users\Phijak\Desktop\Cinema Database\objectdb\db\CinemaDB.odb' is closed by 7952@DESKTOP-Q653M8N

------------------------------------------------------------------------------------------------------------------------

[2018-11-13 19:44:53 #1 store] 
Database 'C:\Users\Phijak\Desktop\Cinema Database\objectdb\db\CinemaDB.odb' is opened by 7900@DESKTOP-Q653M8N

[2018-11-13 19:44:53 #2 store] 
Configuration path: C:\Users\Phijak\Desktop\Cinema Database\objectdb\objectdb.conf

[2018-11-13 19:44:53 #3 type] 
Type cinema.database.User is not enhanced.

[2018-11-13 19:44:53 #4 store] 
Database 'C:\Users\Phijak\Desktop\Cinema Database\objectdb\db\CinemaDB.odb' is closed by 7900@DESKTOP-Q653M8N

------------------------------------------------------------------------------------------------------------------------

[2018-11-13 19:47:01 #1 store] 
Database 'C:\Users\Phijak\Desktop\Cinema Database\objectdb\db\CinemaDB.odb' is opened by 14344@DESKTOP-Q653M8N

[2018-11-13 19:47:01 #2 store] 
Configuration path: C:\Users\Phijak\Desktop\Cinema Database\objectdb\objectdb.conf

[2018-11-13 19:47:01 #3 type] 
Type cinema.database.User is not enhanced.

[2018-11-13 19:47:01 #4 store] 
Database 'C:\Users\Phijak\Desktop\Cinema Database\objectdb\db\CinemaDB.odb' is closed by 14344@DESKTOP-Q653M8N

[2018-11-13 19:47:01 #5 store] 
Database 'C:\Users\Phijak\Desktop\Cinema Database\objectdb\db\CinemaDB.odb' is opened by 14344@DESKTOP-Q653M8N

[2018-11-13 19:47:01 #6 store] 
Configuration path: C:\Users\Phijak\Desktop\Cinema Database\objectdb\objectdb.conf

[2018-11-13 19:47:01 #7 store] 
Database 'C:\Users\Phijak\Desktop\Cinema Database\objectdb\db\CinemaDB.odb' is closed by 14344@DESKTOP-Q653M8N

------------------------------------------------------------------------------------------------------------------------

[2018-11-13 19:47:17 #1 store] 
Database 'C:\Users\Phijak\Desktop\Cinema Database\objectdb\db\CinemaDB.odb' is opened by 16736@DESKTOP-Q653M8N

[2018-11-13 19:47:17 #2 store] 
Configuration path: C:\Users\Phijak\Desktop\Cinema Database\objectdb\objectdb.conf

[2018-11-13 19:47:17 #3 type] 
Type cinema.database.User is not enhanced.

[2018-11-13 19:47:17 #4 store] 
Database 'C:\Users\Phijak\Desktop\Cinema Database\objectdb\db\CinemaDB.odb' is closed by 16736@DESKTOP-Q653M8N

------------------------------------------------------------------------------------------------------------------------

[2018-11-13 19:47:28 #1 store] 
Database 'C:\Users\Phijak\Desktop\Cinema Database\objectdb\db\CinemaDB.odb' is opened by 7756@DESKTOP-Q653M8N

[2018-11-13 19:47:28 #2 store] 
Configuration path: C:\Users\Phijak\Desktop\Cinema Database\objectdb\objectdb.conf

[2018-11-13 19:47:37 #3 store] 
Database 'C:\Users\Phijak\Desktop\Cinema Database\objectdb\db\CinemaDB.odb' is closed by 7756@DESKTOP-Q653M8N

------------------------------------------------------------------------------------------------------------------------

[2018-11-13 21:26:38 #1 server] 
Server on port 6136 has started by 14320@GIGABYTE-PC

------------------------------------------------------------------------------------------------------------------------

[2018-11-13 21:26:41 #1 store] 
Database 'C:\wamp64\www\OOAD\Cinema-CMD\db\student.odb' is opened by 9704@GIGABYTE-PC

[2018-11-13 21:26:41 #2 store] 
Configuration path: C:\Users\Phijak\Desktop\Cinema Database\objectdb\objectdb.conf

[2018-11-13 21:26:44 #3 store] 
Database 'C:\wamp64\www\OOAD\Cinema-CMD\db\student.odb' is closed by 9704@GIGABYTE-PC

------------------------------------------------------------------------------------------------------------------------

[2018-11-13 21:29:51 #1 store] 
Database 'C:\wamp64\www\OOAD\Cinema-CMD\db\student.odb' is opened by 11488@GIGABYTE-PC

[2018-11-13 21:29:51 #2 store] 
Configuration path: C:\Users\Phijak\Desktop\Cinema Database\objectdb\objectdb.conf

[2018-11-13 21:29:54 #3 store] 
Database 'C:\wamp64\www\OOAD\Cinema-CMD\db\student.odb' is closed by 11488@GIGABYTE-PC

------------------------------------------------------------------------------------------------------------------------

[2018-11-13 21:59:03 #1 store] 
Database 'C:\wamp64\www\OOAD\Cinema-CMD\db\student.odb' is opened by 13240@GIGABYTE-PC

[2018-11-13 21:59:03 #2 store] 
Configuration path: C:\Users\Phijak\Desktop\Cinema Database\objectdb\objectdb.conf

[2018-11-13 21:59:34 #3 store] 
Database 'C:\wamp64\www\OOAD\Cinema-CMD\db\student.odb' is closed by 13240@GIGABYTE-PC

------------------------------------------------------------------------------------------------------------------------

[2018-11-13 22:01:27 #1 store] 
Database 'C:\Users\Phijak\Desktop\Cinema Database\db\CinemaDB.odb' is opened by 7680@GIGABYTE-PC

[2018-11-13 22:01:27 #2 store] 
Configuration path: C:\Users\Phijak\Desktop\Cinema Database\objectdb\objectdb.conf

[2018-11-13 22:01:27 #3 type.registry] 
New type cinema.database.User

[2018-11-13 22:01:27 #4 type] 
Type cinema.database.User is not enhanced.

[2018-11-13 22:01:27 #5 type.registry] 
New type cinema.database.Booking

[2018-11-13 22:01:27 #6 type.registry] 
New type java.util.ArrayList<java.lang.Object>

[2018-11-13 22:01:27 #7 type.registry] 
New type java.util.ArrayList<cinema.database.Booking>

[2018-11-13 22:01:27 #8 store] 
Database 'C:\Users\Phijak\Desktop\Cinema Database\db\CinemaDB.odb' is closed by 7680@GIGABYTE-PC

------------------------------------------------------------------------------------------------------------------------

[2018-11-13 22:02:33 #1 store] 
Database 'C:\Users\Phijak\Desktop\Cinema Database\db\CinemaDB.odb' is opened by 15192@GIGABYTE-PC

[2018-11-13 22:02:33 #2 store] 
Configuration path: C:\Users\Phijak\Desktop\Cinema Database\objectdb\objectdb.conf

[2018-11-13 22:02:33 #3 type] 
Type cinema.database.User is not enhanced.

[2018-11-13 22:02:33 #4 store] 
Database 'C:\Users\Phijak\Desktop\Cinema Database\db\CinemaDB.odb' is closed by 15192@GIGABYTE-PC

------------------------------------------------------------------------------------------------------------------------

[2018-11-13 22:02:34 #1 store] 
Database 'C:\Users\Phijak\Desktop\Cinema Database\db\CinemaDB.odb' is opened by 12580@GIGABYTE-PC

[2018-11-13 22:02:34 #2 store] 
Configuration path: C:\Users\Phijak\Desktop\Cinema Database\objectdb\objectdb.conf

[2018-11-13 22:02:34 #3 type] 
Type cinema.database.User is not enhanced.

[2018-11-13 22:02:34 #4 store] 
Database 'C:\Users\Phijak\Desktop\Cinema Database\db\CinemaDB.odb' is closed by 12580@GIGABYTE-PC

------------------------------------------------------------------------------------------------------------------------

[2018-11-13 22:02:49 #1 store] 
Database 'C:\Users\Phijak\Desktop\Cinema Database\db\CinemaDB.odb' is opened by 2896@GIGABYTE-PC

[2018-11-13 22:02:49 #2 store] 
Configuration path: C:\Users\Phijak\Desktop\Cinema Database\objectdb\objectdb.conf

[2018-11-13 22:02:49 #3 type] 
Type cinema.database.User is not enhanced.

[2018-11-13 22:02:49 #4 store] 
Database 'C:\Users\Phijak\Desktop\Cinema Database\db\CinemaDB.odb' is closed by 2896@GIGABYTE-PC

------------------------------------------------------------------------------------------------------------------------

[2018-11-13 22:04:42 #1 store] 
Database 'C:\Users\Phijak\Desktop\Cinema Database\db\CinemaDB.odb' is opened by 17028@GIGABYTE-PC

[2018-11-13 22:04:42 #2 store] 
Configuration path: C:\Users\Phijak\Desktop\Cinema Database\objectdb\objectdb.conf

[2018-11-13 22:04:42 #3 type] 
Type cinema.database.User is not enhanced.

[2018-11-13 22:04:42 #4 store] 
Database 'C:\Users\Phijak\Desktop\Cinema Database\db\CinemaDB.odb' is closed by 17028@GIGABYTE-PC

[2018-11-13 22:04:42 #5 store] 
Database 'C:\Users\Phijak\Desktop\Cinema Database\db\CinemaDB.odb' is opened by 17028@GIGABYTE-PC

[2018-11-13 22:04:42 #6 store] 
Configuration path: C:\Users\Phijak\Desktop\Cinema Database\objectdb\objectdb.conf

[2018-11-13 22:04:42 #7 store] 
Database 'C:\Users\Phijak\Desktop\Cinema Database\db\CinemaDB.odb' is closed by 17028@GIGABYTE-PC

------------------------------------------------------------------------------------------------------------------------

[2018-11-13 22:05:11 #1 store] 
Database 'C:\Users\Phijak\Desktop\Cinema Database\db\CinemaDB.odb' is opened by 9604@GIGABYTE-PC

[2018-11-13 22:05:11 #2 store] 
Configuration path: C:\Users\Phijak\Desktop\Cinema Database\objectdb\objectdb.conf

[2018-11-13 22:05:11 #3 type] 
Type cinema.database.User is not enhanced.

[2018-11-13 22:05:11 #4 store] 
Database 'C:\Users\Phijak\Desktop\Cinema Database\db\CinemaDB.odb' is closed by 9604@GIGABYTE-PC

[2018-11-13 22:05:11 #5 store] 
Database 'C:\Users\Phijak\Desktop\Cinema Database\db\CinemaDB.odb' is opened by 9604@GIGABYTE-PC

[2018-11-13 22:05:11 #6 store] 
Configuration path: C:\Users\Phijak\Desktop\Cinema Database\objectdb\objectdb.conf

[2018-11-13 22:05:11 #7 store] 
Database 'C:\Users\Phijak\Desktop\Cinema Database\db\CinemaDB.odb' is closed by 9604@GIGABYTE-PC

------------------------------------------------------------------------------------------------------------------------

[2018-11-13 22:05:48 #1 store] 
Database 'C:\Users\Phijak\Desktop\Cinema Database\db\CinemaDB.odb' is opened by 3372@GIGABYTE-PC

[2018-11-13 22:05:48 #2 store] 
Configuration path: C:\Users\Phijak\Desktop\Cinema Database\objectdb\objectdb.conf

[2018-11-13 22:05:48 #3 type] 
Type cinema.database.User is not enhanced.

[2018-11-13 22:05:48 #4 store] 
Database 'C:\Users\Phijak\Desktop\Cinema Database\db\CinemaDB.odb' is closed by 3372@GIGABYTE-PC

------------------------------------------------------------------------------------------------------------------------

[2018-11-13 22:06:10 #1 store] 
Database 'C:\Users\Phijak\Desktop\Cinema Database\db\CinemaDB.odb' is opened by 16188@GIGABYTE-PC

[2018-11-13 22:06:10 #2 store] 
Configuration path: C:\Users\Phijak\Desktop\Cinema Database\objectdb\objectdb.conf

[2018-11-13 22:06:10 #3 type] 
Type cinema.database.User is not enhanced.

[2018-11-13 22:06:10 #4 store] 
Database 'C:\Users\Phijak\Desktop\Cinema Database\db\CinemaDB.odb' is closed by 16188@GIGABYTE-PC

------------------------------------------------------------------------------------------------------------------------

[2018-11-13 22:06:32 #1 store] 
Database 'C:\Users\Phijak\Desktop\Cinema Database\db\CinemaDB.odb' is opened by 7540@GIGABYTE-PC

[2018-11-13 22:06:32 #2 store] 
Configuration path: C:\Users\Phijak\Desktop\Cinema Database\objectdb\objectdb.conf

[2018-11-13 22:06:32 #3 type] 
Type cinema.database.User is not enhanced.

[2018-11-13 22:06:33 #4 store] 
Database 'C:\Users\Phijak\Desktop\Cinema Database\db\CinemaDB.odb' is closed by 7540@GIGABYTE-PC

[2018-11-13 22:06:33 #5 store] 
Database 'C:\Users\Phijak\Desktop\Cinema Database\db\CinemaDB.odb' is opened by 7540@GIGABYTE-PC

[2018-11-13 22:06:33 #6 store] 
Configuration path: C:\Users\Phijak\Desktop\Cinema Database\objectdb\objectdb.conf

[2018-11-13 22:06:33 #7 store] 
Database 'C:\Users\Phijak\Desktop\Cinema Database\db\CinemaDB.odb' is closed by 7540@GIGABYTE-PC

[2018-11-13 22:06:33 #8 store] 
Database 'C:\Users\Phijak\Desktop\Cinema Database\db\CinemaDB.odb' is opened by 7540@GIGABYTE-PC

[2018-11-13 22:06:33 #9 store] 
Configuration path: C:\Users\Phijak\Desktop\Cinema Database\objectdb\objectdb.conf

[2018-11-13 22:06:33 #10 store] 
Database 'C:\Users\Phijak\Desktop\Cinema Database\db\CinemaDB.odb' is closed by 7540@GIGABYTE-PC

------------------------------------------------------------------------------------------------------------------------

[2018-11-13 22:07:20 #1 store] 
Database 'C:\Users\Phijak\Desktop\Cinema Database\db\CinemaDB.odb' is opened by 10148@GIGABYTE-PC

[2018-11-13 22:07:20 #2 store] 
Configuration path: C:\Users\Phijak\Desktop\Cinema Database\objectdb\objectdb.conf

[2018-11-13 22:07:20 #3 type] 
Type cinema.database.User is not enhanced.

[2018-11-13 22:07:20 #4 store] 
Database 'C:\Users\Phijak\Desktop\Cinema Database\db\CinemaDB.odb' is closed by 10148@GIGABYTE-PC

------------------------------------------------------------------------------------------------------------------------

[2018-11-13 22:07:25 #1 store] 
Database 'C:\Users\Phijak\Desktop\Cinema Database\db\CinemaDB.odb' is opened by 16664@GIGABYTE-PC

[2018-11-13 22:07:25 #2 store] 
Configuration path: C:\Users\Phijak\Desktop\Cinema Database\objectdb\objectdb.conf

[2018-11-13 22:07:25 #3 type] 
Type cinema.database.User is not enhanced.

[2018-11-13 22:07:25 #4 store] 
Database 'C:\Users\Phijak\Desktop\Cinema Database\db\CinemaDB.odb' is closed by 16664@GIGABYTE-PC

------------------------------------------------------------------------------------------------------------------------

[2018-11-13 22:10:34 #1 store] 
Database 'C:\Users\Phijak\Desktop\Cinema Database\db\CinemaDB.odb' is opened by 17232@GIGABYTE-PC

[2018-11-13 22:10:34 #2 store] 
Configuration path: C:\Users\Phijak\Desktop\Cinema Database\objectdb\objectdb.conf

[2018-11-13 22:10:34 #3 type] 
Type cinema.database.User is not enhanced.

[2018-11-13 22:10:34 #4 store] 
Database 'C:\Users\Phijak\Desktop\Cinema Database\db\CinemaDB.odb' is closed by 17232@GIGABYTE-PC

------------------------------------------------------------------------------------------------------------------------

[2018-11-13 22:10:40 #1 store] 
Database 'C:\Users\Phijak\Desktop\Cinema Database\db\CinemaDB.odb' is opened by 12900@GIGABYTE-PC

[2018-11-13 22:10:40 #2 store] 
Configuration path: C:\Users\Phijak\Desktop\Cinema Database\objectdb\objectdb.conf

[2018-11-13 22:10:40 #3 type] 
Type cinema.database.User is not enhanced.

[2018-11-13 22:10:40 #4 store] 
Database 'C:\Users\Phijak\Desktop\Cinema Database\db\CinemaDB.odb' is closed by 12900@GIGABYTE-PC

------------------------------------------------------------------------------------------------------------------------

[2018-11-13 22:19:11 #1 store] 
Database 'C:\Users\Phijak\Desktop\Cinema Database\objectdb\db\CinemaDB.odb' is opened by 4072@GIGABYTE-PC

[2018-11-13 22:19:11 #2 store] 
Configuration path: C:\Users\Phijak\Desktop\Cinema Database\objectdb\objectdb.conf

[2018-11-13 22:19:11 #3 type] 
Type cinema.database.User is not enhanced.

[2018-11-13 22:19:11 #4 type.registry] 
New type cinema.database.Promotion

[2018-11-13 22:19:11 #5 type.registry] 
New type cinema.database.Movie

[2018-11-13 22:19:11 #6 type] 
Type cinema.database.Movie is not enhanced.

[2018-11-13 22:19:11 #7 store] 
Database 'C:\Users\Phijak\Desktop\Cinema Database\objectdb\db\CinemaDB.odb' is closed by 4072@GIGABYTE-PC

------------------------------------------------------------------------------------------------------------------------

[2018-11-13 22:19:32 #1 store] 
Database 'C:\Users\Phijak\Desktop\Cinema Database\objectdb\db\CinemaDB.odb' is opened by 8140@GIGABYTE-PC

[2018-11-13 22:19:32 #2 store] 
Configuration path: C:\Users\Phijak\Desktop\Cinema Database\objectdb\objectdb.conf

[2018-11-13 22:19:32 #3 type] 
Type cinema.database.User is not enhanced.

[2018-11-13 22:19:32 #4 type] 
Type cinema.database.Movie is not enhanced.

[2018-11-13 22:19:32 #5 store] 
Database 'C:\Users\Phijak\Desktop\Cinema Database\objectdb\db\CinemaDB.odb' is closed by 8140@GIGABYTE-PC

------------------------------------------------------------------------------------------------------------------------

[2018-11-13 22:19:33 #1 store] 
Database 'C:\Users\Phijak\Desktop\Cinema Database\objectdb\db\CinemaDB.odb' is opened by 11852@GIGABYTE-PC

[2018-11-13 22:19:33 #2 store] 
Configuration path: C:\Users\Phijak\Desktop\Cinema Database\objectdb\objectdb.conf

[2018-11-13 22:19:33 #3 type] 
Type cinema.database.User is not enhanced.

[2018-11-13 22:19:33 #4 type] 
Type cinema.database.Movie is not enhanced.

[2018-11-13 22:19:33 #5 store] 
Database 'C:\Users\Phijak\Desktop\Cinema Database\objectdb\db\CinemaDB.odb' is closed by 11852@GIGABYTE-PC

------------------------------------------------------------------------------------------------------------------------

[2018-11-13 22:19:34 #1 store] 
Database 'C:\Users\Phijak\Desktop\Cinema Database\objectdb\db\CinemaDB.odb' is opened by 8000@GIGABYTE-PC

[2018-11-13 22:19:34 #2 store] 
Configuration path: C:\Users\Phijak\Desktop\Cinema Database\objectdb\objectdb.conf

[2018-11-13 22:19:34 #3 type] 
Type cinema.database.User is not enhanced.

[2018-11-13 22:19:34 #4 type] 
Type cinema.database.Movie is not enhanced.

[2018-11-13 22:19:34 #5 store] 
Database 'C:\Users\Phijak\Desktop\Cinema Database\objectdb\db\CinemaDB.odb' is closed by 8000@GIGABYTE-PC

------------------------------------------------------------------------------------------------------------------------

[2018-11-13 22:20:10 #1 store] 
Database 'C:\Users\Phijak\Desktop\Cinema Database\objectdb\db\CinemaDB.odb' is opened by 13344@GIGABYTE-PC

[2018-11-13 22:20:10 #2 store] 
Configuration path: C:\Users\Phijak\Desktop\Cinema Database\objectdb\objectdb.conf

[2018-11-13 22:20:10 #3 type] 
Type cinema.database.User is not enhanced.

[2018-11-13 22:20:10 #4 type] 
Type cinema.database.Movie is not enhanced.

[2018-11-13 22:20:10 #5 store] 
Database 'C:\Users\Phijak\Desktop\Cinema Database\objectdb\db\CinemaDB.odb' is closed by 13344@GIGABYTE-PC

------------------------------------------------------------------------------------------------------------------------

[2018-11-13 22:20:35 #1 store] 
Database 'C:\Users\Phijak\Desktop\Cinema Database\objectdb\db\CinemaDB.odb' is opened by 5048@GIGABYTE-PC

[2018-11-13 22:20:35 #2 store] 
Configuration path: C:\Users\Phijak\Desktop\Cinema Database\objectdb\objectdb.conf

[2018-11-13 22:20:36 #3 type] 
Type cinema.database.User is not enhanced.

[2018-11-13 22:20:36 #4 type] 
Type cinema.database.Movie is not enhanced.

[2018-11-13 22:20:36 #5 store] 
Database 'C:\Users\Phijak\Desktop\Cinema Database\objectdb\db\CinemaDB.odb' is closed by 5048@GIGABYTE-PC

------------------------------------------------------------------------------------------------------------------------

[2018-11-13 22:22:07 #1 store] 
Database 'C:\Users\Phijak\Desktop\Cinema Database\objectdb\db\CinemaDB.odb' is opened by 13188@GIGABYTE-PC

[2018-11-13 22:22:07 #2 store] 
Configuration path: C:\Users\Phijak\Desktop\Cinema Database\objectdb\objectdb.conf

[2018-11-13 22:22:07 #3 type] 
Type cinema.database.User is not enhanced.

[2018-11-13 22:22:07 #4 type] 
Type cinema.database.Movie is not enhanced.

[2018-11-13 22:22:07 #5 store] 
Database 'C:\Users\Phijak\Desktop\Cinema Database\objectdb\db\CinemaDB.odb' is closed by 13188@GIGABYTE-PC

[2018-11-13 22:22:07 #6 store] 
Database 'C:\Users\Phijak\Desktop\Cinema Database\objectdb\db\CinemaDB.odb' is opened by 13188@GIGABYTE-PC

[2018-11-13 22:22:07 #7 store] 
Configuration path: C:\Users\Phijak\Desktop\Cinema Database\objectdb\objectdb.conf

[2018-11-13 22:22:07 #8 store] 
Database 'C:\Users\Phijak\Desktop\Cinema Database\objectdb\db\CinemaDB.odb' is closed by 13188@GIGABYTE-PC

------------------------------------------------------------------------------------------------------------------------

[2018-11-13 22:23:06 #1 store] 
Database 'C:\Users\Phijak\Desktop\Cinema Database\objectdb\db\CinemaDB.odb' is opened by 13852@GIGABYTE-PC

[2018-11-13 22:23:06 #2 store] 
Configuration path: C:\Users\Phijak\Desktop\Cinema Database\objectdb\objectdb.conf

[2018-11-13 22:23:06 #3 type] 
Type cinema.database.User is not enhanced.

[2018-11-13 22:23:06 #4 type] 
Type cinema.database.Movie is not enhanced.

[2018-11-13 22:23:06 #5 store] 
Database 'C:\Users\Phijak\Desktop\Cinema Database\objectdb\db\CinemaDB.odb' is closed by 13852@GIGABYTE-PC

------------------------------------------------------------------------------------------------------------------------

[2018-11-13 22:23:22 #1 store] 
Database 'C:\Users\Phijak\Desktop\Cinema Database\objectdb\db\CinemaDB.odb' is opened by 2616@GIGABYTE-PC

[2018-11-13 22:23:22 #2 store] 
Configuration path: C:\Users\Phijak\Desktop\Cinema Database\objectdb\objectdb.conf

[2018-11-13 22:23:22 #3 type] 
Type cinema.database.User is not enhanced.

[2018-11-13 22:23:22 #4 type] 
Type cinema.database.Movie is not enhanced.

[2018-11-13 22:23:22 #5 store] 
Database 'C:\Users\Phijak\Desktop\Cinema Database\objectdb\db\CinemaDB.odb' is closed by 2616@GIGABYTE-PC

[2018-11-13 22:23:22 #6 store] 
Database 'C:\Users\Phijak\Desktop\Cinema Database\db\CinemaDB.odb' is opened by 2616@GIGABYTE-PC

[2018-11-13 22:23:22 #7 store] 
Configuration path: C:\Users\Phijak\Desktop\Cinema Database\objectdb\objectdb.conf

[2018-11-13 22:23:22 #8 type.registry] 
New type cinema.database.Promotion

[2018-11-13 22:23:22 #9 store] 
Database 'C:\Users\Phijak\Desktop\Cinema Database\db\CinemaDB.odb' is closed by 2616@GIGABYTE-PC

------------------------------------------------------------------------------------------------------------------------

[2018-11-13 22:23:28 #1 store] 
Database 'C:\Users\Phijak\Desktop\Cinema Database\objectdb\db\CinemaDB.odb' is opened by 6076@GIGABYTE-PC

[2018-11-13 22:23:28 #2 store] 
Configuration path: C:\Users\Phijak\Desktop\Cinema Database\objectdb\objectdb.conf

[2018-11-13 22:23:28 #3 type] 
Type cinema.database.User is not enhanced.

[2018-11-13 22:23:28 #4 type] 
Type cinema.database.Movie is not enhanced.

[2018-11-13 22:23:28 #5 store] 
Database 'C:\Users\Phijak\Desktop\Cinema Database\objectdb\db\CinemaDB.odb' is closed by 6076@GIGABYTE-PC

[2018-11-13 22:23:28 #6 store] 
Database 'C:\Users\Phijak\Desktop\Cinema Database\db\CinemaDB.odb' is opened by 6076@GIGABYTE-PC

[2018-11-13 22:23:28 #7 store] 
Configuration path: C:\Users\Phijak\Desktop\Cinema Database\objectdb\objectdb.conf

[2018-11-13 22:23:28 #8 type.registry] 
New type java.util.ArrayList<cinema.database.Promotion>

[2018-11-13 22:23:28 #9 store] 
Database 'C:\Users\Phijak\Desktop\Cinema Database\db\CinemaDB.odb' is closed by 6076@GIGABYTE-PC

------------------------------------------------------------------------------------------------------------------------

[2018-11-13 22:53:04 #1 store] 
Database 'C:\Users\Phijak\Desktop\Cinema Database\objectdb\db\CinemaDB.odb' is opened by 2388@GIGABYTE-PC

[2018-11-13 22:53:04 #2 store] 
Configuration path: C:\Users\Phijak\Desktop\Cinema Database\objectdb\objectdb.conf

[2018-11-13 22:53:04 #3 type] 
Type cinema.database.User is not enhanced.

[2018-11-13 22:53:04 #4 type] 
Type cinema.database.Promotion is not enhanced.

[2018-11-13 22:53:04 #5 type] 
Type cinema.database.Movie is not enhanced.

[2018-11-13 22:53:04 #6 store] 
Database 'C:\Users\Phijak\Desktop\Cinema Database\objectdb\db\CinemaDB.odb' is closed by 2388@GIGABYTE-PC

------------------------------------------------------------------------------------------------------------------------

[2018-11-13 22:53:38 #1 store] 
Database 'C:\Users\Phijak\Desktop\Cinema Database\objectdb\db\CinemaDB.odb' is opened by 16140@GIGABYTE-PC

[2018-11-13 22:53:38 #2 store] 
Configuration path: C:\Users\Phijak\Desktop\Cinema Database\objectdb\objectdb.conf

[2018-11-13 22:53:38 #3 type] 
Type cinema.database.User is not enhanced.

[2018-11-13 22:53:38 #4 type] 
Type cinema.database.Promotion is not enhanced.

[2018-11-13 22:53:38 #5 type] 
Type cinema.database.Movie is not enhanced.

[2018-11-13 22:53:38 #6 store] 
Database 'C:\Users\Phijak\Desktop\Cinema Database\objectdb\db\CinemaDB.odb' is closed by 16140@GIGABYTE-PC

------------------------------------------------------------------------------------------------------------------------

[2018-11-13 22:53:39 #1 store] 
Database 'C:\Users\Phijak\Desktop\Cinema Database\objectdb\db\CinemaDB.odb' is opened by 8488@GIGABYTE-PC

[2018-11-13 22:53:39 #2 store] 
Configuration path: C:\Users\Phijak\Desktop\Cinema Database\objectdb\objectdb.conf

[2018-11-13 22:53:39 #3 type] 
Type cinema.database.User is not enhanced.

[2018-11-13 22:53:39 #4 type] 
Type cinema.database.Promotion is not enhanced.

[2018-11-13 22:53:39 #5 type] 
Type cinema.database.Movie is not enhanced.

[2018-11-13 22:53:39 #6 store] 
Database 'C:\Users\Phijak\Desktop\Cinema Database\objectdb\db\CinemaDB.odb' is closed by 8488@GIGABYTE-PC

------------------------------------------------------------------------------------------------------------------------

[2018-11-13 22:54:28 #1 store] 
Database 'C:\Users\Phijak\Desktop\Cinema Database\objectdb\db\CinemaDB.odb' is opened by 16020@GIGABYTE-PC

[2018-11-13 22:54:28 #2 store] 
Configuration path: C:\Users\Phijak\Desktop\Cinema Database\objectdb\objectdb.conf

[2018-11-13 22:54:29 #3 type] 
Type cinema.database.User is not enhanced.

[2018-11-13 22:54:29 #4 type] 
Type cinema.database.Promotion is not enhanced.

[2018-11-13 22:54:29 #5 type] 
Type cinema.database.Movie is not enhanced.

[2018-11-13 22:54:29 #6 store] 
Database 'C:\Users\Phijak\Desktop\Cinema Database\objectdb\db\CinemaDB.odb' is closed by 16020@GIGABYTE-PC

------------------------------------------------------------------------------------------------------------------------

[2018-11-13 22:54:59 #1 store] 
Database 'C:\Users\Phijak\Desktop\Cinema Database\objectdb\db\CinemaDB.odb' is opened by 5584@GIGABYTE-PC

[2018-11-13 22:54:59 #2 store] 
Configuration path: C:\Users\Phijak\Desktop\Cinema Database\objectdb\objectdb.conf

[2018-11-13 22:54:59 #3 type] 
Type cinema.database.User is not enhanced.

[2018-11-13 22:54:59 #4 type] 
Type cinema.database.Promotion is not enhanced.

[2018-11-13 22:54:59 #5 type] 
Type cinema.database.Movie is not enhanced.

[2018-11-13 22:54:59 #6 store] 
Database 'C:\Users\Phijak\Desktop\Cinema Database\objectdb\db\CinemaDB.odb' is closed by 5584@GIGABYTE-PC

------------------------------------------------------------------------------------------------------------------------

[2018-11-13 22:56:35 #1 store] 
Database 'C:\Users\Phijak\Desktop\Cinema Database\objectdb\db\CinemaDB.odb' is opened by 2244@GIGABYTE-PC

[2018-11-13 22:56:35 #2 store] 
Configuration path: C:\Users\Phijak\Desktop\Cinema Database\objectdb\objectdb.conf

[2018-11-13 22:56:35 #3 type] 
Type cinema.database.User is not enhanced.

[2018-11-13 22:56:35 #4 type] 
Type cinema.database.Promotion is not enhanced.

[2018-11-13 22:56:35 #5 type] 
Type cinema.database.Movie is not enhanced.

[2018-11-13 22:56:35 #6 store] 
Database 'C:\Users\Phijak\Desktop\Cinema Database\objectdb\db\CinemaDB.odb' is closed by 2244@GIGABYTE-PC

------------------------------------------------------------------------------------------------------------------------

[2018-11-13 22:57:44 #1 store] 
Database 'C:\Users\Phijak\Desktop\Cinema Database\objectdb\db\CinemaDB.odb' is opened by 15240@GIGABYTE-PC

[2018-11-13 22:57:44 #2 store] 
Configuration path: C:\Users\Phijak\Desktop\Cinema Database\objectdb\objectdb.conf

[2018-11-13 22:57:44 #3 type] 
Type cinema.database.User is not enhanced.

[2018-11-13 22:57:44 #4 type] 
Type cinema.database.Promotion is not enhanced.

[2018-11-13 22:57:44 #5 type] 
Type cinema.database.Movie is not enhanced.

[2018-11-13 22:57:44 #6 store] 
Database 'C:\Users\Phijak\Desktop\Cinema Database\objectdb\db\CinemaDB.odb' is closed by 15240@GIGABYTE-PC

[2018-11-13 22:57:44 #7 store] 
Database 'C:\Users\Phijak\Desktop\Cinema Database\objectdb\db\CinemaDB.odb' is opened by 15240@GIGABYTE-PC

[2018-11-13 22:57:44 #8 store] 
Configuration path: C:\Users\Phijak\Desktop\Cinema Database\objectdb\objectdb.conf

[2018-11-13 22:57:44 #9 store] 
Database 'C:\Users\Phijak\Desktop\Cinema Database\objectdb\db\CinemaDB.odb' is closed by 15240@GIGABYTE-PC

------------------------------------------------------------------------------------------------------------------------

[2018-11-13 22:59:57 #1 store] 
Database 'C:\Users\Phijak\Desktop\Cinema Database\objectdb\db\CinemaDB.odb' is opened by 8960@GIGABYTE-PC

[2018-11-13 22:59:57 #2 store] 
Configuration path: C:\Users\Phijak\Desktop\Cinema Database\objectdb\objectdb.conf

[2018-11-13 22:59:57 #3 type] 
Type cinema.database.User is not enhanced.

[2018-11-13 22:59:57 #4 type] 
Type cinema.database.Promotion is not enhanced.

[2018-11-13 22:59:57 #5 type] 
Type cinema.database.Movie is not enhanced.

[2018-11-13 22:59:57 #6 store] 
Database 'C:\Users\Phijak\Desktop\Cinema Database\objectdb\db\CinemaDB.odb' is closed by 8960@GIGABYTE-PC

[2018-11-13 22:59:57 #7 store] 
Database 'C:\Users\Phijak\Desktop\Cinema Database\objectdb\db\CinemaDB.odb' is opened by 8960@GIGABYTE-PC

[2018-11-13 22:59:57 #8 store] 
Configuration path: C:\Users\Phijak\Desktop\Cinema Database\objectdb\objectdb.conf

[2018-11-13 22:59:57 #9 store] 
Database 'C:\Users\Phijak\Desktop\Cinema Database\objectdb\db\CinemaDB.odb' is closed by 8960@GIGABYTE-PC

------------------------------------------------------------------------------------------------------------------------

[2018-11-13 23:00:29 #1 store] 
Database 'C:\Users\Phijak\Desktop\Cinema Database\objectdb\db\CinemaDB.odb' is opened by 11312@GIGABYTE-PC

[2018-11-13 23:00:29 #2 store] 
Configuration path: C:\Users\Phijak\Desktop\Cinema Database\objectdb\objectdb.conf

[2018-11-13 23:00:29 #3 type] 
Type cinema.database.User is not enhanced.

[2018-11-13 23:00:29 #4 type] 
Type cinema.database.Promotion is not enhanced.

[2018-11-13 23:00:29 #5 type] 
Type cinema.database.Movie is not enhanced.

[2018-11-13 23:00:29 #6 store] 
Database 'C:\Users\Phijak\Desktop\Cinema Database\objectdb\db\CinemaDB.odb' is closed by 11312@GIGABYTE-PC

------------------------------------------------------------------------------------------------------------------------

[2018-11-13 23:01:09 #1 store] 
Database 'C:\Users\Phijak\Desktop\Cinema Database\objectdb\db\CinemaDB.odb' is opened by 3976@GIGABYTE-PC

[2018-11-13 23:01:09 #2 store] 
Configuration path: C:\Users\Phijak\Desktop\Cinema Database\objectdb\objectdb.conf

[2018-11-13 23:01:09 #3 type] 
Type cinema.database.User is not enhanced.

[2018-11-13 23:01:09 #4 type] 
Type cinema.database.Promotion is not enhanced.

[2018-11-13 23:01:09 #5 type] 
Type cinema.database.Movie is not enhanced.

[2018-11-13 23:01:09 #6 store] 
Database 'C:\Users\Phijak\Desktop\Cinema Database\objectdb\db\CinemaDB.odb' is closed by 3976@GIGABYTE-PC

------------------------------------------------------------------------------------------------------------------------

[2018-11-13 23:01:29 #1 store] 
Database 'C:\Users\Phijak\Desktop\Cinema Database\objectdb\db\CinemaDB.odb' is opened by 1932@GIGABYTE-PC

[2018-11-13 23:01:29 #2 store] 
Configuration path: C:\Users\Phijak\Desktop\Cinema Database\objectdb\objectdb.conf

[2018-11-13 23:01:29 #3 type] 
Type cinema.database.User is not enhanced.

[2018-11-13 23:01:29 #4 type] 
Type cinema.database.Promotion is not enhanced.

[2018-11-13 23:01:29 #5 type] 
Type cinema.database.Movie is not enhanced.

[2018-11-13 23:01:29 #6 store] 
Database 'C:\Users\Phijak\Desktop\Cinema Database\objectdb\db\CinemaDB.odb' is closed by 1932@GIGABYTE-PC

------------------------------------------------------------------------------------------------------------------------

[2018-11-13 23:01:35 #1 store] 
Database 'C:\Users\Phijak\Desktop\Cinema Database\objectdb\db\CinemaDB.odb' is opened by 7932@GIGABYTE-PC

[2018-11-13 23:01:35 #2 store] 
Configuration path: C:\Users\Phijak\Desktop\Cinema Database\objectdb\objectdb.conf

[2018-11-13 23:01:35 #3 type] 
Type cinema.database.User is not enhanced.

[2018-11-13 23:01:35 #4 type] 
Type cinema.database.Promotion is not enhanced.

[2018-11-13 23:01:35 #5 type] 
Type cinema.database.Movie is not enhanced.

[2018-11-13 23:01:35 #6 store] 
Database 'C:\Users\Phijak\Desktop\Cinema Database\objectdb\db\CinemaDB.odb' is closed by 7932@GIGABYTE-PC

------------------------------------------------------------------------------------------------------------------------

[2018-11-13 23:01:37 #1 store] 
Database 'C:\Users\Phijak\Desktop\Cinema Database\objectdb\db\CinemaDB.odb' is opened by 4108@GIGABYTE-PC

[2018-11-13 23:01:37 #2 store] 
Configuration path: C:\Users\Phijak\Desktop\Cinema Database\objectdb\objectdb.conf

[2018-11-13 23:01:37 #3 type] 
Type cinema.database.User is not enhanced.

[2018-11-13 23:01:37 #4 type] 
Type cinema.database.Promotion is not enhanced.

[2018-11-13 23:01:37 #5 type] 
Type cinema.database.Movie is not enhanced.

[2018-11-13 23:01:37 #6 store] 
Database 'C:\Users\Phijak\Desktop\Cinema Database\objectdb\db\CinemaDB.odb' is closed by 4108@GIGABYTE-PC

------------------------------------------------------------------------------------------------------------------------

[2018-11-13 23:34:40 #1 store] 
Database 'C:\Users\Phijak\Desktop\Cinema Database\db\CinemaDB.odb' is opened by 15592@GIGABYTE-PC

[2018-11-13 23:34:40 #2 store] 
Configuration path: C:\Users\Phijak\Desktop\Cinema Database\objectdb\objectdb.conf

[2018-11-13 23:34:40 #3 type] 
Type cinema.database.User is not enhanced.

[2018-11-13 23:34:40 #4 type] 
Type cinema.database.Promotion is not enhanced.

[2018-11-13 23:34:40 #5 store] 
Database 'C:\Users\Phijak\Desktop\Cinema Database\db\CinemaDB.odb' is closed by 15592@GIGABYTE-PC

------------------------------------------------------------------------------------------------------------------------

[2018-11-13 23:35:11 #1 store] 
Database 'C:\Users\Phijak\Desktop\Cinema Database\db\CinemaDB.odb' is opened by 14428@GIGABYTE-PC

[2018-11-13 23:35:11 #2 store] 
Configuration path: C:\Users\Phijak\Desktop\Cinema Database\objectdb\objectdb.conf

[2018-11-13 23:35:11 #3 type] 
Type cinema.database.User is not enhanced.

[2018-11-13 23:35:11 #4 type] 
Type cinema.database.Promotion is not enhanced.

[2018-11-13 23:35:11 #5 store] 
Database 'C:\Users\Phijak\Desktop\Cinema Database\db\CinemaDB.odb' is closed by 14428@GIGABYTE-PC

------------------------------------------------------------------------------------------------------------------------

[2018-11-13 23:37:01 #1 store] 
Database 'C:\Users\Phijak\Desktop\Cinema Database\objectdb\db\CinemaDB.odb' is opened by 13996@GIGABYTE-PC

[2018-11-13 23:37:01 #2 store] 
Configuration path: C:\Users\Phijak\Desktop\Cinema Database\objectdb\objectdb.conf

[2018-11-13 23:37:01 #3 type] 
Type cinema.database.User is not enhanced.

[2018-11-13 23:37:01 #4 type] 
Type cinema.database.Promotion is not enhanced.

[2018-11-13 23:37:01 #5 type] 
Type cinema.database.Movie is not enhanced.

[2018-11-13 23:37:01 #6 store] 
Database 'C:\Users\Phijak\Desktop\Cinema Database\objectdb\db\CinemaDB.odb' is closed by 13996@GIGABYTE-PC

------------------------------------------------------------------------------------------------------------------------

[2018-11-13 23:38:22 #1 store] 
Database 'C:\Users\Phijak\Desktop\Cinema Database\objectdb\db\CinemaDB.odb' is opened by 8264@GIGABYTE-PC

[2018-11-13 23:38:22 #2 store] 
Configuration path: C:\Users\Phijak\Desktop\Cinema Database\objectdb\objectdb.conf

[2018-11-13 23:38:22 #3 type] 
Type cinema.database.User is not enhanced.

[2018-11-13 23:38:22 #4 type] 
Type cinema.database.Promotion is not enhanced.

[2018-11-13 23:38:22 #5 type] 
Type cinema.database.Movie is not enhanced.

[2018-11-13 23:38:22 #6 store] 
Database 'C:\Users\Phijak\Desktop\Cinema Database\objectdb\db\CinemaDB.odb' is closed by 8264@GIGABYTE-PC

[2018-11-13 23:38:22 #7 store] 
Database 'C:\Users\Phijak\Desktop\Cinema Database\db\CinemaDB.odb' is opened by 8264@GIGABYTE-PC

[2018-11-13 23:38:22 #8 store] 
Configuration path: C:\Users\Phijak\Desktop\Cinema Database\objectdb\objectdb.conf

[2018-11-13 23:38:22 #9 store] 
Database 'C:\Users\Phijak\Desktop\Cinema Database\db\CinemaDB.odb' is closed by 8264@GIGABYTE-PC

[2018-11-13 23:38:22 #10 store] 
Database 'C:\Users\Phijak\Desktop\Cinema Database\db\CinemaDB.odb' is opened by 8264@GIGABYTE-PC

[2018-11-13 23:38:22 #11 store] 
Configuration path: C:\Users\Phijak\Desktop\Cinema Database\objectdb\objectdb.conf

[2018-11-13 23:38:22 #12 store] 
Database 'C:\Users\Phijak\Desktop\Cinema Database\db\CinemaDB.odb' is closed by 8264@GIGABYTE-PC

------------------------------------------------------------------------------------------------------------------------

[2018-11-13 23:42:04 #1 store] 
Database 'C:\Users\Phijak\Desktop\Cinema Database\db\CinemaDB.odb' is opened by 10048@GIGABYTE-PC

[2018-11-13 23:42:04 #2 store] 
Configuration path: C:\Users\Phijak\Desktop\Cinema Database\objectdb\objectdb.conf

[2018-11-13 23:42:04 #3 type] 
Type cinema.database.User is not enhanced.

[2018-11-13 23:42:04 #4 type] 
Type cinema.database.Promotion is not enhanced.

[2018-11-13 23:42:04 #5 store] 
Database 'C:\Users\Phijak\Desktop\Cinema Database\db\CinemaDB.odb' is closed by 10048@GIGABYTE-PC

------------------------------------------------------------------------------------------------------------------------

[2018-11-13 23:44:15 #1 store] 
Database 'C:\Users\Phijak\Desktop\Cinema Database\db\CinemaDB.odb' is opened by 17020@GIGABYTE-PC

[2018-11-13 23:44:15 #2 store] 
Configuration path: C:\Users\Phijak\Desktop\Cinema Database\objectdb\objectdb.conf

[2018-11-13 23:44:15 #3 type] 
Type cinema.database.User is not enhanced.

[2018-11-13 23:44:15 #4 type] 
Type cinema.database.Promotion is not enhanced.

[2018-11-13 23:44:15 #5 store] 
Database 'C:\Users\Phijak\Desktop\Cinema Database\db\CinemaDB.odb' is closed by 17020@GIGABYTE-PC

------------------------------------------------------------------------------------------------------------------------

[2018-11-13 23:44:26 #1 store] 
Database 'C:\Users\Phijak\Desktop\Cinema Database\objectdb\db\CinemaDB.odb' is opened by 9856@GIGABYTE-PC

[2018-11-13 23:44:26 #2 store] 
Configuration path: C:\Users\Phijak\Desktop\Cinema Database\objectdb\objectdb.conf

[2018-11-13 23:44:26 #3 type] 
Type cinema.database.User is not enhanced.

[2018-11-13 23:44:26 #4 type] 
Type cinema.database.Promotion is not enhanced.

[2018-11-13 23:44:26 #5 type] 
Type cinema.database.Movie is not enhanced.

[2018-11-13 23:44:26 #6 store] 
Database 'C:\Users\Phijak\Desktop\Cinema Database\objectdb\db\CinemaDB.odb' is closed by 9856@GIGABYTE-PC

[2018-11-13 23:44:26 #7 store] 
Database 'C:\Users\Phijak\Desktop\Cinema Database\db\CinemaDB.odb' is opened by 9856@GIGABYTE-PC

[2018-11-13 23:44:26 #8 store] 
Configuration path: C:\Users\Phijak\Desktop\Cinema Database\objectdb\objectdb.conf

[2018-11-13 23:44:26 #9 store] 
Database 'C:\Users\Phijak\Desktop\Cinema Database\db\CinemaDB.odb' is closed by 9856@GIGABYTE-PC

------------------------------------------------------------------------------------------------------------------------

[2018-11-13 23:44:27 #1 store] 
Database 'C:\Users\Phijak\Desktop\Cinema Database\objectdb\db\CinemaDB.odb' is opened by 6616@GIGABYTE-PC

[2018-11-13 23:44:27 #2 store] 
Configuration path: C:\Users\Phijak\Desktop\Cinema Database\objectdb\objectdb.conf

[2018-11-13 23:44:27 #3 type] 
Type cinema.database.User is not enhanced.

[2018-11-13 23:44:27 #4 type] 
Type cinema.database.Promotion is not enhanced.

[2018-11-13 23:44:27 #5 type] 
Type cinema.database.Movie is not enhanced.

[2018-11-13 23:44:27 #6 store] 
Database 'C:\Users\Phijak\Desktop\Cinema Database\objectdb\db\CinemaDB.odb' is closed by 6616@GIGABYTE-PC

[2018-11-13 23:44:27 #7 store] 
Database 'C:\Users\Phijak\Desktop\Cinema Database\db\CinemaDB.odb' is opened by 6616@GIGABYTE-PC

[2018-11-13 23:44:27 #8 store] 
Configuration path: C:\Users\Phijak\Desktop\Cinema Database\objectdb\objectdb.conf

[2018-11-13 23:44:27 #9 store] 
Database 'C:\Users\Phijak\Desktop\Cinema Database\db\CinemaDB.odb' is closed by 6616@GIGABYTE-PC

------------------------------------------------------------------------------------------------------------------------

[2018-11-13 23:45:21 #1 store] 
Database 'C:\Users\Phijak\Desktop\Cinema Database\objectdb\db\CinemaDB.odb' is opened by 13584@GIGABYTE-PC

[2018-11-13 23:45:21 #2 store] 
Configuration path: C:\Users\Phijak\Desktop\Cinema Database\objectdb\objectdb.conf

[2018-11-13 23:45:21 #3 type] 
Type cinema.database.User is not enhanced.

[2018-11-13 23:45:21 #4 type] 
Type cinema.database.Promotion is not enhanced.

[2018-11-13 23:45:21 #5 type] 
Type cinema.database.Movie is not enhanced.

[2018-11-13 23:45:21 #6 store] 
Database 'C:\Users\Phijak\Desktop\Cinema Database\objectdb\db\CinemaDB.odb' is closed by 13584@GIGABYTE-PC

------------------------------------------------------------------------------------------------------------------------

[2018-11-13 23:45:55 #1 store] 
Database 'C:\Users\Phijak\Desktop\Cinema Database\db\CinemaDB.odb' is opened by 15580@GIGABYTE-PC

[2018-11-13 23:45:55 #2 store] 
Configuration path: C:\Users\Phijak\Desktop\Cinema Database\objectdb\objectdb.conf

[2018-11-13 23:45:55 #3 type.registry] 
New type cinema.database.User

[2018-11-13 23:45:55 #4 type] 
Type cinema.database.User is not enhanced.

[2018-11-13 23:45:55 #5 type.registry] 
New type cinema.database.Promotion

[2018-11-13 23:45:55 #6 type] 
Type cinema.database.Promotion is not enhanced.

[2018-11-13 23:45:55 #7 type.registry] 
New type java.util.ArrayList<java.lang.Object>

[2018-11-13 23:45:55 #8 type.registry] 
New type java.util.ArrayList<cinema.database.Promotion>

[2018-11-13 23:45:55 #9 store] 
Database 'C:\Users\Phijak\Desktop\Cinema Database\db\CinemaDB.odb' is closed by 15580@GIGABYTE-PC

------------------------------------------------------------------------------------------------------------------------

[2018-11-13 23:46:55 #1 store] 
Database 'C:\Users\Phijak\Desktop\Cinema Database\db\CinemaDB.odb' is opened by 13828@GIGABYTE-PC

[2018-11-13 23:46:55 #2 store] 
Configuration path: C:\Users\Phijak\Desktop\Cinema Database\objectdb\objectdb.conf

[2018-11-13 23:46:55 #3 type.registry] 
New type cinema.database.User

[2018-11-13 23:46:55 #4 type] 
Type cinema.database.User is not enhanced.

[2018-11-13 23:46:55 #5 type.registry] 
New type cinema.database.Promotion

[2018-11-13 23:46:55 #6 type] 
Type cinema.database.Promotion is not enhanced.

[2018-11-13 23:46:55 #7 type.registry] 
New type java.util.ArrayList<java.lang.Object>

[2018-11-13 23:46:55 #8 type.registry] 
New type java.util.ArrayList<cinema.database.Promotion>

[2018-11-13 23:46:55 #9 store] 
Database 'C:\Users\Phijak\Desktop\Cinema Database\db\CinemaDB.odb' is closed by 13828@GIGABYTE-PC

------------------------------------------------------------------------------------------------------------------------

[2018-11-13 23:47:29 #1 store] 
Database 'C:\Users\Phijak\Desktop\Cinema Database\db\CinemaDB.odb' is opened by 5680@GIGABYTE-PC

[2018-11-13 23:47:29 #2 store] 
Configuration path: C:\Users\Phijak\Desktop\Cinema Database\objectdb\objectdb.conf

[2018-11-13 23:47:29 #3 type] 
Type cinema.database.User is not enhanced.

[2018-11-13 23:47:29 #4 type] 
Type cinema.database.Promotion is not enhanced.

[2018-11-13 23:47:29 #5 store] 
Database 'C:\Users\Phijak\Desktop\Cinema Database\db\CinemaDB.odb' is closed by 5680@GIGABYTE-PC

------------------------------------------------------------------------------------------------------------------------

[2018-11-13 23:47:56 #1 store] 
Database 'C:\Users\Phijak\Desktop\Cinema Database\db\CinemaDB.odb' is opened by 7916@GIGABYTE-PC

[2018-11-13 23:47:56 #2 store] 
Configuration path: C:\Users\Phijak\Desktop\Cinema Database\objectdb\objectdb.conf

[2018-11-13 23:47:56 #3 type] 
Type cinema.database.User is not enhanced.

[2018-11-13 23:47:56 #4 type] 
Type cinema.database.Promotion is not enhanced.

[2018-11-13 23:47:56 #5 store] 
Database 'C:\Users\Phijak\Desktop\Cinema Database\db\CinemaDB.odb' is closed by 7916@GIGABYTE-PC

------------------------------------------------------------------------------------------------------------------------

[2018-11-13 23:48:31 #1 store] 
Database 'C:\Users\Phijak\Desktop\Cinema Database\db\CinemaDB.odb' is opened by 4596@GIGABYTE-PC

[2018-11-13 23:48:31 #2 store] 
Configuration path: C:\Users\Phijak\Desktop\Cinema Database\objectdb\objectdb.conf

[2018-11-13 23:48:31 #3 type] 
Type cinema.database.User is not enhanced.

[2018-11-13 23:48:31 #4 type] 
Type cinema.database.Promotion is not enhanced.

[2018-11-13 23:48:31 #5 store] 
Database 'C:\Users\Phijak\Desktop\Cinema Database\db\CinemaDB.odb' is closed by 4596@GIGABYTE-PC

[2018-11-13 23:48:31 #6 store] 
Database 'C:\Users\Phijak\Desktop\Cinema Database\db\CinemaDB.odb' is opened by 4596@GIGABYTE-PC

[2018-11-13 23:48:31 #7 store] 
Configuration path: C:\Users\Phijak\Desktop\Cinema Database\objectdb\objectdb.conf

[2018-11-13 23:48:31 #8 store] 
Database 'C:\Users\Phijak\Desktop\Cinema Database\db\CinemaDB.odb' is closed by 4596@GIGABYTE-PC

[2018-11-13 23:48:31 #9 store] 
Database 'C:\Users\Phijak\Desktop\Cinema Database\db\CinemaDB.odb' is opened by 4596@GIGABYTE-PC

[2018-11-13 23:48:31 #10 store] 
Configuration path: C:\Users\Phijak\Desktop\Cinema Database\objectdb\objectdb.conf

[2018-11-13 23:48:31 #11 store] 
Database 'C:\Users\Phijak\Desktop\Cinema Database\db\CinemaDB.odb' is closed by 4596@GIGABYTE-PC

[2018-11-13 23:48:31 #12 store] 
Database 'C:\Users\Phijak\Desktop\Cinema Database\db\CinemaDB.odb' is opened by 4596@GIGABYTE-PC

[2018-11-13 23:48:31 #13 store] 
Configuration path: C:\Users\Phijak\Desktop\Cinema Database\objectdb\objectdb.conf

[2018-11-13 23:48:31 #14 store] 
Database 'C:\Users\Phijak\Desktop\Cinema Database\db\CinemaDB.odb' is closed by 4596@GIGABYTE-PC

------------------------------------------------------------------------------------------------------------------------

[2018-11-13 23:49:01 #1 store] 
Database 'C:\Users\Phijak\Desktop\Cinema Database\db\CinemaDB.odb' is opened by 15548@GIGABYTE-PC

[2018-11-13 23:49:01 #2 store] 
Configuration path: C:\Users\Phijak\Desktop\Cinema Database\objectdb\objectdb.conf

[2018-11-13 23:49:01 #3 type] 
Type cinema.database.User is not enhanced.

[2018-11-13 23:49:01 #4 type] 
Type cinema.database.Promotion is not enhanced.

[2018-11-13 23:49:01 #5 store] 
Database 'C:\Users\Phijak\Desktop\Cinema Database\db\CinemaDB.odb' is closed by 15548@GIGABYTE-PC

------------------------------------------------------------------------------------------------------------------------

[2018-11-13 23:49:08 #1 store] 
Database 'C:\Users\Phijak\Desktop\Cinema Database\db\CinemaDB.odb' is opened by 3520@GIGABYTE-PC

[2018-11-13 23:49:08 #2 store] 
Configuration path: C:\Users\Phijak\Desktop\Cinema Database\objectdb\objectdb.conf

[2018-11-13 23:49:08 #3 type] 
Type cinema.database.User is not enhanced.

[2018-11-13 23:49:08 #4 type] 
Type cinema.database.Promotion is not enhanced.

[2018-11-13 23:49:08 #5 store] 
Database 'C:\Users\Phijak\Desktop\Cinema Database\db\CinemaDB.odb' is closed by 3520@GIGABYTE-PC

------------------------------------------------------------------------------------------------------------------------

[2018-11-13 23:49:51 #1 store] 
Database 'C:\Users\Phijak\Desktop\Cinema Database\db\CinemaDB.odb' is opened by 16244@GIGABYTE-PC

[2018-11-13 23:49:51 #2 store] 
Configuration path: C:\Users\Phijak\Desktop\Cinema Database\objectdb\objectdb.conf

[2018-11-13 23:49:51 #3 type] 
Type cinema.database.User is not enhanced.

[2018-11-13 23:49:51 #4 type] 
Type cinema.database.Promotion is not enhanced.

[2018-11-13 23:49:51 #5 store] 
Database 'C:\Users\Phijak\Desktop\Cinema Database\db\CinemaDB.odb' is closed by 16244@GIGABYTE-PC

------------------------------------------------------------------------------------------------------------------------

[2018-11-13 23:50:34 #1 store] 
Database 'C:\Users\Phijak\Desktop\Cinema Database\db\CinemaDB.odb' is opened by 7324@GIGABYTE-PC

[2018-11-13 23:50:34 #2 store] 
Configuration path: C:\Users\Phijak\Desktop\Cinema Database\objectdb\objectdb.conf

[2018-11-13 23:50:34 #3 type] 
Type cinema.database.User is not enhanced.

[2018-11-13 23:50:34 #4 type] 
Type cinema.database.Promotion is not enhanced.

[2018-11-13 23:50:34 #5 store] 
Database 'C:\Users\Phijak\Desktop\Cinema Database\db\CinemaDB.odb' is closed by 7324@GIGABYTE-PC

------------------------------------------------------------------------------------------------------------------------

[2018-11-13 23:51:01 #1 store] 
Database 'C:\Users\Phijak\Desktop\Cinema Database\db\CinemaDB.odb' is opened by 8000@GIGABYTE-PC

[2018-11-13 23:51:01 #2 store] 
Configuration path: C:\Users\Phijak\Desktop\Cinema Database\objectdb\objectdb.conf

[2018-11-13 23:51:01 #3 type] 
Type cinema.database.User is not enhanced.

[2018-11-13 23:51:01 #4 type] 
Type cinema.database.Promotion is not enhanced.

[2018-11-13 23:51:01 #5 store] 
Database 'C:\Users\Phijak\Desktop\Cinema Database\db\CinemaDB.odb' is closed by 8000@GIGABYTE-PC

------------------------------------------------------------------------------------------------------------------------

[2018-11-13 23:51:27 #1 store] 
Database 'C:\Users\Phijak\Desktop\Cinema Database\db\CinemaDB.odb' is opened by 12316@GIGABYTE-PC

[2018-11-13 23:51:27 #2 store] 
Configuration path: C:\Users\Phijak\Desktop\Cinema Database\objectdb\objectdb.conf

[2018-11-13 23:51:27 #3 type] 
Type cinema.database.User is not enhanced.

[2018-11-13 23:51:27 #4 type] 
Type cinema.database.Promotion is not enhanced.

[2018-11-13 23:51:27 #5 store] 
Database 'C:\Users\Phijak\Desktop\Cinema Database\db\CinemaDB.odb' is closed by 12316@GIGABYTE-PC

------------------------------------------------------------------------------------------------------------------------

[2018-11-13 23:51:33 #1 store] 
Database 'C:\Users\Phijak\Desktop\Cinema Database\db\CinemaDB.odb' is opened by 9712@GIGABYTE-PC

[2018-11-13 23:51:33 #2 store] 
Configuration path: C:\Users\Phijak\Desktop\Cinema Database\objectdb\objectdb.conf

[2018-11-13 23:51:33 #3 type] 
Type cinema.database.User is not enhanced.

[2018-11-13 23:51:33 #4 type] 
Type cinema.database.Promotion is not enhanced.

[2018-11-13 23:51:33 #5 store] 
Database 'C:\Users\Phijak\Desktop\Cinema Database\db\CinemaDB.odb' is closed by 9712@GIGABYTE-PC

------------------------------------------------------------------------------------------------------------------------

[2018-11-13 23:51:42 #1 store] 
Database 'C:\Users\Phijak\Desktop\Cinema Database\db\CinemaDB.odb' is opened by 5324@GIGABYTE-PC

[2018-11-13 23:51:42 #2 store] 
Configuration path: C:\Users\Phijak\Desktop\Cinema Database\objectdb\objectdb.conf

[2018-11-13 23:51:42 #3 type] 
Type cinema.database.User is not enhanced.

[2018-11-13 23:51:42 #4 type] 
Type cinema.database.Promotion is not enhanced.

[2018-11-13 23:51:42 #5 store] 
Database 'C:\Users\Phijak\Desktop\Cinema Database\db\CinemaDB.odb' is closed by 5324@GIGABYTE-PC

------------------------------------------------------------------------------------------------------------------------

[2018-11-13 23:53:22 #1 store] 
Database 'C:\Users\Phijak\Desktop\Cinema Database\db\CinemaDB.odb' is opened by 5028@GIGABYTE-PC

[2018-11-13 23:53:22 #2 store] 
Configuration path: C:\Users\Phijak\Desktop\Cinema Database\objectdb\objectdb.conf

[2018-11-13 23:53:22 #3 type] 
Type cinema.database.User is not enhanced.

[2018-11-13 23:53:22 #4 type] 
Type cinema.database.Promotion is not enhanced.

[2018-11-13 23:53:22 #5 store] 
Database 'C:\Users\Phijak\Desktop\Cinema Database\db\CinemaDB.odb' is closed by 5028@GIGABYTE-PC

------------------------------------------------------------------------------------------------------------------------

[2018-11-13 23:53:36 #1 store] 
Database 'C:\Users\Phijak\Desktop\Cinema Database\db\CinemaDB.odb' is opened by 5112@GIGABYTE-PC

[2018-11-13 23:53:36 #2 store] 
Configuration path: C:\Users\Phijak\Desktop\Cinema Database\objectdb\objectdb.conf

[2018-11-13 23:53:36 #3 type] 
Type cinema.database.User is not enhanced.

[2018-11-13 23:53:36 #4 type] 
Type cinema.database.Promotion is not enhanced.

[2018-11-13 23:53:36 #5 store] 
Database 'C:\Users\Phijak\Desktop\Cinema Database\db\CinemaDB.odb' is closed by 5112@GIGABYTE-PC

------------------------------------------------------------------------------------------------------------------------

[2018-11-13 23:59:47 #1 store] 
Database 'C:\Users\Phijak\Desktop\Cinema Database\db\CinemaDB.odb' is opened by 13140@GIGABYTE-PC

[2018-11-13 23:59:47 #2 store] 
Configuration path: C:\Users\Phijak\Desktop\Cinema Database\objectdb\objectdb.conf

[2018-11-13 23:59:48 #3 type] 
Type cinema.database.User is not enhanced.

[2018-11-13 23:59:48 #4 type] 
Type cinema.database.Promotion is not enhanced.

[2018-11-13 23:59:48 #5 store] 
Database 'C:\Users\Phijak\Desktop\Cinema Database\db\CinemaDB.odb' is closed by 13140@GIGABYTE-PC

