------------------------------------------------------------------------------------------------------------------------

[2018-11-15 04:50:25 #1 store] 
Database 'C:\Users\Phijak\Desktop\KMITL Cinema\dist\run852385668\db\CinemaODB.odb' is opened by 11408@GIGABYTE-PC

[2018-11-15 04:50:25 #2 store] 
Configuration path: C:\Users\Phijak\Desktop\KMITL Cinema\objectdb\objectdb.conf

[2018-11-15 04:50:27 #3 store] 
Database 'C:\Users\Phijak\Desktop\KMITL Cinema\dist\run852385668\db\CinemaODB.odb' is closed by 11408@GIGABYTE-PC

------------------------------------------------------------------------------------------------------------------------

[2018-11-15 05:19:17 #1 store] 
Database 'C:\Users\Phijak\Desktop\KMITL Cinema\db\CinemaODB.odb' is opened by 14588@GIGABYTE-PC

[2018-11-15 05:19:17 #2 store] 
Configuration path: C:\Users\Phijak\Desktop\KMITL Cinema\objectdb\objectdb.conf

[2018-11-15 05:20:59 #3 store] 
Database 'C:\Users\Phijak\Desktop\KMITL Cinema\db\CinemaODB.odb' is closed by 14588@GIGABYTE-PC

------------------------------------------------------------------------------------------------------------------------

[2018-11-15 05:21:12 #1 store] 
Database 'C:\Users\Phijak\Desktop\KMITL Cinema\db\CinemaODB.odb' is opened by 14436@GIGABYTE-PC

[2018-11-15 05:21:12 #2 store] 
Configuration path: C:\Users\Phijak\Desktop\KMITL Cinema\objectdb\objectdb.conf

[2018-11-15 05:21:16 #3 store] 
Database 'C:\Users\Phijak\Desktop\KMITL Cinema\db\CinemaODB.odb' is closed by 14436@GIGABYTE-PC

------------------------------------------------------------------------------------------------------------------------

[2018-11-15 05:21:45 #1 store] 
Database 'C:\Users\Phijak\Desktop\KMITL Cinema\db\CinemaODB.odb' is opened by 18744@GIGABYTE-PC

[2018-11-15 05:21:45 #2 store] 
Configuration path: C:\Users\Phijak\Desktop\KMITL Cinema\objectdb\objectdb.conf

[2018-11-15 05:21:55 #3 type.registry] 
New type com.objectdb.o.LMT

[2018-11-15 05:21:55 #4 type.registry] 
New type com.objectdb.o.VAL

[2018-11-15 05:21:55 #5 type.registry] 
New type com.objectdb.o.RFV

------------------------------------------------------------------------------------------------------------------------

[2018-11-15 05:27:03 #1 explorer] 
[ObjectDB 2.7.6] javax.persistence.PersistenceException
Attempt to open a database file 'C:\Users\Phijak\Desktop\KMITL Cinema\db\CinemaODB.odb' that is currently in use by another process (error 141)
	at com.objectdb.Explorer$1.run(Explorer.java:57)
	at java.awt.event.InvocationEvent.dispatch(Unknown Source)
	at java.awt.EventQueue.dispatchEventImpl(Unknown Source)
	at java.awt.EventQueue.access$500(Unknown Source)
	at java.awt.EventQueue$3.run(Unknown Source)
	at java.awt.EventQueue$3.run(Unknown Source)
	at java.security.AccessController.doPrivileged(Native Method)
	at java.security.ProtectionDomain$JavaSecurityAccessImpl.doIntersectionPrivilege(Unknown Source)
	at java.awt.EventQueue.dispatchEvent(Unknown Source)
	at java.awt.EventDispatchThread.pumpOneEventForFilters(Unknown Source)
	at java.awt.EventDispatchThread.pumpEventsForFilter(Unknown Source)
	at java.awt.EventDispatchThread.pumpEventsForHierarchy(Unknown Source)
	at java.awt.EventDispatchThread.pumpEvents(Unknown Source)
	at java.awt.EventDispatchThread.pumpEvents(Unknown Source)
	at java.awt.EventDispatchThread.run(Unknown Source)
Caused by: com.objectdb.o.UserException: Attempt to open a database file 'C:\Users\Phijak\Desktop\KMITL Cinema\db\CinemaODB.odb' that is currently in use by another process
	at com.objectdb.o.MSG.a(MSG.java:64)
	at com.objectdb.o.LFL.J(LFL.java:930)
	at com.objectdb.o.LFL.x(LFL.java:887)
	at com.objectdb.o.LFL.x(LFL.java:797)
	at com.objectdb.o.DFL.<init>(DFL.java:241)
	at com.objectdb.o.DMG.<init>(DMG.java:27)
	at com.objectdb.o.MST.<init>(MST.java:127)
	at com.objectdb.o.MST.ao(MST.java:109)
	at com.objectdb.o.MSF.Z0(MSF.java:190)
	at com.objectdb.o.OMF.r(OMF.java:783)
	at com.objectdb.jpa.EMF.r(EMF.java:130)
	at com.objectdb.o.OMF.w(OMF.java:694)
	at com.objectdb.jpa.EMF.createEntityManager(EMF.java:149)
	... 17 more

[2018-11-15 05:27:06 #6 store] 
Database 'C:\Users\Phijak\Desktop\KMITL Cinema\db\CinemaODB.odb' is closed by 18744@GIGABYTE-PC

------------------------------------------------------------------------------------------------------------------------

[2018-11-15 05:34:05 #1 store] 
Database 'C:\Users\Phijak\Desktop\KMITL Cinema\db\CinemaODB.odb' is opened by 1080@GIGABYTE-PC

[2018-11-15 05:34:05 #2 store] 
Configuration path: C:\Users\Phijak\Desktop\KMITL Cinema\objectdb\objectdb.conf

[2018-11-15 05:35:01 #3 store] 
Database 'C:\Users\Phijak\Desktop\KMITL Cinema\db\CinemaODB.odb' is closed by 1080@GIGABYTE-PC

------------------------------------------------------------------------------------------------------------------------

[2018-11-15 06:45:02 #1 store] 
Database 'C:\Users\Phijak\Desktop\KMITL Cinema\db\CinemaODB.odb' is opened by 3432@GIGABYTE-PC

[2018-11-15 06:45:02 #2 store] 
Configuration path: C:\Users\Phijak\Desktop\KMITL Cinema\objectdb\objectdb.conf

[2018-11-15 06:45:11 #3 store] 
Database 'C:\Users\Phijak\Desktop\KMITL Cinema\db\CinemaODB.odb' is closed by 3432@GIGABYTE-PC

------------------------------------------------------------------------------------------------------------------------

[2018-11-15 06:51:05 #1 store] 
Database 'C:\Users\Phijak\Desktop\KMITL Cinema\db\CinemaODB.odb' is opened by 17788@GIGABYTE-PC

[2018-11-15 06:51:05 #2 store] 
Configuration path: C:\Users\Phijak\Desktop\KMITL Cinema\objectdb\objectdb.conf

[2018-11-15 06:51:29 #3 store] 
Database 'C:\Users\Phijak\Desktop\KMITL Cinema\db\CinemaODB.odb' is closed by 17788@GIGABYTE-PC

------------------------------------------------------------------------------------------------------------------------

[2018-11-15 06:53:14 #1 store] 
Database 'C:\Users\Phijak\Desktop\KMITL Cinema\db\CinemaODB.odb' is opened by 12596@GIGABYTE-PC

[2018-11-15 06:53:14 #2 store] 
Configuration path: C:\Users\Phijak\Desktop\KMITL Cinema\objectdb\objectdb.conf

[2018-11-15 06:53:23 #3 store] 
Database 'C:\Users\Phijak\Desktop\KMITL Cinema\db\CinemaODB.odb' is closed by 12596@GIGABYTE-PC

------------------------------------------------------------------------------------------------------------------------

[2018-11-15 06:54:09 #1 store] 
Database 'C:\Users\Phijak\Desktop\KMITL Cinema\db\CinemaODB.odb' is opened by 8396@GIGABYTE-PC

[2018-11-15 06:54:09 #2 store] 
Configuration path: C:\Users\Phijak\Desktop\KMITL Cinema\objectdb\objectdb.conf

[2018-11-15 06:54:26 #3 store] 
Database 'C:\Users\Phijak\Desktop\KMITL Cinema\db\CinemaODB.odb' is closed by 8396@GIGABYTE-PC

------------------------------------------------------------------------------------------------------------------------

[2018-11-15 06:58:05 #1 store] 
Database 'C:\Users\Phijak\Desktop\KMITL Cinema\db\CinemaODB.odb' is opened by 15840@GIGABYTE-PC

[2018-11-15 06:58:05 #2 store] 
Configuration path: C:\Users\Phijak\Desktop\KMITL Cinema\objectdb\objectdb.conf

[2018-11-15 06:58:20 #3 store] 
Database 'C:\Users\Phijak\Desktop\KMITL Cinema\db\CinemaODB.odb' is closed by 15840@GIGABYTE-PC

------------------------------------------------------------------------------------------------------------------------

[2018-11-15 06:59:22 #1 store] 
Database 'C:\Users\Phijak\Desktop\KMITL Cinema\db\CinemaODB.odb' is opened by 18900@GIGABYTE-PC

[2018-11-15 06:59:22 #2 store] 
Configuration path: C:\Users\Phijak\Desktop\KMITL Cinema\objectdb\objectdb.conf

[2018-11-15 06:59:39 #3 store] 
Database 'C:\Users\Phijak\Desktop\KMITL Cinema\db\CinemaODB.odb' is closed by 18900@GIGABYTE-PC

------------------------------------------------------------------------------------------------------------------------

[2018-11-15 07:01:13 #1 store] 
Database 'C:\Users\Phijak\Desktop\KMITL Cinema\db\CinemaODB.odb' is opened by 9460@GIGABYTE-PC

[2018-11-15 07:01:13 #2 store] 
Configuration path: C:\Users\Phijak\Desktop\KMITL Cinema\objectdb\objectdb.conf

[2018-11-15 07:01:35 #3 store] 
Database 'C:\Users\Phijak\Desktop\KMITL Cinema\db\CinemaODB.odb' is closed by 9460@GIGABYTE-PC

------------------------------------------------------------------------------------------------------------------------

[2018-11-15 07:08:55 #1 store] 
Database 'C:\Users\Phijak\Desktop\KMITL Cinema\db\CinemaODB.odb' is opened by 9408@GIGABYTE-PC

[2018-11-15 07:08:55 #2 store] 
Configuration path: C:\Users\Phijak\Desktop\KMITL Cinema\objectdb\objectdb.conf

[2018-11-15 07:09:08 #3 store] 
Database 'C:\Users\Phijak\Desktop\KMITL Cinema\db\CinemaODB.odb' is closed by 9408@GIGABYTE-PC

------------------------------------------------------------------------------------------------------------------------

[2018-11-15 07:29:29 #1 store] 
Database 'C:\Users\Phijak\Desktop\KMITL Cinema\db\CinemaODB.odb' is opened by 8796@GIGABYTE-PC

[2018-11-15 07:29:29 #2 store] 
Configuration path: C:\Users\Phijak\Desktop\KMITL Cinema\objectdb\objectdb.conf

[2018-11-15 07:30:07 #3 store] 
Database 'C:\Users\Phijak\Desktop\KMITL Cinema\db\CinemaODB.odb' is closed by 8796@GIGABYTE-PC

------------------------------------------------------------------------------------------------------------------------

[2018-11-15 20:28:50 #1 store] 
Database 'C:\Users\pisit\Desktop\James Updates 2\Update again\KMITL Cinema\db\CinemaODB.odb' is opened by 3628@LAPTOP-5SVLSJC0

[2018-11-15 20:28:50 #2 store] 
Configuration path: C:\Users\pisit\Desktop\James Updates 2\Update again\KMITL Cinema\objectdb\objectdb.conf

[2018-11-15 20:30:38 #3 store] 
Database 'C:\Users\pisit\Desktop\James Updates 2\Update again\KMITL Cinema\db\CinemaODB.odb' is closed by 3628@LAPTOP-5SVLSJC0

------------------------------------------------------------------------------------------------------------------------

[2018-11-15 20:37:25 #1 store] 
Database 'C:\Users\pisit\Desktop\James Updates 2\Update again\KMITL Cinema\db\CinemaODB.odb' is opened by 9532@LAPTOP-5SVLSJC0

[2018-11-15 20:37:25 #2 store] 
Configuration path: C:\Users\pisit\Desktop\James Updates 2\Update again\KMITL Cinema\objectdb\objectdb.conf

[2018-11-15 20:37:38 #3 store] 
Database 'C:\Users\pisit\Desktop\James Updates 2\Update again\KMITL Cinema\db\CinemaODB.odb' is closed by 9532@LAPTOP-5SVLSJC0

