------------------------------------------------------------------------------------------------------------------------

[2018-11-17 02:12:06 #1 store] 
Database 'C:\Users\Phijak\Desktop\KMITL-Cinema\db\CinemaODB.odb' is opened by 13392@GIGABYTE-PC

[2018-11-17 02:12:06 #2 store] 
Configuration path: C:\Users\Phijak\Desktop\KMITL-Cinema\objectdb\objectdb.conf

[2018-11-17 02:12:13 #3 store] 
Database 'C:\Users\Phijak\Desktop\KMITL-Cinema\db\CinemaODB.odb' is closed by 13392@GIGABYTE-PC

------------------------------------------------------------------------------------------------------------------------

[2018-11-17 03:44:17 #1 store] 
Database 'C:\Users\Phijak\Desktop\KMITL-Cinema\db\CinemaODB.odb' is opened by 15740@GIGABYTE-PC

[2018-11-17 03:44:17 #2 store] 
Configuration path: C:\Users\Phijak\Desktop\KMITL-Cinema\objectdb\objectdb.conf

[2018-11-17 03:44:29 #3 store] 
Database 'C:\Users\Phijak\Desktop\KMITL-Cinema\db\CinemaODB.odb' is closed by 15740@GIGABYTE-PC

------------------------------------------------------------------------------------------------------------------------

[2018-11-17 06:56:13 #1 store] 
Database 'C:\Users\Phijak\Desktop\KMITL-Cinema\db\CinemaODB.odb' is opened by 9836@GIGABYTE-PC

[2018-11-17 06:56:13 #2 store] 
Configuration path: C:\Users\Phijak\Desktop\KMITL-Cinema\objectdb\objectdb.conf

[2018-11-17 06:56:16 #3 store] 
Database 'C:\Users\Phijak\Desktop\KMITL-Cinema\db\CinemaODB.odb' is closed by 9836@GIGABYTE-PC

------------------------------------------------------------------------------------------------------------------------

[2018-11-17 12:16:30 #1 store] 
Database 'C:\Users\Phijak\Desktop\KMITL-Cinema\db\CinemaODB.odb' is opened by 7800@GIGABYTE-PC

[2018-11-17 12:16:30 #2 store] 
Configuration path: C:\Users\Phijak\Desktop\KMITL-Cinema\objectdb\objectdb.conf

[2018-11-17 12:16:46 #3 store] 
Database 'C:\Users\Phijak\Desktop\KMITL-Cinema\db\CinemaODB.odb' is closed by 7800@GIGABYTE-PC

------------------------------------------------------------------------------------------------------------------------

[2018-11-17 14:21:55 #1 store] 
Database 'C:\Users\Phijak\Desktop\KMITL-Cinema\db\CinemaODB.odb' is opened by 6600@GIGABYTE-PC

[2018-11-17 14:21:55 #2 store] 
Configuration path: C:\Users\Phijak\Desktop\KMITL-Cinema\objectdb\objectdb.conf

[2018-11-17 14:22:14 #3 store] 
Database 'C:\Users\Phijak\Desktop\KMITL-Cinema\db\CinemaODB.odb' is closed by 6600@GIGABYTE-PC

------------------------------------------------------------------------------------------------------------------------

[2018-11-17 14:51:29 #1 store] 
Database 'C:\Users\Phijak\Desktop\KMITL-Cinema\db\CinemaODB.odb' is opened by 124@GIGABYTE-PC

[2018-11-17 14:51:29 #2 store] 
Configuration path: C:\Users\Phijak\Desktop\KMITL-Cinema\objectdb\objectdb.conf

[2018-11-17 14:51:43 #3 store] 
Database 'C:\Users\Phijak\Desktop\KMITL-Cinema\db\CinemaODB.odb' is closed by 124@GIGABYTE-PC

------------------------------------------------------------------------------------------------------------------------

[2018-11-17 15:30:27 #1 store] 
Database 'C:\Users\Phijak\Desktop\KMITL-Cinema\db\CinemaODB.odb' is opened by 8052@GIGABYTE-PC

[2018-11-17 15:30:27 #2 store] 
Configuration path: C:\Users\Phijak\Desktop\KMITL-Cinema\objectdb\objectdb.conf

[2018-11-17 15:31:52 #3 store] 
Database 'C:\Users\Phijak\Desktop\KMITL-Cinema\db\CinemaODB.odb' is closed by 8052@GIGABYTE-PC

------------------------------------------------------------------------------------------------------------------------

[2018-11-17 15:32:04 #1 store] 
Database 'C:\Users\Phijak\Desktop\KMITL-Cinema\db\CinemaODB.odb' is opened by 11424@GIGABYTE-PC

[2018-11-17 15:32:04 #2 store] 
Configuration path: C:\Users\Phijak\Desktop\KMITL-Cinema\objectdb\objectdb.conf

[2018-11-17 15:33:02 #3 store] 
Database 'C:\Users\Phijak\Desktop\KMITL-Cinema\db\CinemaODB.odb' is closed by 11424@GIGABYTE-PC

------------------------------------------------------------------------------------------------------------------------

[2018-11-17 15:35:24 #1 store] 
Database 'C:\Users\Phijak\Desktop\KMITL-Cinema\db\CinemaODB.odb' is opened by 9896@GIGABYTE-PC

[2018-11-17 15:35:24 #2 store] 
Configuration path: C:\Users\Phijak\Desktop\KMITL-Cinema\objectdb\objectdb.conf

[2018-11-17 15:35:48 #3 store] 
Database 'C:\Users\Phijak\Desktop\KMITL-Cinema\db\CinemaODB.odb' is closed by 9896@GIGABYTE-PC

