------------------------------------------------------------------------------------------------------------------------

[2018-11-18 00:03:57 #1 store] 
Database 'C:\Users\Phijak\Desktop\KMITL-Cinema\db\CinemaODB.odb' is opened by 12400@GIGABYTE-PC

[2018-11-18 00:03:57 #2 store] 
Configuration path: C:\Users\Phijak\Desktop\KMITL-Cinema\objectdb\objectdb.conf

[2018-11-18 00:05:03 #3 store] 
Database 'C:\Users\Phijak\Desktop\KMITL-Cinema\db\CinemaODB.odb' is closed by 12400@GIGABYTE-PC

------------------------------------------------------------------------------------------------------------------------

[2018-11-18 00:34:14 #1 store] 
Database 'C:\Users\Phijak\Desktop\KMITL-Cinema\db\CinemaODB.odb' is opened by 7600@GIGABYTE-PC

[2018-11-18 00:34:14 #2 store] 
Configuration path: C:\Users\Phijak\Desktop\KMITL-Cinema\objectdb\objectdb.conf

[2018-11-18 00:34:21 #3 store] 
Database 'C:\Users\Phijak\Desktop\KMITL-Cinema\db\CinemaODB.odb' is closed by 7600@GIGABYTE-PC

------------------------------------------------------------------------------------------------------------------------

[2018-11-18 00:35:40 #1 store] 
Database 'C:\Users\Phijak\Desktop\KMITL-Cinema\db\CinemaODB.odb' is opened by 1696@GIGABYTE-PC

[2018-11-18 00:35:40 #2 store] 
Configuration path: C:\Users\Phijak\Desktop\KMITL-Cinema\objectdb\objectdb.conf

[2018-11-18 00:36:24 #3 store] 
Database 'C:\Users\Phijak\Desktop\KMITL-Cinema\db\CinemaODB.odb' is closed by 1696@GIGABYTE-PC

------------------------------------------------------------------------------------------------------------------------

[2018-11-18 00:51:08 #1 store] 
Database 'C:\Users\Phijak\Desktop\KMITL-Cinema\db\CinemaODB.odb' is opened by 16028@GIGABYTE-PC

[2018-11-18 00:51:08 #2 store] 
Configuration path: C:\Users\Phijak\Desktop\KMITL-Cinema\objectdb\objectdb.conf

[2018-11-18 00:51:31 #3 store] 
Database 'C:\Users\Phijak\Desktop\KMITL-Cinema\db\CinemaODB.odb' is closed by 16028@GIGABYTE-PC

------------------------------------------------------------------------------------------------------------------------

[2018-11-18 00:51:35 #1 store] 
Database 'C:\Users\Phijak\Desktop\KMITL-Cinema\db\CinemaODB.odb' is opened by 7304@GIGABYTE-PC

[2018-11-18 00:51:35 #2 store] 
Configuration path: C:\Users\Phijak\Desktop\KMITL-Cinema\objectdb\objectdb.conf

[2018-11-18 00:51:57 #3 store] 
Database 'C:\Users\Phijak\Desktop\KMITL-Cinema\db\CinemaODB.odb' is closed by 7304@GIGABYTE-PC

------------------------------------------------------------------------------------------------------------------------

[2018-11-18 01:09:05 #1 store] 
Database 'C:\Users\Phijak\Desktop\KMITL-Cinema\db\CinemaODB.odb' is opened by 17116@GIGABYTE-PC

[2018-11-18 01:09:05 #2 store] 
Configuration path: C:\Users\Phijak\Desktop\KMITL-Cinema\objectdb\objectdb.conf

[2018-11-18 01:09:14 #3 store] 
Database 'C:\Users\Phijak\Desktop\KMITL-Cinema\db\CinemaODB.odb' is closed by 17116@GIGABYTE-PC

