------------------------------------------------------------------------------------------------------------------------

[2018-11-16 15:19:45 #1 store] 
Database 'C:\Users\Phijak\Desktop\KMITL-Cinema\db\CinemaODB.odb' is opened by 12012@DESKTOP-Q653M8N

[2018-11-16 15:19:45 #2 store] 
Configuration path: ?

[2018-11-16 15:19:45 #3 type] 
Type cinema.Movie is not enhanced.

[2018-11-16 15:19:45 #4 type] 
Type cinema.User is not enhanced.

[2018-11-16 15:19:45 #5 type] 
Type cinema.Promotion is not enhanced.

[2018-11-16 15:19:45 #6 type] 
Type cinema.Theatre is not enhanced.

[2018-11-16 15:19:45 #7 type] 
Type cinema.Showtime is not enhanced.

[2018-11-16 15:19:45 #8 type] 
Type cinema.Seat is not enhanced.

[2018-11-16 15:19:45 #9 type] 
Type cinema.PairedSeat is not enhanced.

[2018-11-16 15:19:45 #10 type] 
Type cinema.HoneymoonSeat is not enhanced.

[2018-11-16 15:19:45 #11 type] 
Type cinema.NormalSeat is not enhanced.

[2018-11-16 15:19:45 #12 store] 
Database 'C:\Users\Phijak\Desktop\KMITL-Cinema\db\CinemaODB.odb' is closed by 12012@DESKTOP-Q653M8N

[2018-11-16 15:19:45 #13 store] 
Database 'C:\Users\Phijak\Desktop\KMITL-Cinema\db\CinemaODB.odb' is opened by 12012@DESKTOP-Q653M8N

[2018-11-16 15:19:45 #14 store] 
Configuration path: ?

[2018-11-16 15:19:45 #15 store] 
Database 'C:\Users\Phijak\Desktop\KMITL-Cinema\db\CinemaODB.odb' is closed by 12012@DESKTOP-Q653M8N

[2018-11-16 15:19:45 #16 store] 
Database 'C:\Users\Phijak\Desktop\KMITL-Cinema\db\CinemaODB.odb' is opened by 12012@DESKTOP-Q653M8N

[2018-11-16 15:19:45 #17 store] 
Configuration path: ?

[2018-11-16 15:19:45 #18 store] 
Database 'C:\Users\Phijak\Desktop\KMITL-Cinema\db\CinemaODB.odb' is closed by 12012@DESKTOP-Q653M8N

[2018-11-16 15:19:45 #19 store] 
Database 'C:\Users\Phijak\Desktop\KMITL-Cinema\db\CinemaODB.odb' is opened by 12012@DESKTOP-Q653M8N

[2018-11-16 15:19:45 #20 store] 
Configuration path: ?

[2018-11-16 15:19:45 #21 store] 
Database 'C:\Users\Phijak\Desktop\KMITL-Cinema\db\CinemaODB.odb' is closed by 12012@DESKTOP-Q653M8N

[2018-11-16 15:19:45 #22 store] 
Database 'C:\Users\Phijak\Desktop\KMITL-Cinema\db\CinemaODB.odb' is opened by 12012@DESKTOP-Q653M8N

[2018-11-16 15:19:45 #23 store] 
Configuration path: ?

[2018-11-16 15:19:45 #24 store] 
Database 'C:\Users\Phijak\Desktop\KMITL-Cinema\db\CinemaODB.odb' is closed by 12012@DESKTOP-Q653M8N

[2018-11-16 15:19:45 #25 store] 
Database 'C:\Users\Phijak\Desktop\KMITL-Cinema\db\CinemaODB.odb' is opened by 12012@DESKTOP-Q653M8N

[2018-11-16 15:19:45 #26 store] 
Configuration path: ?

[2018-11-16 15:19:45 #27 store] 
Database 'C:\Users\Phijak\Desktop\KMITL-Cinema\db\CinemaODB.odb' is closed by 12012@DESKTOP-Q653M8N

[2018-11-16 15:19:45 #28 store] 
Database 'C:\Users\Phijak\Desktop\KMITL-Cinema\db\CinemaODB.odb' is opened by 12012@DESKTOP-Q653M8N

[2018-11-16 15:19:45 #29 store] 
Configuration path: ?

[2018-11-16 15:19:46 #30 store] 
Database 'C:\Users\Phijak\Desktop\KMITL-Cinema\db\CinemaODB.odb' is closed by 12012@DESKTOP-Q653M8N

[2018-11-16 15:19:46 #31 store] 
Database 'C:\Users\Phijak\Desktop\KMITL-Cinema\db\CinemaODB.odb' is opened by 12012@DESKTOP-Q653M8N

[2018-11-16 15:19:46 #32 store] 
Configuration path: ?

[2018-11-16 15:19:46 #33 store] 
Database 'C:\Users\Phijak\Desktop\KMITL-Cinema\db\CinemaODB.odb' is closed by 12012@DESKTOP-Q653M8N

[2018-11-16 15:19:46 #34 store] 
Database 'C:\Users\Phijak\Desktop\KMITL-Cinema\db\CinemaODB.odb' is opened by 12012@DESKTOP-Q653M8N

[2018-11-16 15:19:46 #35 store] 
Configuration path: ?

[2018-11-16 15:19:46 #36 store] 
Database 'C:\Users\Phijak\Desktop\KMITL-Cinema\db\CinemaODB.odb' is closed by 12012@DESKTOP-Q653M8N

[2018-11-16 15:20:04 #37 store] 
Database 'C:\Users\Phijak\Desktop\KMITL-Cinema\db\CinemaODB.odb' is opened by 12012@DESKTOP-Q653M8N

[2018-11-16 15:20:04 #38 store] 
Configuration path: ?

[2018-11-16 15:20:04 #39 store] 
Database 'C:\Users\Phijak\Desktop\KMITL-Cinema\db\CinemaODB.odb' is closed by 12012@DESKTOP-Q653M8N

[2018-11-16 15:20:04 #40 store] 
Database 'C:\Users\Phijak\Desktop\KMITL-Cinema\db\CinemaODB.odb' is opened by 12012@DESKTOP-Q653M8N

[2018-11-16 15:20:04 #41 store] 
Configuration path: ?

[2018-11-16 15:20:04 #42 store] 
Database 'C:\Users\Phijak\Desktop\KMITL-Cinema\db\CinemaODB.odb' is closed by 12012@DESKTOP-Q653M8N

[2018-11-16 15:20:04 #43 store] 
Database 'C:\Users\Phijak\Desktop\KMITL-Cinema\db\CinemaODB.odb' is opened by 12012@DESKTOP-Q653M8N

[2018-11-16 15:20:04 #44 store] 
Configuration path: ?

[2018-11-16 15:20:04 #45 store] 
Database 'C:\Users\Phijak\Desktop\KMITL-Cinema\db\CinemaODB.odb' is closed by 12012@DESKTOP-Q653M8N

[2018-11-16 15:20:04 #46 store] 
Database 'C:\Users\Phijak\Desktop\KMITL-Cinema\db\CinemaODB.odb' is opened by 12012@DESKTOP-Q653M8N

[2018-11-16 15:20:04 #47 store] 
Configuration path: ?

[2018-11-16 15:20:04 #48 store] 
Database 'C:\Users\Phijak\Desktop\KMITL-Cinema\db\CinemaODB.odb' is closed by 12012@DESKTOP-Q653M8N

