------------------------------------------------------------------------------------------------------------------------

[2018-11-17 14:57:33 #1 store] 
Database 'C:\Users\Phijak\Desktop\KMITL-Cinema\db\CinemaODB.odb' is opened by 11000@GIGABYTE-PC

[2018-11-17 14:57:33 #2 store] 
Configuration path: ?

[2018-11-17 14:57:33 #3 type] 
Type cinema.Movie is not enhanced.

[2018-11-17 14:57:33 #4 type] 
Type cinema.User is not enhanced.

[2018-11-17 14:57:33 #5 type] 
Type cinema.Promotion is not enhanced.

[2018-11-17 14:57:33 #6 type] 
Type cinema.Theatre is not enhanced.

[2018-11-17 14:57:33 #7 type] 
Type cinema.Showtime is not enhanced.

[2018-11-17 14:57:33 #8 type] 
Type cinema.Seat is not enhanced.

[2018-11-17 14:57:33 #9 type] 
Type cinema.PairedSeat is not enhanced.

[2018-11-17 14:57:33 #10 type] 
Type cinema.HoneymoonSeat is not enhanced.

[2018-11-17 14:57:33 #11 type] 
Type cinema.NormalSeat is not enhanced.

[2018-11-17 14:57:33 #12 type] 
Type cinema.Booking is not enhanced.

[2018-11-17 14:57:33 #13 store] 
Database 'C:\Users\Phijak\Desktop\KMITL-Cinema\db\CinemaODB.odb' is closed by 11000@GIGABYTE-PC

[2018-11-17 14:57:33 #14 store] 
Database 'C:\Users\Phijak\Desktop\KMITL-Cinema\db\CinemaODB.odb' is opened by 11000@GIGABYTE-PC

[2018-11-17 14:57:33 #15 store] 
Configuration path: ?

[2018-11-17 14:57:33 #16 store] 
Database 'C:\Users\Phijak\Desktop\KMITL-Cinema\db\CinemaODB.odb' is closed by 11000@GIGABYTE-PC

[2018-11-17 14:57:33 #17 store] 
Database 'C:\Users\Phijak\Desktop\KMITL-Cinema\db\CinemaODB.odb' is opened by 11000@GIGABYTE-PC

[2018-11-17 14:57:33 #18 store] 
Configuration path: ?

[2018-11-17 14:57:33 #19 store] 
Database 'C:\Users\Phijak\Desktop\KMITL-Cinema\db\CinemaODB.odb' is closed by 11000@GIGABYTE-PC

[2018-11-17 14:57:33 #20 store] 
Database 'C:\Users\Phijak\Desktop\KMITL-Cinema\db\CinemaODB.odb' is opened by 11000@GIGABYTE-PC

[2018-11-17 14:57:33 #21 store] 
Configuration path: ?

[2018-11-17 14:57:33 #22 store] 
Database 'C:\Users\Phijak\Desktop\KMITL-Cinema\db\CinemaODB.odb' is closed by 11000@GIGABYTE-PC

[2018-11-17 14:57:33 #23 store] 
Database 'C:\Users\Phijak\Desktop\KMITL-Cinema\db\CinemaODB.odb' is opened by 11000@GIGABYTE-PC

[2018-11-17 14:57:33 #24 store] 
Configuration path: ?

[2018-11-17 14:57:33 #25 store] 
Database 'C:\Users\Phijak\Desktop\KMITL-Cinema\db\CinemaODB.odb' is closed by 11000@GIGABYTE-PC

[2018-11-17 14:57:33 #26 store] 
Database 'C:\Users\Phijak\Desktop\KMITL-Cinema\db\CinemaODB.odb' is opened by 11000@GIGABYTE-PC

[2018-11-17 14:57:33 #27 store] 
Configuration path: ?

[2018-11-17 14:57:33 #28 store] 
Database 'C:\Users\Phijak\Desktop\KMITL-Cinema\db\CinemaODB.odb' is closed by 11000@GIGABYTE-PC

[2018-11-17 14:57:33 #29 store] 
Database 'C:\Users\Phijak\Desktop\KMITL-Cinema\db\CinemaODB.odb' is opened by 11000@GIGABYTE-PC

[2018-11-17 14:57:33 #30 store] 
Configuration path: ?

[2018-11-17 14:57:33 #31 store] 
Database 'C:\Users\Phijak\Desktop\KMITL-Cinema\db\CinemaODB.odb' is closed by 11000@GIGABYTE-PC

